Using pre-set license
Built from '2022.3/staging' branch; Version is '2022.3.16f1 (d2c21f0ef2f1) revision 13812255'; Using compiler version '192829333'; Build Type 'Release'
OS: 'Windows 10  (10.0.19045) 64bit Core' Language: 'en' Physical Memory: 16294 MB
BatchMode: 1, IsHumanControllingUs: 0, StartBugReporterOnCrash: 0, Is64bit: 1, IsPro: 1

COMMAND LINE ARGUMENTS:
C:\Program Files\Unity\Hub\Editor\2022.3.16f1\Editor\Unity.exe
-adb2
-batchMode
-noUpm
-name
AssetImportWorker2
-projectPath
C:/Users/zhush/Desktop/Vegetival
-logFile
Logs/AssetImportWorker2.log
-srvPort
62189
Successfully changed project path to: C:/Users/zhush/Desktop/Vegetival
C:/Users/zhush/Desktop/Vegetival
[UnityMemory] Configuration Parameters - Can be set up in boot.config
    "memorysetup-bucket-allocator-granularity=16"
    "memorysetup-bucket-allocator-bucket-count=8"
    "memorysetup-bucket-allocator-block-size=33554432"
    "memorysetup-bucket-allocator-block-count=8"
    "memorysetup-main-allocator-block-size=16777216"
    "memorysetup-thread-allocator-block-size=16777216"
    "memorysetup-gfx-main-allocator-block-size=16777216"
    "memorysetup-gfx-thread-allocator-block-size=16777216"
    "memorysetup-cache-allocator-block-size=4194304"
    "memorysetup-typetree-allocator-block-size=2097152"
    "memorysetup-profiler-bucket-allocator-granularity=16"
    "memorysetup-profiler-bucket-allocator-bucket-count=8"
    "memorysetup-profiler-bucket-allocator-block-size=33554432"
    "memorysetup-profiler-bucket-allocator-block-count=8"
    "memorysetup-profiler-allocator-block-size=16777216"
    "memorysetup-profiler-editor-allocator-block-size=1048576"
    "memorysetup-temp-allocator-size-main=16777216"
    "memorysetup-job-temp-allocator-block-size=2097152"
    "memorysetup-job-temp-allocator-block-size-background=1048576"
    "memorysetup-job-temp-allocator-reduction-small-platforms=262144"
    "memorysetup-allocator-temp-initial-block-size-main=262144"
    "memorysetup-allocator-temp-initial-block-size-worker=262144"
    "memorysetup-temp-allocator-size-background-worker=32768"
    "memorysetup-temp-allocator-size-job-worker=262144"
    "memorysetup-temp-allocator-size-preload-manager=33554432"
    "memorysetup-temp-allocator-size-nav-mesh-worker=65536"
    "memorysetup-temp-allocator-size-audio-worker=65536"
    "memorysetup-temp-allocator-size-cloud-worker=32768"
    "memorysetup-temp-allocator-size-gi-baking-worker=262144"
    "memorysetup-temp-allocator-size-gfx=262144"
Player connection [25440] Host "[IP] 10.0.0.132 [Port] 0 [Flags] 2 [Guid] 872442900 [EditorId] 872442900 [Version] 1048832 [Id] WindowsEditor(7,DESKTOP-O09VQUO) [Debug] 1 [PackageName] WindowsEditor [ProjectName] Editor" joined multi-casting on [225.0.0.222:54997]...

Player connection [25440] Host "[IP] 10.0.0.132 [Port] 0 [Flags] 2 [Guid] 872442900 [EditorId] 872442900 [Version] 1048832 [Id] WindowsEditor(7,DESKTOP-O09VQUO) [Debug] 1 [PackageName] WindowsEditor [ProjectName] Editor" joined alternative multi-casting on [225.0.0.222:34997]...

[Physics::Module] Initialized MultithreadedJobDispatcher with 7 workers.
Refreshing native plugins compatible for Editor in 2.45 ms, found 0 plugins.
Preloading 0 native plugins for Editor in 0.00 ms.
Initialize engine version: 2022.3.16f1 (d2c21f0ef2f1)
[Subsystems] Discovering subsystems at path C:/Program Files/Unity/Hub/Editor/2022.3.16f1/Editor/Data/Resources/UnitySubsystems
[Subsystems] Discovering subsystems at path C:/Users/zhush/Desktop/Vegetival/Assets
GfxDevice: creating device client; threaded=0; jobified=0
Direct3D:
    Version:  Direct3D 11.0 [level 11.1]
    Renderer: NVIDIA GeForce RTX 2070 SUPER (ID=0x1e84)
    Vendor:   NVIDIA
    VRAM:     8003 MB
    Driver:   31.0.15.3623
Initialize mono
Mono path[0] = 'C:/Program Files/Unity/Hub/Editor/2022.3.16f1/Editor/Data/Managed'
Mono path[1] = 'C:/Program Files/Unity/Hub/Editor/2022.3.16f1/Editor/Data/MonoBleedingEdge/lib/mono/unityjit-win32'
Mono config path = 'C:/Program Files/Unity/Hub/Editor/2022.3.16f1/Editor/Data/MonoBleedingEdge/etc'
Using monoOptions --debugger-agent=transport=dt_socket,embedding=1,server=y,suspend=n,address=127.0.0.1:56816
Begin MonoManager ReloadAssembly
Registering precompiled unity dll's ...
Register platform support module: C:/Program Files/Unity/Hub/Editor/2022.3.16f1/Editor/Data/PlaybackEngines/WebGLSupport/UnityEditor.WebGL.Extensions.dll
Register platform support module: C:/Program Files/Unity/Hub/Editor/2022.3.16f1/Editor/Data/PlaybackEngines/WindowsStandaloneSupport/UnityEditor.WindowsStandalone.Extensions.dll
Registered in 0.017365 seconds.
- Loaded All Assemblies, in  0.432 seconds
Native extension for WindowsStandalone target not found
Native extension for WebGL target not found
Mono: successfully reloaded assembly
- Finished resetting the current domain, in  0.282 seconds
Domain Reload Profiling: 710ms
	BeginReloadAssembly (156ms)
		ExecutionOrderSort (0ms)
		DisableScriptedObjects (0ms)
		BackupInstance (0ms)
		ReleaseScriptingObjects (0ms)
		CreateAndSetChildDomain (1ms)
	RebuildCommonClasses (40ms)
	RebuildNativeTypeToScriptingClass (11ms)
	initialDomainReloadingComplete (74ms)
	LoadAllAssembliesAndSetupDomain (148ms)
		LoadAssemblies (153ms)
		RebuildTransferFunctionScriptingTraits (0ms)
		AnalyzeDomain (145ms)
			TypeCache.Refresh (144ms)
				TypeCache.ScanAssembly (130ms)
			ScanForSourceGeneratedMonoScriptInfo (0ms)
			ResolveRequiredComponents (0ms)
	FinalizeReload (282ms)
		ReleaseScriptCaches (0ms)
		RebuildScriptCaches (0ms)
		SetupLoadedEditorAssemblies (224ms)
			LogAssemblyErrors (0ms)
			InitializePlatformSupportModulesInManaged (14ms)
			SetLoadedEditorAssemblies (6ms)
			RefreshPlugins (0ms)
			BeforeProcessingInitializeOnLoad (2ms)
			ProcessInitializeOnLoadAttributes (148ms)
			ProcessInitializeOnLoadMethodAttributes (53ms)
			AfterProcessingInitializeOnLoad (0ms)
			EditorAssembliesLoaded (0ms)
		ExecutionOrderSort2 (0ms)
		AwakeInstancesAfterBackupRestoration (0ms)
========================================================================
Worker process is ready to serve import requests
Begin MonoManager ReloadAssembly
- Loaded All Assemblies, in  0.424 seconds
Refreshing native plugins compatible for Editor in 0.95 ms, found 0 plugins.
Native extension for WindowsStandalone target not found
Native extension for WebGL target not found
Mono: successfully reloaded assembly
- Finished resetting the current domain, in  0.384 seconds
Domain Reload Profiling: 804ms
	BeginReloadAssembly (160ms)
		ExecutionOrderSort (0ms)
		DisableScriptedObjects (5ms)
		BackupInstance (0ms)
		ReleaseScriptingObjects (0ms)
		CreateAndSetChildDomain (19ms)
	RebuildCommonClasses (34ms)
	RebuildNativeTypeToScriptingClass (12ms)
	initialDomainReloadingComplete (45ms)
	LoadAllAssembliesAndSetupDomain (168ms)
		LoadAssemblies (235ms)
		RebuildTransferFunctionScriptingTraits (0ms)
		AnalyzeDomain (33ms)
			TypeCache.Refresh (24ms)
				TypeCache.ScanAssembly (15ms)
			ScanForSourceGeneratedMonoScriptInfo (5ms)
			ResolveRequiredComponents (3ms)
	FinalizeReload (384ms)
		ReleaseScriptCaches (0ms)
		RebuildScriptCaches (0ms)
		SetupLoadedEditorAssemblies (245ms)
			LogAssemblyErrors (0ms)
			InitializePlatformSupportModulesInManaged (10ms)
			SetLoadedEditorAssemblies (3ms)
			RefreshPlugins (0ms)
			BeforeProcessingInitializeOnLoad (50ms)
			ProcessInitializeOnLoadAttributes (147ms)
			ProcessInitializeOnLoadMethodAttributes (21ms)
			AfterProcessingInitializeOnLoad (15ms)
			EditorAssembliesLoaded (0ms)
		ExecutionOrderSort2 (0ms)
		AwakeInstancesAfterBackupRestoration (15ms)
Launched and connected shader compiler UnityShaderCompiler.exe after 0.05 seconds
Refreshing native plugins compatible for Editor in 0.96 ms, found 0 plugins.
Preloading 0 native plugins for Editor in 0.00 ms.
Unloading 838 Unused Serialized files (Serialized files now loaded: 0)
Unloading 10 unused Assets / (50.2 KB). Loaded Objects now: 1321.
Memory consumption went from 151.1 MB to 151.1 MB.
Total: 1.878000 ms (FindLiveObjects: 0.076800 ms CreateObjectMapping: 0.022200 ms MarkObjects: 1.722600 ms  DeleteObjects: 0.055800 ms)

AssetImportParameters requested are different than current active one (requested -> active):
  custom:video-encoder-webm-vp8: eb34c28f22e8b96e1ab97ce403110664 -> 
  custom:video-decoder-webm-vp8: 9c59270c3fd7afecdb556c50c9e8de78 -> 
  custom:audio-decoder-ogg-vorbis: bf7c407c2cedff20999df2af8eb42d56 -> 
  custom:SearchIndexIgnoredProperties: e643bd26f0fe6173181afceb89e7c659 -> 
  custom:container-demuxer-ogg: 62fdf1f143b41e24485cea50d1cbac27 -> 
  custom:AudioImporter_EditorPlatform: d09bf68614088b80899f8185d706f6e7 -> 
  custom:CustomObjectIndexerAttribute: 43b350a4d6e6d1791af0b5038c4bea17 -> 
  custom:container-demuxer-webm: 4f35f7cbe854078d1ac9338744f61a02 -> 
  custom:video-codec-MediaFoundation-h265: e54d7ab0439102e2317fc1e4b246158d -> 
  custom:video-decoder-ogg-theora: a1e56fd34408186e4bbccfd4996cb3dc -> 
  custom:audio-encoder-webm-vorbis: bf7c407c2cedff20999df2af8eb42d56 -> 
  custom:framework-win-MediaFoundation: 216162199b28c13a410421893ffa2e32 -> 
  custom:container-muxer-webm: aa71ff27fc2769a1b78a27578f13a17b -> 
========================================================================
Received Import Request.
  Time since last request: 149712.824589 seconds.
  path: Assets/Health Pickups Pack/Models
  artifactKey: Guid(c68ca6f52e8c95e42a0038f569350940) Importer(815301076,1909f56bfc062723c751e8b465ee728b)
Start importing Assets/Health Pickups Pack/Models using Guid(c68ca6f52e8c95e42a0038f569350940) Importer(815301076,1909f56bfc062723c751e8b465ee728b)  -> (artifact id: '552d4438622c798ef7bfdb824acd0a63') in 0.002443 seconds
Number of updated asset objects reloaded before import = 0
Number of asset objects unloaded after import = 0
========================================================================
Received Import Request.
  Time since last request: 0.572357 seconds.
  path: Assets/Health Pickups Pack/Prefabs
  artifactKey: Guid(c1d1fd12bd047fd45a1bf43d24d5b38b) Importer(815301076,1909f56bfc062723c751e8b465ee728b)
Start importing Assets/Health Pickups Pack/Prefabs using Guid(c1d1fd12bd047fd45a1bf43d24d5b38b) Importer(815301076,1909f56bfc062723c751e8b465ee728b)  -> (artifact id: 'd790b5cc14701ccfcacc926a3957f600') in 0.000379 seconds
Number of updated asset objects reloaded before import = 0
Number of asset objects unloaded after import = 0
========================================================================
Received Import Request.
  Time since last request: 0.133479 seconds.
  path: Assets/Health Pickups Pack/Prefabs/Bottle_Health.prefab
  artifactKey: Guid(7cafb89b5a0f61f479d0a748962abbbc) Importer(815301076,1909f56bfc062723c751e8b465ee728b)
Start importing Assets/Health Pickups Pack/Prefabs/Bottle_Health.prefab using Guid(7cafb89b5a0f61f479d0a748962abbbc) Importer(815301076,1909f56bfc062723c751e8b465ee728b)  -> (artifact id: '7e4a6c19fcc7765b539766107febd8ed') in 0.183310 seconds
Number of updated asset objects reloaded before import = 0
Number of asset objects unloaded after import = 46
========================================================================
Received Import Request.
  Time since last request: 16.131758 seconds.
  path: Assets/prefab/Arena_broccoli.prefab
  artifactKey: Guid(1d166bcc796aee045b304050234e2df4) Importer(815301076,1909f56bfc062723c751e8b465ee728b)
Start importing Assets/prefab/Arena_broccoli.prefab using Guid(1d166bcc796aee045b304050234e2df4) Importer(815301076,1909f56bfc062723c751e8b465ee728b)  -> (artifact id: '5483ca2dd8a77942f1c2a64a2cbe4263') in 0.112546 seconds
Number of updated asset objects reloaded before import = 0
Number of asset objects unloaded after import = 197
========================================================================
Received Import Request.
  Time since last request: 0.000020 seconds.
  path: Assets/prefab/Broccoli_Projectile.prefab
  artifactKey: Guid(d70f78b51b8fb554f857d98c43afd656) Importer(815301076,1909f56bfc062723c751e8b465ee728b)
Start importing Assets/prefab/Broccoli_Projectile.prefab using Guid(d70f78b51b8fb554f857d98c43afd656) Importer(815301076,1909f56bfc062723c751e8b465ee728b)  -> (artifact id: '27bd833213f972dd869106a673209686') in 0.069484 seconds
Number of updated asset objects reloaded before import = 0
Number of asset objects unloaded after import = 13
========================================================================
Received Import Request.
  Time since last request: 0.000016 seconds.
  path: Assets/prefab/potato.prefab
  artifactKey: Guid(14ec261d109f66b47bf413e38c2a1a49) Importer(815301076,1909f56bfc062723c751e8b465ee728b)
Start importing Assets/prefab/potato.prefab using Guid(14ec261d109f66b47bf413e38c2a1a49) Importer(815301076,1909f56bfc062723c751e8b465ee728b)  -> (artifact id: '067fc13d8d0ff1d043f03d5019ff5acd') in 0.026176 seconds
Number of updated asset objects reloaded before import = 0
Number of asset objects unloaded after import = 51
========================================================================
Received Import Request.
  Time since last request: 0.000022 seconds.
  path: Assets/prefab/minion_Running.prefab
  artifactKey: Guid(d5b67da469c045846b93d3cc75a89367) Importer(815301076,1909f56bfc062723c751e8b465ee728b)
Start importing Assets/prefab/minion_Running.prefab using Guid(d5b67da469c045846b93d3cc75a89367) Importer(815301076,1909f56bfc062723c751e8b465ee728b)  -> (artifact id: '60af36432e238ae5ee914d5dbd3679c9') in 0.059925 seconds
Number of updated asset objects reloaded before import = 0
Number of asset objects unloaded after import = 187
========================================================================
Received Import Request.
  Time since last request: 0.000015 seconds.
  path: Assets/prefab/protegoPrefab.prefab
  artifactKey: Guid(5df9a139b489a0745952dcdbb6f1b976) Importer(815301076,1909f56bfc062723c751e8b465ee728b)
Start importing Assets/prefab/protegoPrefab.prefab using Guid(5df9a139b489a0745952dcdbb6f1b976) Importer(815301076,1909f56bfc062723c751e8b465ee728b)  -> (artifact id: '0d24cedf3e8232f26801c61487cd8df5') in 0.050964 seconds
Number of updated asset objects reloaded before import = 0
Number of asset objects unloaded after import = 21
========================================================================
Received Import Request.
  Time since last request: 0.000014 seconds.
  path: Assets/prefab/potato_platoon.prefab
  artifactKey: Guid(2354beb53a8d20742accd6ff02930dc1) Importer(815301076,1909f56bfc062723c751e8b465ee728b)
Start importing Assets/prefab/potato_platoon.prefab using Guid(2354beb53a8d20742accd6ff02930dc1) Importer(815301076,1909f56bfc062723c751e8b465ee728b)  -> (artifact id: 'cbd4ea595cf65a5bb6243996d7b1dfdb') in 0.058864 seconds
Number of updated asset objects reloaded before import = 0
Number of asset objects unloaded after import = 186
========================================================================
Received Import Request.
  Time since last request: 0.000017 seconds.
  path: Assets/prefab/Projectile.prefab
  artifactKey: Guid(57d3b817c36286b44985a7b95d3f33ac) Importer(815301076,1909f56bfc062723c751e8b465ee728b)
Start importing Assets/prefab/Projectile.prefab using Guid(57d3b817c36286b44985a7b95d3f33ac) Importer(815301076,1909f56bfc062723c751e8b465ee728b)  -> (artifact id: 'fae75dcababe17bdc4a44b879836ac19') in 0.014705 seconds
Number of updated asset objects reloaded before import = 0
Number of asset objects unloaded after import = 12
========================================================================
Received Import Request.
  Time since last request: 0.000014 seconds.
  path: Assets/prefab/shield.prefab
  artifactKey: Guid(e208eb407e7a72d4aa1df345fb2f7452) Importer(815301076,1909f56bfc062723c751e8b465ee728b)
Start importing Assets/prefab/shield.prefab using Guid(e208eb407e7a72d4aa1df345fb2f7452) Importer(815301076,1909f56bfc062723c751e8b465ee728b)  -> (artifact id: '3879d27bad458810c023d02a08f290e6') in 0.014561 seconds
Number of updated asset objects reloaded before import = 0
Number of asset objects unloaded after import = 9
========================================================================
Received Import Request.
  Time since last request: 0.000017 seconds.
  path: Assets/prefab/shield_lettuce.prefab
  artifactKey: Guid(eb7906061aca925409ed45c96a027f8b) Importer(815301076,1909f56bfc062723c751e8b465ee728b)
Start importing Assets/prefab/shield_lettuce.prefab using Guid(eb7906061aca925409ed45c96a027f8b) Importer(815301076,1909f56bfc062723c751e8b465ee728b)  -> (artifact id: '9ed1e95af79f2bb571650379b8dd4e6d') in 0.013252 seconds
Number of updated asset objects reloaded before import = 0
Number of asset objects unloaded after import = 9
========================================================================
Received Import Request.
  Time since last request: 3.590901 seconds.
  path: Assets/prefab/strawberry.prefab
  artifactKey: Guid(63e523ab5d9ce7348b431ae1d689a54d) Importer(815301076,1909f56bfc062723c751e8b465ee728b)
Start importing Assets/prefab/strawberry.prefab using Guid(63e523ab5d9ce7348b431ae1d689a54d) Importer(815301076,1909f56bfc062723c751e8b465ee728b)  -> (artifact id: 'b5d5f38af01617a7fbd3e26759113464') in 0.016792 seconds
Number of updated asset objects reloaded before import = 0
Number of asset objects unloaded after import = 25
========================================================================
Received Import Request.
  Time since last request: 68.078667 seconds.
  path: Assets/Animation/lettuce_attack.fbx
  artifactKey: Guid(ad3fcf4028db631429f88b6a2f88523f) Importer(815301076,1909f56bfc062723c751e8b465ee728b)
Start importing Assets/Animation/lettuce_attack.fbx using Guid(ad3fcf4028db631429f88b6a2f88523f) Importer(815301076,1909f56bfc062723c751e8b465ee728b)  -> (artifact id: '0d038a1312bfc1ee68a9d10ee0d02e8f') in 0.004063 seconds
Number of updated asset objects reloaded before import = 0
Number of asset objects unloaded after import = 71
========================================================================
Received Import Request.
  Time since last request: 0.008562 seconds.
  path: Assets/Animation/lettuce_Walking.fbx
  artifactKey: Guid(3300fbc6503a4ee4da40ead2474bdc73) Importer(815301076,1909f56bfc062723c751e8b465ee728b)
Start importing Assets/Animation/lettuce_Walking.fbx using Guid(3300fbc6503a4ee4da40ead2474bdc73) Importer(815301076,1909f56bfc062723c751e8b465ee728b)  -> (artifact id: '05bdfdeccb6a9247745af9a8c9fc632a') in 0.004370 seconds
Number of updated asset objects reloaded before import = 0
Number of asset objects unloaded after import = 71
========================================================================
Received Import Request.
  Time since last request: 0.000019 seconds.
  path: Assets/Animation/minion_Running.fbx
  artifactKey: Guid(6cd1eb7d145c0754dad06e3b53f82570) Importer(815301076,1909f56bfc062723c751e8b465ee728b)
Start importing Assets/Animation/minion_Running.fbx using Guid(6cd1eb7d145c0754dad06e3b53f82570) Importer(815301076,1909f56bfc062723c751e8b465ee728b)  -> (artifact id: 'a8c8169b97e4d340e4a764e1a0571a3c') in 0.094585 seconds
Number of updated asset objects reloaded before import = 0
Number of asset objects unloaded after import = 85
========================================================================
Received Import Request.
  Time since last request: 0.000020 seconds.
  path: Assets/Animation/summon.fbx
  artifactKey: Guid(3fe2c766a5ec760499ee50968d6b77ef) Importer(815301076,1909f56bfc062723c751e8b465ee728b)
Start importing Assets/Animation/summon.fbx using Guid(3fe2c766a5ec760499ee50968d6b77ef) Importer(815301076,1909f56bfc062723c751e8b465ee728b)  -> (artifact id: '0d89d3d5a980792eacd5e40edfa81d14') in 0.003826 seconds
Number of updated asset objects reloaded before import = 0
Number of asset objects unloaded after import = 71
========================================================================
Received Import Request.
  Time since last request: 0.000030 seconds.
  path: Assets/Animation/Walk Forward.fbx
  artifactKey: Guid(1db84ecedff76f64d805f8e70b48c32c) Importer(815301076,1909f56bfc062723c751e8b465ee728b)
Start importing Assets/Animation/Walk Forward.fbx using Guid(1db84ecedff76f64d805f8e70b48c32c) Importer(815301076,1909f56bfc062723c751e8b465ee728b)  -> (artifact id: '845d85117480cb88dd815895fc4b5013') in 0.089651 seconds
Number of updated asset objects reloaded before import = 0
Number of asset objects unloaded after import = 128
Editor requested this worker to shutdown with reason: Scaling down because of idle timeout
TcpMessagingSession - receive error: operation aborted. errorcode: 995, details: The I/O operation has been aborted because of either a thread exit or an application request.
AssetImportWorker is now disconnected from the server
Process exiting
Exiting without the bug reporter. Application will terminate with return code 0