Using pre-set license
Built from '2022.3/staging' branch; Version is '2022.3.16f1 (d2c21f0ef2f1) revision 13812255'; Using compiler version '192829333'; Build Type 'Release'
OS: 'Windows 11  (10.0.22621) 64bit Core' Language: 'en' Physical Memory: 32435 MB
BatchMode: 1, IsHumanControllingUs: 0, StartBugReporterOnCrash: 0, Is64bit: 1, IsPro: 1

COMMAND LINE ARGUMENTS:
C:\Program Files\Unity\Hub\Editor\2022.3.16f1\Editor\Unity.exe
-adb2
-batchMode
-noUpm
-name
AssetImportWorker13
-projectPath
D:/cs3540/vege'fight/Vegetival
-logFile
Logs/AssetImportWorker13.log
-srvPort
63719
Successfully changed project path to: D:/cs3540/vege'fight/Vegetival
D:/cs3540/vege'fight/Vegetival
[UnityMemory] Configuration Parameters - Can be set up in boot.config
    "memorysetup-bucket-allocator-granularity=16"
    "memorysetup-bucket-allocator-bucket-count=8"
    "memorysetup-bucket-allocator-block-size=33554432"
    "memorysetup-bucket-allocator-block-count=8"
    "memorysetup-main-allocator-block-size=16777216"
    "memorysetup-thread-allocator-block-size=16777216"
    "memorysetup-gfx-main-allocator-block-size=16777216"
    "memorysetup-gfx-thread-allocator-block-size=16777216"
    "memorysetup-cache-allocator-block-size=4194304"
    "memorysetup-typetree-allocator-block-size=2097152"
    "memorysetup-profiler-bucket-allocator-granularity=16"
    "memorysetup-profiler-bucket-allocator-bucket-count=8"
    "memorysetup-profiler-bucket-allocator-block-size=33554432"
    "memorysetup-profiler-bucket-allocator-block-count=8"
    "memorysetup-profiler-allocator-block-size=16777216"
    "memorysetup-profiler-editor-allocator-block-size=1048576"
    "memorysetup-temp-allocator-size-main=16777216"
    "memorysetup-job-temp-allocator-block-size=2097152"
    "memorysetup-job-temp-allocator-block-size-background=1048576"
    "memorysetup-job-temp-allocator-reduction-small-platforms=262144"
    "memorysetup-allocator-temp-initial-block-size-main=262144"
    "memorysetup-allocator-temp-initial-block-size-worker=262144"
    "memorysetup-temp-allocator-size-background-worker=32768"
    "memorysetup-temp-allocator-size-job-worker=262144"
    "memorysetup-temp-allocator-size-preload-manager=33554432"
    "memorysetup-temp-allocator-size-nav-mesh-worker=65536"
    "memorysetup-temp-allocator-size-audio-worker=65536"
    "memorysetup-temp-allocator-size-cloud-worker=32768"
    "memorysetup-temp-allocator-size-gi-baking-worker=262144"
    "memorysetup-temp-allocator-size-gfx=262144"
Player connection [36576] Host "[IP] 192.168.56.1 [Port] 0 [Flags] 2 [Guid] 4121526588 [EditorId] 4121526588 [Version] 1048832 [Id] WindowsEditor(7,collin-new) [Debug] 1 [PackageName] WindowsEditor [ProjectName] Editor" joined multi-casting on [225.0.0.222:54997]...

Player connection [36576] Host "[IP] 192.168.56.1 [Port] 0 [Flags] 2 [Guid] 4121526588 [EditorId] 4121526588 [Version] 1048832 [Id] WindowsEditor(7,collin-new) [Debug] 1 [PackageName] WindowsEditor [ProjectName] Editor" joined alternative multi-casting on [225.0.0.222:34997]...

[Physics::Module] Initialized MultithreadedJobDispatcher with 19 workers.
Refreshing native plugins compatible for Editor in 0.70 ms, found 0 plugins.
Preloading 0 native plugins for Editor in 0.00 ms.
Initialize engine version: 2022.3.16f1 (d2c21f0ef2f1)
[Subsystems] Discovering subsystems at path C:/Program Files/Unity/Hub/Editor/2022.3.16f1/Editor/Data/Resources/UnitySubsystems
[Subsystems] Discovering subsystems at path D:/cs3540/vege'fight/Vegetival/Assets
GfxDevice: creating device client; threaded=0; jobified=0
Direct3D:
    Version:  Direct3D 11.0 [level 11.1]
    Renderer: NVIDIA GeForce RTX 3070 Ti Laptop GPU (ID=0x24e0)
    Vendor:   NVIDIA
    VRAM:     8018 MB
    Driver:   31.0.15.5212
Initialize mono
Mono path[0] = 'C:/Program Files/Unity/Hub/Editor/2022.3.16f1/Editor/Data/Managed'
Mono path[1] = 'C:/Program Files/Unity/Hub/Editor/2022.3.16f1/Editor/Data/MonoBleedingEdge/lib/mono/unityjit-win32'
Mono config path = 'C:/Program Files/Unity/Hub/Editor/2022.3.16f1/Editor/Data/MonoBleedingEdge/etc'
Using monoOptions --debugger-agent=transport=dt_socket,embedding=1,server=y,suspend=n,address=127.0.0.1:56724
Begin MonoManager ReloadAssembly
Registering precompiled unity dll's ...
Register platform support module: C:/Program Files/Unity/Hub/Editor/2022.3.16f1/Editor/Data/PlaybackEngines/WebGLSupport/UnityEditor.WebGL.Extensions.dll
Register platform support module: C:/Program Files/Unity/Hub/Editor/2022.3.16f1/Editor/Data/PlaybackEngines/WindowsStandaloneSupport/UnityEditor.WindowsStandalone.Extensions.dll
Registered in 0.006195 seconds.
- Loaded All Assemblies, in  0.271 seconds
Native extension for WindowsStandalone target not found
Native extension for WebGL target not found
Mono: successfully reloaded assembly
- Finished resetting the current domain, in  0.204 seconds
Domain Reload Profiling: 474ms
	BeginReloadAssembly (88ms)
		ExecutionOrderSort (0ms)
		DisableScriptedObjects (0ms)
		BackupInstance (0ms)
		ReleaseScriptingObjects (0ms)
		CreateAndSetChildDomain (1ms)
	RebuildCommonClasses (25ms)
	RebuildNativeTypeToScriptingClass (7ms)
	initialDomainReloadingComplete (43ms)
	LoadAllAssembliesAndSetupDomain (106ms)
		LoadAssemblies (87ms)
		RebuildTransferFunctionScriptingTraits (0ms)
		AnalyzeDomain (105ms)
			TypeCache.Refresh (103ms)
				TypeCache.ScanAssembly (93ms)
			ScanForSourceGeneratedMonoScriptInfo (0ms)
			ResolveRequiredComponents (0ms)
	FinalizeReload (204ms)
		ReleaseScriptCaches (0ms)
		RebuildScriptCaches (0ms)
		SetupLoadedEditorAssemblies (160ms)
			LogAssemblyErrors (0ms)
			InitializePlatformSupportModulesInManaged (7ms)
			SetLoadedEditorAssemblies (5ms)
			RefreshPlugins (0ms)
			BeforeProcessingInitializeOnLoad (2ms)
			ProcessInitializeOnLoadAttributes (111ms)
			ProcessInitializeOnLoadMethodAttributes (35ms)
			AfterProcessingInitializeOnLoad (0ms)
			EditorAssembliesLoaded (0ms)
		ExecutionOrderSort2 (0ms)
		AwakeInstancesAfterBackupRestoration (0ms)
========================================================================
Worker process is ready to serve import requests
Begin MonoManager ReloadAssembly
- Loaded All Assemblies, in  0.298 seconds
Refreshing native plugins compatible for Editor in 0.45 ms, found 0 plugins.
Native extension for WindowsStandalone target not found
Native extension for WebGL target not found
Mono: successfully reloaded assembly
- Finished resetting the current domain, in  0.316 seconds
Domain Reload Profiling: 614ms
	BeginReloadAssembly (116ms)
		ExecutionOrderSort (0ms)
		DisableScriptedObjects (4ms)
		BackupInstance (0ms)
		ReleaseScriptingObjects (0ms)
		CreateAndSetChildDomain (18ms)
	RebuildCommonClasses (25ms)
	RebuildNativeTypeToScriptingClass (7ms)
	initialDomainReloadingComplete (27ms)
	LoadAllAssembliesAndSetupDomain (122ms)
		LoadAssemblies (160ms)
		RebuildTransferFunctionScriptingTraits (0ms)
		AnalyzeDomain (28ms)
			TypeCache.Refresh (21ms)
				TypeCache.ScanAssembly (13ms)
			ScanForSourceGeneratedMonoScriptInfo (5ms)
			ResolveRequiredComponents (2ms)
	FinalizeReload (316ms)
		ReleaseScriptCaches (0ms)
		RebuildScriptCaches (0ms)
		SetupLoadedEditorAssemblies (198ms)
			LogAssemblyErrors (0ms)
			InitializePlatformSupportModulesInManaged (5ms)
			SetLoadedEditorAssemblies (3ms)
			RefreshPlugins (0ms)
			BeforeProcessingInitializeOnLoad (31ms)
			ProcessInitializeOnLoadAttributes (135ms)
			ProcessInitializeOnLoadMethodAttributes (19ms)
			AfterProcessingInitializeOnLoad (4ms)
			EditorAssembliesLoaded (0ms)
		ExecutionOrderSort2 (0ms)
		AwakeInstancesAfterBackupRestoration (6ms)
Launched and connected shader compiler UnityShaderCompiler.exe after 0.05 seconds
Refreshing native plugins compatible for Editor in 0.34 ms, found 0 plugins.
Preloading 0 native plugins for Editor in 0.00 ms.
Unloading 839 Unused Serialized files (Serialized files now loaded: 0)
Unloading 10 unused Assets / (50.4 KB). Loaded Objects now: 1322.
Memory consumption went from 151.8 MB to 151.7 MB.
Total: 2.218400 ms (FindLiveObjects: 0.103800 ms CreateObjectMapping: 0.019400 ms MarkObjects: 2.023200 ms  DeleteObjects: 0.070700 ms)

AssetImportParameters requested are different than current active one (requested -> active):
  custom:video-encoder-webm-vp8: eb34c28f22e8b96e1ab97ce403110664 -> 
  custom:video-decoder-webm-vp8: 9c59270c3fd7afecdb556c50c9e8de78 -> 
  custom:audio-decoder-ogg-vorbis: bf7c407c2cedff20999df2af8eb42d56 -> 
  custom:SearchIndexIgnoredProperties: e643bd26f0fe6173181afceb89e7c659 -> 
  custom:container-demuxer-ogg: 62fdf1f143b41e24485cea50d1cbac27 -> 
  custom:AudioImporter_EditorPlatform: d09bf68614088b80899f8185d706f6e7 -> 
  custom:CustomObjectIndexerAttribute: 43b350a4d6e6d1791af0b5038c4bea17 -> 
  custom:container-demuxer-webm: 4f35f7cbe854078d1ac9338744f61a02 -> 
  custom:video-codec-MediaFoundation-h265: 746d11721c4dcdbdad8f713fa42b33f4 -> 
  custom:video-decoder-ogg-theora: a1e56fd34408186e4bbccfd4996cb3dc -> 
  custom:audio-encoder-webm-vorbis: bf7c407c2cedff20999df2af8eb42d56 -> 
  custom:framework-win-MediaFoundation: 216162199b28c13a410421893ffa2e32 -> 
  custom:container-muxer-webm: aa71ff27fc2769a1b78a27578f13a17b -> 
========================================================================
Received Import Request.
  Time since last request: 438887.300435 seconds.
  path: Assets/StoneUI/Samples/frames3.png
  artifactKey: Guid(a646b01dbb15700419cbe068ff5c6a01) Importer(815301076,1909f56bfc062723c751e8b465ee728b)
Start importing Assets/StoneUI/Samples/frames3.png using Guid(a646b01dbb15700419cbe068ff5c6a01) Importer(815301076,1909f56bfc062723c751e8b465ee728b)  -> (artifact id: '94de6c65e96105516b782d21f04aec9c') in 0.214729 seconds
Number of updated asset objects reloaded before import = 0
Number of asset objects unloaded after import = 3
========================================================================
Received Import Request.
  Time since last request: 0.298417 seconds.
  path: Assets/StoneUI/Samples/frames1.png
  artifactKey: Guid(a8d19e590933d3f44923a43ad3b057bc) Importer(815301076,1909f56bfc062723c751e8b465ee728b)
Start importing Assets/StoneUI/Samples/frames1.png using Guid(a8d19e590933d3f44923a43ad3b057bc) Importer(815301076,1909f56bfc062723c751e8b465ee728b)  -> (artifact id: '08c2623272b2d63b5bd03a5884c7bd41') in 0.039548 seconds
Number of updated asset objects reloaded before import = 0
Number of asset objects unloaded after import = 3
========================================================================
Received Import Request.
  Time since last request: 12.683389 seconds.
  path: Assets/StoneUI/Buttons_512x512/Rock_white/button_white46.png
  artifactKey: Guid(684bc6126a427044cbec29bc948d7d1f) Importer(815301076,1909f56bfc062723c751e8b465ee728b)
Start importing Assets/StoneUI/Buttons_512x512/Rock_white/button_white46.png using Guid(684bc6126a427044cbec29bc948d7d1f) Importer(815301076,1909f56bfc062723c751e8b465ee728b)  -> (artifact id: 'a186aeff32e4eeea6580c9093e3b0af9') in 0.021542 seconds
Number of updated asset objects reloaded before import = 0
Number of asset objects unloaded after import = 3
========================================================================
Received Import Request.
  Time since last request: 0.000071 seconds.
  path: Assets/StoneUI/Buttons_512x512/Rock_white/button_white49.png
  artifactKey: Guid(f301d9a9c264bd148970862af82cae6d) Importer(815301076,1909f56bfc062723c751e8b465ee728b)
Start importing Assets/StoneUI/Buttons_512x512/Rock_white/button_white49.png using Guid(f301d9a9c264bd148970862af82cae6d) Importer(815301076,1909f56bfc062723c751e8b465ee728b)  -> (artifact id: '53fe5b18ecf56ccc8046e9277db63574') in 0.058432 seconds
Number of updated asset objects reloaded before import = 0
Number of asset objects unloaded after import = 3
========================================================================
Received Import Request.
  Time since last request: 0.431826 seconds.
  path: Assets/StoneUI/Buttons_512x512/Rock_white/button_white41.png
  artifactKey: Guid(355a46f8d38a057408df9b25d820ad1a) Importer(815301076,1909f56bfc062723c751e8b465ee728b)
Start importing Assets/StoneUI/Buttons_512x512/Rock_white/button_white41.png using Guid(355a46f8d38a057408df9b25d820ad1a) Importer(815301076,1909f56bfc062723c751e8b465ee728b)  -> (artifact id: '29297b0251a459dbcfaeb2bb538b9018') in 0.053104 seconds
Number of updated asset objects reloaded before import = 0
Number of asset objects unloaded after import = 3
========================================================================
Received Import Request.
  Time since last request: 0.000014 seconds.
  path: Assets/StoneUI/Buttons_512x512/Rock_white/button_white39.png
  artifactKey: Guid(ac5591b953afc354c875528d8c222ed2) Importer(815301076,1909f56bfc062723c751e8b465ee728b)
Start importing Assets/StoneUI/Buttons_512x512/Rock_white/button_white39.png using Guid(ac5591b953afc354c875528d8c222ed2) Importer(815301076,1909f56bfc062723c751e8b465ee728b)  -> (artifact id: 'd061f55c76b6830aa4684dc9c54f908e') in 0.021524 seconds
Number of updated asset objects reloaded before import = 0
Number of asset objects unloaded after import = 3
========================================================================
Received Import Request.
  Time since last request: 0.000015 seconds.
  path: Assets/StoneUI/Buttons_512x512/Rock_white/button_white44.png
  artifactKey: Guid(6659b4a106da504488b1f810ffd4ba4d) Importer(815301076,1909f56bfc062723c751e8b465ee728b)
Start importing Assets/StoneUI/Buttons_512x512/Rock_white/button_white44.png using Guid(6659b4a106da504488b1f810ffd4ba4d) Importer(815301076,1909f56bfc062723c751e8b465ee728b)  -> (artifact id: 'dd03594e3cd2082fdab6b1427857ea49') in 0.020514 seconds
Number of updated asset objects reloaded before import = 0
Number of asset objects unloaded after import = 3
========================================================================
Received Import Request.
  Time since last request: 0.031658 seconds.
  path: Assets/StoneUI/Buttons_512x512/Rock_white/button_white31.png
  artifactKey: Guid(2cd539767e7076341a6f14ca4de33446) Importer(815301076,1909f56bfc062723c751e8b465ee728b)
Start importing Assets/StoneUI/Buttons_512x512/Rock_white/button_white31.png using Guid(2cd539767e7076341a6f14ca4de33446) Importer(815301076,1909f56bfc062723c751e8b465ee728b)  -> (artifact id: '18c34ac49c452c21f4cd5cd740f379bc') in 0.019726 seconds
Number of updated asset objects reloaded before import = 0
Number of asset objects unloaded after import = 3
========================================================================
Received Import Request.
  Time since last request: 0.000134 seconds.
  path: Assets/StoneUI/Buttons_512x512/Rock_white/button_white34.png
  artifactKey: Guid(20ff52ccd8c05ea4ba0fbe34fd1b8523) Importer(815301076,1909f56bfc062723c751e8b465ee728b)
Start importing Assets/StoneUI/Buttons_512x512/Rock_white/button_white34.png using Guid(20ff52ccd8c05ea4ba0fbe34fd1b8523) Importer(815301076,1909f56bfc062723c751e8b465ee728b)  -> (artifact id: '04f9f5196cc9a62de6de698baba1df32') in 0.020185 seconds
Number of updated asset objects reloaded before import = 0
Number of asset objects unloaded after import = 3
========================================================================
Received Import Request.
  Time since last request: 0.189423 seconds.
  path: Assets/StoneUI/Buttons_512x512/Rock_white/button_white26.png
  artifactKey: Guid(c88efd9829acd684ab4c5af00febcb72) Importer(815301076,1909f56bfc062723c751e8b465ee728b)
Start importing Assets/StoneUI/Buttons_512x512/Rock_white/button_white26.png using Guid(c88efd9829acd684ab4c5af00febcb72) Importer(815301076,1909f56bfc062723c751e8b465ee728b)  -> (artifact id: 'bee9a8935a0bb314e6628bdec7f252ea') in 0.029685 seconds
Number of updated asset objects reloaded before import = 0
Number of asset objects unloaded after import = 3
========================================================================
Received Import Request.
  Time since last request: 0.001757 seconds.
  path: Assets/StoneUI/Buttons_512x512/Rock_white/button_white20.png
  artifactKey: Guid(b00e674c43e45604188d383e38233db5) Importer(815301076,1909f56bfc062723c751e8b465ee728b)
Start importing Assets/StoneUI/Buttons_512x512/Rock_white/button_white20.png using Guid(b00e674c43e45604188d383e38233db5) Importer(815301076,1909f56bfc062723c751e8b465ee728b)  -> (artifact id: '6e271ee874089d6c8f1113a85e6b400b') in 0.016644 seconds
Number of updated asset objects reloaded before import = 0
Number of asset objects unloaded after import = 3
========================================================================
Received Import Request.
  Time since last request: 0.001943 seconds.
  path: Assets/StoneUI/Buttons_512x512/Rock_white/button_white23.png
  artifactKey: Guid(c8cdf8e771a133447800fcb39726f4a3) Importer(815301076,1909f56bfc062723c751e8b465ee728b)
Start importing Assets/StoneUI/Buttons_512x512/Rock_white/button_white23.png using Guid(c8cdf8e771a133447800fcb39726f4a3) Importer(815301076,1909f56bfc062723c751e8b465ee728b)  -> (artifact id: '30de3238c1c5ed2cf8d12379e9c65ad4') in 0.016525 seconds
Number of updated asset objects reloaded before import = 0
Number of asset objects unloaded after import = 3
========================================================================
Received Import Request.
  Time since last request: 0.023524 seconds.
  path: Assets/StoneUI/Buttons_512x512/Rock_white/button_white16.png
  artifactKey: Guid(4df7800284effee46aa611e98fd520b3) Importer(815301076,1909f56bfc062723c751e8b465ee728b)
Start importing Assets/StoneUI/Buttons_512x512/Rock_white/button_white16.png using Guid(4df7800284effee46aa611e98fd520b3) Importer(815301076,1909f56bfc062723c751e8b465ee728b)  -> (artifact id: '22fb79f8cec454cd2c604cfa6f0249c1') in 0.019231 seconds
Number of updated asset objects reloaded before import = 0
Number of asset objects unloaded after import = 3
========================================================================
Received Import Request.
  Time since last request: 0.000050 seconds.
  path: Assets/StoneUI/Buttons_512x512/Rock_white/button_white19.png
  artifactKey: Guid(ed86a4cc1beb2ed41930dc10f1f35ded) Importer(815301076,1909f56bfc062723c751e8b465ee728b)
Start importing Assets/StoneUI/Buttons_512x512/Rock_white/button_white19.png using Guid(ed86a4cc1beb2ed41930dc10f1f35ded) Importer(815301076,1909f56bfc062723c751e8b465ee728b)  -> (artifact id: 'dcaf18688bd5e060c9299ecb7d2f1f03') in 0.019936 seconds
Number of updated asset objects reloaded before import = 0
Number of asset objects unloaded after import = 3
========================================================================
Received Import Request.
  Time since last request: 1.159080 seconds.
  path: Assets/StoneUI/Buttons_512x512/Rock_white/button_white11.png
  artifactKey: Guid(0e022dd8005959a41beec722b0360815) Importer(815301076,1909f56bfc062723c751e8b465ee728b)
Start importing Assets/StoneUI/Buttons_512x512/Rock_white/button_white11.png using Guid(0e022dd8005959a41beec722b0360815) Importer(815301076,1909f56bfc062723c751e8b465ee728b)  -> (artifact id: '69294743d769b10d2520554e4842aaed') in 0.018387 seconds
Number of updated asset objects reloaded before import = 0
Number of asset objects unloaded after import = 3
========================================================================
Received Import Request.
  Time since last request: 0.000054 seconds.
  path: Assets/StoneUI/Buttons_512x512/Rock_white/button_white14.png
  artifactKey: Guid(b67d4ebd5d849d9458252166ea734d0c) Importer(815301076,1909f56bfc062723c751e8b465ee728b)
Start importing Assets/StoneUI/Buttons_512x512/Rock_white/button_white14.png using Guid(b67d4ebd5d849d9458252166ea734d0c) Importer(815301076,1909f56bfc062723c751e8b465ee728b)  -> (artifact id: '83326b9dde54a194258de2fa84adb1ea') in 0.020938 seconds
Number of updated asset objects reloaded before import = 0
Number of asset objects unloaded after import = 3
========================================================================
Received Import Request.
  Time since last request: 0.038366 seconds.
  path: Assets/StoneUI/Buttons_512x512/Rock_Yellow/button_rock_yellow42.png
  artifactKey: Guid(906a948d501f31c4cac380aa5b9f1a33) Importer(815301076,1909f56bfc062723c751e8b465ee728b)
Start importing Assets/StoneUI/Buttons_512x512/Rock_Yellow/button_rock_yellow42.png using Guid(906a948d501f31c4cac380aa5b9f1a33) Importer(815301076,1909f56bfc062723c751e8b465ee728b)  -> (artifact id: '975bf16f14e387940912a94838a7237b') in 0.018340 seconds
Number of updated asset objects reloaded before import = 0
Number of asset objects unloaded after import = 3
========================================================================
Received Import Request.
  Time since last request: 0.000026 seconds.
  path: Assets/StoneUI/Buttons_512x512/Rock_Yellow/button_rock_yellow45.png
  artifactKey: Guid(8407cb9bf1534e34fa0b28f4d7339d2f) Importer(815301076,1909f56bfc062723c751e8b465ee728b)
Start importing Assets/StoneUI/Buttons_512x512/Rock_Yellow/button_rock_yellow45.png using Guid(8407cb9bf1534e34fa0b28f4d7339d2f) Importer(815301076,1909f56bfc062723c751e8b465ee728b)  -> (artifact id: '7c1b3b6859f0f5380d50919b4b805f9c') in 0.020940 seconds
Number of updated asset objects reloaded before import = 0
Number of asset objects unloaded after import = 3
========================================================================
Received Import Request.
  Time since last request: 0.000065 seconds.
  path: Assets/StoneUI/Buttons_512x512/Rock_Yellow/button_rock_yellow49.png
  artifactKey: Guid(a3edb101bb42ca94ea5d75cbe2e13a8d) Importer(815301076,1909f56bfc062723c751e8b465ee728b)
Start importing Assets/StoneUI/Buttons_512x512/Rock_Yellow/button_rock_yellow49.png using Guid(a3edb101bb42ca94ea5d75cbe2e13a8d) Importer(815301076,1909f56bfc062723c751e8b465ee728b)  -> (artifact id: 'b0fed27cd04a89bd170cea0fb0d26c57') in 0.018963 seconds
Number of updated asset objects reloaded before import = 0
Number of asset objects unloaded after import = 3
========================================================================
Received Import Request.
  Time since last request: 0.745482 seconds.
  path: Assets/StoneUI/Buttons_512x512/Rock_Violet/button_rock_violet49.png
  artifactKey: Guid(cb4ff78a9bb4d1042aebd0b3c5fcd665) Importer(815301076,1909f56bfc062723c751e8b465ee728b)
Start importing Assets/StoneUI/Buttons_512x512/Rock_Violet/button_rock_violet49.png using Guid(cb4ff78a9bb4d1042aebd0b3c5fcd665) Importer(815301076,1909f56bfc062723c751e8b465ee728b)  -> (artifact id: '0fae3f847f72204ab9d7e66e07d12e08') in 0.023527 seconds
Number of updated asset objects reloaded before import = 0
Number of asset objects unloaded after import = 3
========================================================================
Received Import Request.
  Time since last request: 0.006143 seconds.
  path: Assets/StoneUI/Buttons_512x512/Rock_Violet/button_rock_violet39.png
  artifactKey: Guid(7487858063319ba45a3fdc215222b903) Importer(815301076,1909f56bfc062723c751e8b465ee728b)
Start importing Assets/StoneUI/Buttons_512x512/Rock_Violet/button_rock_violet39.png using Guid(7487858063319ba45a3fdc215222b903) Importer(815301076,1909f56bfc062723c751e8b465ee728b)  -> (artifact id: '91db8d49aca285e72fc837db6a746579') in 0.018307 seconds
Number of updated asset objects reloaded before import = 0
Number of asset objects unloaded after import = 3
========================================================================
Received Import Request.
  Time since last request: 0.000081 seconds.
  path: Assets/StoneUI/Buttons_512x512/Rock_Violet/button_rock_violet43.png
  artifactKey: Guid(22d19ed45159a904e9f3a245a4c7d233) Importer(815301076,1909f56bfc062723c751e8b465ee728b)
Start importing Assets/StoneUI/Buttons_512x512/Rock_Violet/button_rock_violet43.png using Guid(22d19ed45159a904e9f3a245a4c7d233) Importer(815301076,1909f56bfc062723c751e8b465ee728b)  -> (artifact id: '9bd33b99ab21410a57b50fab9812692e') in 0.018465 seconds
Number of updated asset objects reloaded before import = 0
Number of asset objects unloaded after import = 3
========================================================================
Received Import Request.
  Time since last request: 0.030640 seconds.
  path: Assets/StoneUI/Buttons_512x512/Rock_Violet/button_rock_violet2.png
  artifactKey: Guid(1ca8977e55b89b240ae7cd5ee8add810) Importer(815301076,1909f56bfc062723c751e8b465ee728b)
Start importing Assets/StoneUI/Buttons_512x512/Rock_Violet/button_rock_violet2.png using Guid(1ca8977e55b89b240ae7cd5ee8add810) Importer(815301076,1909f56bfc062723c751e8b465ee728b)  -> (artifact id: '6859aee2819b59700dfa27b34da45e9f') in 0.018353 seconds
Number of updated asset objects reloaded before import = 0
Number of asset objects unloaded after import = 3
========================================================================
Received Import Request.
  Time since last request: 0.001641 seconds.
  path: Assets/StoneUI/Buttons_512x512/Rock_Violet/button_rock_violet6.png
  artifactKey: Guid(37215e0a0844b0b43a5e73dff7a389fb) Importer(815301076,1909f56bfc062723c751e8b465ee728b)
Start importing Assets/StoneUI/Buttons_512x512/Rock_Violet/button_rock_violet6.png using Guid(37215e0a0844b0b43a5e73dff7a389fb) Importer(815301076,1909f56bfc062723c751e8b465ee728b)  -> (artifact id: '355457ae070ab9dbe6c9463a404d9065') in 0.019480 seconds
Number of updated asset objects reloaded before import = 0
Number of asset objects unloaded after import = 3
========================================================================
Received Import Request.
  Time since last request: 0.000179 seconds.
  path: Assets/StoneUI/Buttons_512x512/Rock_Violet/button_rock_violet10.png
  artifactKey: Guid(2f180cf37918c3442ba311260275fece) Importer(815301076,1909f56bfc062723c751e8b465ee728b)
Start importing Assets/StoneUI/Buttons_512x512/Rock_Violet/button_rock_violet10.png using Guid(2f180cf37918c3442ba311260275fece) Importer(815301076,1909f56bfc062723c751e8b465ee728b)  -> (artifact id: '4ae97a7dab8a8e3e10768ad609d93a73') in 0.018493 seconds
Number of updated asset objects reloaded before import = 0
Number of asset objects unloaded after import = 3
========================================================================
Received Import Request.
  Time since last request: 0.000054 seconds.
  path: Assets/StoneUI/Buttons_512x512/Rock_Violet/button_rock_violet14.png
  artifactKey: Guid(5cd3dce98d33b1444941ce4b35c7e39f) Importer(815301076,1909f56bfc062723c751e8b465ee728b)
Start importing Assets/StoneUI/Buttons_512x512/Rock_Violet/button_rock_violet14.png using Guid(5cd3dce98d33b1444941ce4b35c7e39f) Importer(815301076,1909f56bfc062723c751e8b465ee728b)  -> (artifact id: '56a53e5fd47a0d39744548beb10ff04d') in 0.018676 seconds
Number of updated asset objects reloaded before import = 0
Number of asset objects unloaded after import = 3
Editor requested this worker to shutdown with reason: Scaling down because of idle timeout
TcpMessagingSession - receive error: operation aborted. errorcode: 995, details: The I/O operation has been aborted because of either a thread exit or an application request.
AssetImportWorker is now disconnected from the server
Process exiting
Exiting without the bug reporter. Application will terminate with return code 0