Unity Editor version:    2022.3.16f1 (d2c21f0ef2f1)
Branch:                  2022.3/staging
Build type:              Release
Batch mode:              YES
macOS version:           Version 14.2.1 (Build 23C71)
Darwin version:          23.2.0
Architecture:            arm64
Running under Rosetta:   NO
Available memory:        16384 MB
Using pre-set license
Pro License: YES

COMMAND LINE ARGUMENTS:
/Applications/Unity/Hub/Editor/2022.3.16f1/Unity.app/Contents/MacOS/Unity
-adb2
-batchMode
-noUpm
-name
AssetImportWorker7
-projectPath
/Users/weijia/Game/Vege’tival
-logFile
Logs/AssetImportWorker7.log
-srvPort
64711
Successfully changed project path to: /Users/weijia/Game/Vege’tival
/Users/weijia/Game/Vege’tival
[UnityMemory] Configuration Parameters - Can be set up in boot.config
    "memorysetup-bucket-allocator-granularity=16"
    "memorysetup-bucket-allocator-bucket-count=8"
    "memorysetup-bucket-allocator-block-size=33554432"
    "memorysetup-bucket-allocator-block-count=8"
    "memorysetup-main-allocator-block-size=16777216"
    "memorysetup-thread-allocator-block-size=16777216"
    "memorysetup-gfx-main-allocator-block-size=16777216"
    "memorysetup-gfx-thread-allocator-block-size=16777216"
    "memorysetup-cache-allocator-block-size=4194304"
    "memorysetup-typetree-allocator-block-size=2097152"
    "memorysetup-profiler-bucket-allocator-granularity=16"
    "memorysetup-profiler-bucket-allocator-bucket-count=8"
    "memorysetup-profiler-bucket-allocator-block-size=33554432"
    "memorysetup-profiler-bucket-allocator-block-count=8"
    "memorysetup-profiler-allocator-block-size=16777216"
    "memorysetup-profiler-editor-allocator-block-size=1048576"
    "memorysetup-temp-allocator-size-main=16777216"
    "memorysetup-job-temp-allocator-block-size=2097152"
    "memorysetup-job-temp-allocator-block-size-background=1048576"
    "memorysetup-job-temp-allocator-reduction-small-platforms=262144"
    "memorysetup-allocator-temp-initial-block-size-main=262144"
    "memorysetup-allocator-temp-initial-block-size-worker=262144"
    "memorysetup-temp-allocator-size-background-worker=32768"
    "memorysetup-temp-allocator-size-job-worker=262144"
    "memorysetup-temp-allocator-size-preload-manager=33554432"
    "memorysetup-temp-allocator-size-nav-mesh-worker=65536"
    "memorysetup-temp-allocator-size-audio-worker=65536"
    "memorysetup-temp-allocator-size-cloud-worker=32768"
    "memorysetup-temp-allocator-size-gi-baking-worker=262144"
    "memorysetup-temp-allocator-size-gfx=262144"
Player connection [7914541056] Host "[IP] 192.168.1.101 [Port] 0 [Flags] 2 [Guid] 3688374213 [EditorId] 3688374213 [Version] 1048832 [Id] OSXEditor(0,Weijias-MacBook-Air.local) [Debug] 1 [PackageName] OSXEditor [ProjectName] Editor" joined multi-casting on [225.0.0.222:54997]...

Player connection [7914541056] Host "[IP] 192.168.1.101 [Port] 0 [Flags] 2 [Guid] 3688374213 [EditorId] 3688374213 [Version] 1048832 [Id] OSXEditor(0,Weijias-MacBook-Air.local) [Debug] 1 [PackageName] OSXEditor [ProjectName] Editor" joined alternative multi-casting on [225.0.0.222:34997]...

[Physics::Module] Initialized MultithreadedJobDispatcher with 7 workers.
Refreshing native plugins compatible for Editor in 5.25 ms, found 1 plugins.
Preloading 0 native plugins for Editor in 0.00 ms.
Initialize engine version: 2022.3.16f1 (d2c21f0ef2f1)
[Subsystems] Discovering subsystems at path /Applications/Unity/Hub/Editor/2022.3.16f1/Unity.app/Contents/Resources/UnitySubsystems
[Subsystems] Discovering subsystems at path /Users/weijia/Game/Vege’tival/Assets
GfxDevice: creating device client; threaded=0; jobified=0
 preferred device: Apple M1 (high power)
Metal devices available: 1
0: Apple M1 (high power)
Using device Apple M1 (high power)
Initializing Metal device caps: Apple M1
Initialize mono
Mono path[0] = '/Applications/Unity/Hub/Editor/2022.3.16f1/Unity.app/Contents/Managed'
Mono path[1] = '/Applications/Unity/Hub/Editor/2022.3.16f1/Unity.app/Contents/MonoBleedingEdge/lib/mono/unityjit-macos'
Mono config path = '/Applications/Unity/Hub/Editor/2022.3.16f1/Unity.app/Contents/MonoBleedingEdge/etc'
Using monoOptions --debugger-agent=transport=dt_socket,embedding=1,server=y,suspend=n,address=127.0.0.1:56182
Begin MonoManager ReloadAssembly
Registering precompiled unity dll's ...
Register platform support module: /Applications/Unity/Hub/Editor/2022.3.16f1/Unity.app/Contents/PlaybackEngines/MacStandaloneSupport/UnityEditor.OSXStandalone.Extensions.dll
Registered in 0.002084 seconds.
- Loaded All Assemblies, in  0.668 seconds
Native extension for OSXStandalone target not found
Mono: successfully reloaded assembly
- Finished resetting the current domain, in  0.369 seconds
Domain Reload Profiling: 1037ms
	BeginReloadAssembly (198ms)
		ExecutionOrderSort (0ms)
		DisableScriptedObjects (0ms)
		BackupInstance (0ms)
		ReleaseScriptingObjects (0ms)
		CreateAndSetChildDomain (2ms)
	RebuildCommonClasses (89ms)
	RebuildNativeTypeToScriptingClass (31ms)
	initialDomainReloadingComplete (115ms)
	LoadAllAssembliesAndSetupDomain (235ms)
		LoadAssemblies (196ms)
		RebuildTransferFunctionScriptingTraits (0ms)
		AnalyzeDomain (233ms)
			TypeCache.Refresh (231ms)
				TypeCache.ScanAssembly (202ms)
			ScanForSourceGeneratedMonoScriptInfo (1ms)
			ResolveRequiredComponents (1ms)
	FinalizeReload (369ms)
		ReleaseScriptCaches (0ms)
		RebuildScriptCaches (0ms)
		SetupLoadedEditorAssemblies (284ms)
			LogAssemblyErrors (0ms)
			InitializePlatformSupportModulesInManaged (9ms)
			SetLoadedEditorAssemblies (9ms)
			RefreshPlugins (0ms)
			BeforeProcessingInitializeOnLoad (3ms)
			ProcessInitializeOnLoadAttributes (206ms)
			ProcessInitializeOnLoadMethodAttributes (57ms)
			AfterProcessingInitializeOnLoad (0ms)
			EditorAssembliesLoaded (0ms)
		ExecutionOrderSort2 (0ms)
		AwakeInstancesAfterBackupRestoration (0ms)
========================================================================
Worker process is ready to serve import requests
Begin MonoManager ReloadAssembly
- Loaded All Assemblies, in  0.437 seconds
Refreshing native plugins compatible for Editor in 0.24 ms, found 1 plugins.
Native extension for OSXStandalone target not found
Mono: successfully reloaded assembly
- Finished resetting the current domain, in  0.388 seconds
Domain Reload Profiling: 825ms
	BeginReloadAssembly (138ms)
		ExecutionOrderSort (0ms)
		DisableScriptedObjects (5ms)
		BackupInstance (0ms)
		ReleaseScriptingObjects (0ms)
		CreateAndSetChildDomain (34ms)
	RebuildCommonClasses (45ms)
	RebuildNativeTypeToScriptingClass (16ms)
	initialDomainReloadingComplete (43ms)
	LoadAllAssembliesAndSetupDomain (194ms)
		LoadAssemblies (213ms)
		RebuildTransferFunctionScriptingTraits (0ms)
		AnalyzeDomain (43ms)
			TypeCache.Refresh (33ms)
				TypeCache.ScanAssembly (20ms)
			ScanForSourceGeneratedMonoScriptInfo (5ms)
			ResolveRequiredComponents (3ms)
	FinalizeReload (388ms)
		ReleaseScriptCaches (0ms)
		RebuildScriptCaches (0ms)
		SetupLoadedEditorAssemblies (229ms)
			LogAssemblyErrors (0ms)
			InitializePlatformSupportModulesInManaged (4ms)
			SetLoadedEditorAssemblies (3ms)
			RefreshPlugins (0ms)
			BeforeProcessingInitializeOnLoad (35ms)
			ProcessInitializeOnLoadAttributes (161ms)
			ProcessInitializeOnLoadMethodAttributes (23ms)
			AfterProcessingInitializeOnLoad (1ms)
			EditorAssembliesLoaded (0ms)
		ExecutionOrderSort2 (0ms)
		AwakeInstancesAfterBackupRestoration (5ms)
Launching external process: /Applications/Unity/Hub/Editor/2022.3.16f1/Unity.app/Contents/Tools/UnityShaderCompiler
Launched and connected shader compiler UnityShaderCompiler after 0.25 seconds
Refreshing native plugins compatible for Editor in 0.37 ms, found 1 plugins.
Preloading 0 native plugins for Editor in 0.00 ms.
Unloading 775 Unused Serialized files (Serialized files now loaded: 0)
Unloading 10 unused Assets / (44.7 KB). Loaded Objects now: 1257.
Memory consumption went from 148.1 MB to 148.0 MB.
Total: 3.540542 ms (FindLiveObjects: 0.060000 ms CreateObjectMapping: 0.020416 ms MarkObjects: 3.367625 ms  DeleteObjects: 0.091666 ms)

AssetImportParameters requested are different than current active one (requested -> active):
  custom:video-encoder-webm-vp8: eb34c28f22e8b96e1ab97ce403110664 -> 
  custom:video-decoder-webm-vp8: 9c59270c3fd7afecdb556c50c9e8de78 -> 
  custom:audio-decoder-ogg-vorbis: bf7c407c2cedff20999df2af8eb42d56 -> 
  custom:video-decoder-ogg-theora: a1e56fd34408186e4bbccfd4996cb3dc -> 
  custom:audio-encoder-webm-vorbis: bf7c407c2cedff20999df2af8eb42d56 -> 
  custom:SearchIndexIgnoredProperties: e643bd26f0fe6173181afceb89e7c659 -> 
  custom:container-demuxer-ogg: 62fdf1f143b41e24485cea50d1cbac27 -> 
  custom:AudioImporter_EditorPlatform: 3918e3fc78b5a79bad01e8451be0beb8 -> 
  custom:CustomObjectIndexerAttribute: 43b350a4d6e6d1791af0b5038c4bea17 -> 
  custom:framework-osx-AVFoundation: e770b220cccbd017edd2c1fefb359320 -> 
  custom:container-demuxer-webm: 4f35f7cbe854078d1ac9338744f61a02 -> 
  custom:container-muxer-webm: aa71ff27fc2769a1b78a27578f13a17b -> 
========================================================================
Received Import Request.
  Time since last request: 1266725.728656 seconds.
  path: Assets/StoneUI/OtherUI_2-1K/6.png
  artifactKey: Guid(6b685a8ef183fec4aa5ac2e0db948a7d) Importer(815301076,1909f56bfc062723c751e8b465ee728b)
Start importing Assets/StoneUI/OtherUI_2-1K/6.png using Guid(6b685a8ef183fec4aa5ac2e0db948a7d) Importer(815301076,1909f56bfc062723c751e8b465ee728b)  -> (artifact id: 'f18b507682c60cbfb72a2bfeefc504b5') in 0.210498 seconds
Number of updated asset objects reloaded before import = 0
Number of asset objects unloaded after import = 13
========================================================================
Received Import Request.
  Time since last request: 0.000271 seconds.
  path: Assets/StoneUI/OtherUI_2-1K/button_rock_Play3.png
  artifactKey: Guid(b4bbe250b0c4afe438a61f92fb3e3682) Importer(815301076,1909f56bfc062723c751e8b465ee728b)
Start importing Assets/StoneUI/OtherUI_2-1K/button_rock_Play3.png using Guid(b4bbe250b0c4afe438a61f92fb3e3682) Importer(815301076,1909f56bfc062723c751e8b465ee728b)  -> (artifact id: '378cf4ba6f3dfa464a76d0f52506ad5f') in 0.098268 seconds
Number of updated asset objects reloaded before import = 0
Number of asset objects unloaded after import = 27
========================================================================
Received Import Request.
  Time since last request: 4.659459 seconds.
  path: Assets/StoneUI/OrherUI_4-2K/6.png
  artifactKey: Guid(e14bbe2e2c7636d469e52ddb56b46f0c) Importer(815301076,1909f56bfc062723c751e8b465ee728b)
Start importing Assets/StoneUI/OrherUI_4-2K/6.png using Guid(e14bbe2e2c7636d469e52ddb56b46f0c) Importer(815301076,1909f56bfc062723c751e8b465ee728b)  -> (artifact id: 'd1bc7d1428d6cc852045879ff61711c4') in 0.078561 seconds
Number of updated asset objects reloaded before import = 0
Number of asset objects unloaded after import = 13
========================================================================
Received Import Request.
  Time since last request: 0.000309 seconds.
  path: Assets/StoneUI/OrherUI_4-2K/7.png
  artifactKey: Guid(b498b10e04b2d4d42b0c26e9eb535f19) Importer(815301076,1909f56bfc062723c751e8b465ee728b)
Start importing Assets/StoneUI/OrherUI_4-2K/7.png using Guid(b498b10e04b2d4d42b0c26e9eb535f19) Importer(815301076,1909f56bfc062723c751e8b465ee728b)  -> (artifact id: 'baa1c7f3f33558834e4ce4700b0e94c3') in 0.042103 seconds
Number of updated asset objects reloaded before import = 0
Number of asset objects unloaded after import = 8
========================================================================
Received Import Request.
  Time since last request: 0.000234 seconds.
  path: Assets/StoneUI/OrherUI_4-2K/button_rock_Play3.png
  artifactKey: Guid(17e47a06d87f305468894299ebe19aec) Importer(815301076,1909f56bfc062723c751e8b465ee728b)
Start importing Assets/StoneUI/OrherUI_4-2K/button_rock_Play3.png using Guid(17e47a06d87f305468894299ebe19aec) Importer(815301076,1909f56bfc062723c751e8b465ee728b)  -> (artifact id: '09889b455a11cd03e6279d6cd6f7f44e') in 0.149728 seconds
Number of updated asset objects reloaded before import = 0
Number of asset objects unloaded after import = 27
========================================================================
Received Import Request.
  Time since last request: 4.290124 seconds.
  path: Assets/StoneUI/Buttons_256x256/button_moss_red.png
  artifactKey: Guid(67d3869b8e162374ea38dac76f590529) Importer(815301076,1909f56bfc062723c751e8b465ee728b)
Start importing Assets/StoneUI/Buttons_256x256/button_moss_red.png using Guid(67d3869b8e162374ea38dac76f590529) Importer(815301076,1909f56bfc062723c751e8b465ee728b)  -> (artifact id: 'e94b009604ac9c0681fc40a875936266') in 0.215493 seconds
Number of updated asset objects reloaded before import = 0
Number of asset objects unloaded after import = 52
========================================================================
Received Import Request.
  Time since last request: 0.000113 seconds.
  path: Assets/StoneUI/Buttons_256x256/button_white.png
  artifactKey: Guid(16086806b977cb4499b2ff322ca7eedf) Importer(815301076,1909f56bfc062723c751e8b465ee728b)
Start importing Assets/StoneUI/Buttons_256x256/button_white.png using Guid(16086806b977cb4499b2ff322ca7eedf) Importer(815301076,1909f56bfc062723c751e8b465ee728b)  -> (artifact id: '11e729c2ec6651a6926de5c2e57945b6') in 0.353325 seconds
Number of updated asset objects reloaded before import = 0
Number of asset objects unloaded after import = 52
========================================================================
Received Import Request.
  Time since last request: 0.011324 seconds.
  path: Assets/StoneUI/Buttons_256x256/button_rock_grey.png
  artifactKey: Guid(d8e84b4d298c2eb44b44e04cb58cec5d) Importer(815301076,1909f56bfc062723c751e8b465ee728b)
Start importing Assets/StoneUI/Buttons_256x256/button_rock_grey.png using Guid(d8e84b4d298c2eb44b44e04cb58cec5d) Importer(815301076,1909f56bfc062723c751e8b465ee728b)  -> (artifact id: '76fea193aaa51487b13620e192983996') in 0.243784 seconds
Number of updated asset objects reloaded before import = 0
Number of asset objects unloaded after import = 52
========================================================================
Received Import Request.
  Time since last request: 0.853905 seconds.
  path: Assets/StoneUI/Buttons_128x128/button_rock_blue.png
  artifactKey: Guid(fbef8127a0a451441b915929eb18ff11) Importer(815301076,1909f56bfc062723c751e8b465ee728b)
Start importing Assets/StoneUI/Buttons_128x128/button_rock_blue.png using Guid(fbef8127a0a451441b915929eb18ff11) Importer(815301076,1909f56bfc062723c751e8b465ee728b)  -> (artifact id: 'c06da7a9252f02429c446101e86b40fa') in 0.197575 seconds
Number of updated asset objects reloaded before import = 0
Number of asset objects unloaded after import = 52
========================================================================
Received Import Request.
  Time since last request: 0.000163 seconds.
  path: Assets/StoneUI/Buttons_128x128/button_rock_yellow.png
  artifactKey: Guid(cc91064d7dfff474f8c5d4133a2982c4) Importer(815301076,1909f56bfc062723c751e8b465ee728b)
Start importing Assets/StoneUI/Buttons_128x128/button_rock_yellow.png using Guid(cc91064d7dfff474f8c5d4133a2982c4) Importer(815301076,1909f56bfc062723c751e8b465ee728b)  -> (artifact id: '05858dfd1dedf6d9f61ec74658c143af') in 0.404870 seconds
Number of updated asset objects reloaded before import = 0
Number of asset objects unloaded after import = 52
========================================================================
Received Import Request.
  Time since last request: 529.343916 seconds.
  path: Assets/StoneUI/Buttons_512x512/Moss_Green/button_moss_green2.png
  artifactKey: Guid(d87a3bb8af21096408436db370900de7) Importer(815301076,1909f56bfc062723c751e8b465ee728b)
Start importing Assets/StoneUI/Buttons_512x512/Moss_Green/button_moss_green2.png using Guid(d87a3bb8af21096408436db370900de7) Importer(815301076,1909f56bfc062723c751e8b465ee728b)  -> (artifact id: 'a502e2968f6da061be4367f0be95e70d') in 0.128948 seconds
Number of updated asset objects reloaded before import = 0
Number of asset objects unloaded after import = 3
========================================================================
Received Import Request.
  Time since last request: 0.000993 seconds.
  path: Assets/StoneUI/Buttons_512x512/Moss_Green/button_moss_green26.png
  artifactKey: Guid(9281de1a878d7af40b548f2e713bc34e) Importer(815301076,1909f56bfc062723c751e8b465ee728b)
Start importing Assets/StoneUI/Buttons_512x512/Moss_Green/button_moss_green26.png using Guid(9281de1a878d7af40b548f2e713bc34e) Importer(815301076,1909f56bfc062723c751e8b465ee728b)  -> (artifact id: '19a2e631b8a8297c836cba01cc0ae18d') in 0.017004 seconds
Number of updated asset objects reloaded before import = 0
Number of asset objects unloaded after import = 3
========================================================================
Received Import Request.
  Time since last request: 0.000213 seconds.
  path: Assets/StoneUI/Buttons_512x512/Moss_Green/button_moss_green3.png
  artifactKey: Guid(8becb0c556eb00043a1c89c7adfc1154) Importer(815301076,1909f56bfc062723c751e8b465ee728b)
Start importing Assets/StoneUI/Buttons_512x512/Moss_Green/button_moss_green3.png using Guid(8becb0c556eb00043a1c89c7adfc1154) Importer(815301076,1909f56bfc062723c751e8b465ee728b)  -> (artifact id: '567cb242eecbe168db1c398ac1d39feb') in 0.012127 seconds
Number of updated asset objects reloaded before import = 0
Number of asset objects unloaded after import = 3
========================================================================
Received Import Request.
  Time since last request: 0.000264 seconds.
  path: Assets/StoneUI/Buttons_512x512/Moss_Green/button_moss_green6.png
  artifactKey: Guid(7407206070acc7047b2a156176e5783e) Importer(815301076,1909f56bfc062723c751e8b465ee728b)
Start importing Assets/StoneUI/Buttons_512x512/Moss_Green/button_moss_green6.png using Guid(7407206070acc7047b2a156176e5783e) Importer(815301076,1909f56bfc062723c751e8b465ee728b)  -> (artifact id: '37d3b0738205a968062b5b8374aea410') in 0.011962 seconds
Number of updated asset objects reloaded before import = 0
Number of asset objects unloaded after import = 3
========================================================================
Received Import Request.
  Time since last request: 0.000173 seconds.
  path: Assets/StoneUI/Buttons_512x512/Moss_Green/button_moss_green15.png
  artifactKey: Guid(bd8d8b9845c0dc64997f20c4135ef8b4) Importer(815301076,1909f56bfc062723c751e8b465ee728b)
Start importing Assets/StoneUI/Buttons_512x512/Moss_Green/button_moss_green15.png using Guid(bd8d8b9845c0dc64997f20c4135ef8b4) Importer(815301076,1909f56bfc062723c751e8b465ee728b)  -> (artifact id: 'd1e7ff29a748314620dcf0402a8a8433') in 0.018121 seconds
Number of updated asset objects reloaded before import = 0
Number of asset objects unloaded after import = 3
========================================================================
Received Import Request.
  Time since last request: 0.000391 seconds.
  path: Assets/StoneUI/Buttons_512x512/Moss_Green/button_moss_green7.png
  artifactKey: Guid(5768e6ce42d6b764ca14e876b7c43b63) Importer(815301076,1909f56bfc062723c751e8b465ee728b)
Start importing Assets/StoneUI/Buttons_512x512/Moss_Green/button_moss_green7.png using Guid(5768e6ce42d6b764ca14e876b7c43b63) Importer(815301076,1909f56bfc062723c751e8b465ee728b)  -> (artifact id: '8edc377e4a1ed6c5535c0fb96951cab0') in 0.013195 seconds
Number of updated asset objects reloaded before import = 0
Number of asset objects unloaded after import = 3
========================================================================
Received Import Request.
  Time since last request: 0.000323 seconds.
  path: Assets/StoneUI/Buttons_512x512/Moss_Green/button_moss_green25.png
  artifactKey: Guid(c4f21dc4ad5a1944d846f3e3533ad1cf) Importer(815301076,1909f56bfc062723c751e8b465ee728b)
Start importing Assets/StoneUI/Buttons_512x512/Moss_Green/button_moss_green25.png using Guid(c4f21dc4ad5a1944d846f3e3533ad1cf) Importer(815301076,1909f56bfc062723c751e8b465ee728b)  -> (artifact id: '1010ce845839cf67e9522f95a0c765be') in 0.016815 seconds
Number of updated asset objects reloaded before import = 0
Number of asset objects unloaded after import = 3
========================================================================
Received Import Request.
  Time since last request: 0.000521 seconds.
  path: Assets/StoneUI/Buttons_512x512/Moss_Green/button_moss_green8.png
  artifactKey: Guid(81133356fa750454cba8ddb1bd74a8c8) Importer(815301076,1909f56bfc062723c751e8b465ee728b)
Start importing Assets/StoneUI/Buttons_512x512/Moss_Green/button_moss_green8.png using Guid(81133356fa750454cba8ddb1bd74a8c8) Importer(815301076,1909f56bfc062723c751e8b465ee728b)  -> (artifact id: '513fe8a6fb80bd0162addf43bfb3c61d') in 0.026502 seconds
Number of updated asset objects reloaded before import = 0
Number of asset objects unloaded after import = 3
========================================================================
Received Import Request.
  Time since last request: 0.001007 seconds.
  path: Assets/StoneUI/Buttons_512x512/Moss_Green/button_moss_green20.png
  artifactKey: Guid(4a307d6d1038b5e4eb4821cc69cbc01d) Importer(815301076,1909f56bfc062723c751e8b465ee728b)
Start importing Assets/StoneUI/Buttons_512x512/Moss_Green/button_moss_green20.png using Guid(4a307d6d1038b5e4eb4821cc69cbc01d) Importer(815301076,1909f56bfc062723c751e8b465ee728b)  -> (artifact id: '267d84b9091239add072bbf37a2dee6c') in 0.026334 seconds
Number of updated asset objects reloaded before import = 0
Number of asset objects unloaded after import = 3
========================================================================
Received Import Request.
  Time since last request: 0.001797 seconds.
  path: Assets/StoneUI/Buttons_512x512/Moss_Green/button_moss_green17.png
  artifactKey: Guid(97ecd404688880548bafecd1e4d49798) Importer(815301076,1909f56bfc062723c751e8b465ee728b)
Start importing Assets/StoneUI/Buttons_512x512/Moss_Green/button_moss_green17.png using Guid(97ecd404688880548bafecd1e4d49798) Importer(815301076,1909f56bfc062723c751e8b465ee728b)  -> (artifact id: 'fcb9feb54ffa2297eaaefe2ea83f31da') in 0.023109 seconds
Number of updated asset objects reloaded before import = 0
Number of asset objects unloaded after import = 3
========================================================================
Received Import Request.
  Time since last request: 1.213755 seconds.
  path: Assets/StoneUI/Buttons_512x512/Moss_Green/button_moss_green28.png
  artifactKey: Guid(2732629b31e09b84b91a83e402308a29) Importer(815301076,1909f56bfc062723c751e8b465ee728b)
Start importing Assets/StoneUI/Buttons_512x512/Moss_Green/button_moss_green28.png using Guid(2732629b31e09b84b91a83e402308a29) Importer(815301076,1909f56bfc062723c751e8b465ee728b)  -> (artifact id: 'f48df04d00fc4b2e5ee051e133e31a57') in 0.017509 seconds
Number of updated asset objects reloaded before import = 0
Number of asset objects unloaded after import = 3
========================================================================
Received Import Request.
  Time since last request: 0.000121 seconds.
  path: Assets/StoneUI/Buttons_512x512/Moss_Green/button_moss_green31.png
  artifactKey: Guid(f6b11482780d85b4c81dd09453b1ea7f) Importer(815301076,1909f56bfc062723c751e8b465ee728b)
Start importing Assets/StoneUI/Buttons_512x512/Moss_Green/button_moss_green31.png using Guid(f6b11482780d85b4c81dd09453b1ea7f) Importer(815301076,1909f56bfc062723c751e8b465ee728b)  -> (artifact id: 'f9feab3aa04968405652d0dbf25625cf') in 0.020320 seconds
Number of updated asset objects reloaded before import = 0
Number of asset objects unloaded after import = 3
========================================================================
Received Import Request.
  Time since last request: 0.104270 seconds.
  path: Assets/StoneUI/Buttons_512x512/Moss_Green/button_moss_green33.png
  artifactKey: Guid(56ae9bfe349bfc647affe8176fa88371) Importer(815301076,1909f56bfc062723c751e8b465ee728b)
Start importing Assets/StoneUI/Buttons_512x512/Moss_Green/button_moss_green33.png using Guid(56ae9bfe349bfc647affe8176fa88371) Importer(815301076,1909f56bfc062723c751e8b465ee728b)  -> (artifact id: '9149fd21b378c07c9c4eb2a156e5ffc1') in 0.021389 seconds
Number of updated asset objects reloaded before import = 0
Number of asset objects unloaded after import = 3
========================================================================
Received Import Request.
  Time since last request: 0.000435 seconds.
  path: Assets/StoneUI/Buttons_512x512/Moss_Green/button_moss_green40.png
  artifactKey: Guid(01c606f48ae1bdb468a5dea49fb4b1ce) Importer(815301076,1909f56bfc062723c751e8b465ee728b)
Start importing Assets/StoneUI/Buttons_512x512/Moss_Green/button_moss_green40.png using Guid(01c606f48ae1bdb468a5dea49fb4b1ce) Importer(815301076,1909f56bfc062723c751e8b465ee728b)  -> (artifact id: '6b3eb48862a2e52290f34f35beda4fa0') in 0.019762 seconds
Number of updated asset objects reloaded before import = 0
Number of asset objects unloaded after import = 3
========================================================================
Received Import Request.
  Time since last request: 0.001154 seconds.
  path: Assets/StoneUI/Buttons_512x512/Moss_Green/button_moss_green35.png
  artifactKey: Guid(fcfea0764b5c24b4b8c8f471240e5c5b) Importer(815301076,1909f56bfc062723c751e8b465ee728b)
Start importing Assets/StoneUI/Buttons_512x512/Moss_Green/button_moss_green35.png using Guid(fcfea0764b5c24b4b8c8f471240e5c5b) Importer(815301076,1909f56bfc062723c751e8b465ee728b)  -> (artifact id: '858822827257e40ce90d77286d0cabb7') in 0.020351 seconds
Number of updated asset objects reloaded before import = 0
Number of asset objects unloaded after import = 3
========================================================================
Received Import Request.
  Time since last request: 0.001473 seconds.
  path: Assets/StoneUI/Buttons_512x512/Moss_Green/button_moss_green41.png
  artifactKey: Guid(57befa7acb0119442a2d0eeb357d323d) Importer(815301076,1909f56bfc062723c751e8b465ee728b)
Start importing Assets/StoneUI/Buttons_512x512/Moss_Green/button_moss_green41.png using Guid(57befa7acb0119442a2d0eeb357d323d) Importer(815301076,1909f56bfc062723c751e8b465ee728b)  -> (artifact id: '1578f507eec0163a0e259000cb9232c0') in 0.025271 seconds
Number of updated asset objects reloaded before import = 0
Number of asset objects unloaded after import = 3
========================================================================
Received Import Request.
  Time since last request: 0.025145 seconds.
  path: Assets/StoneUI/Buttons_512x512/Moss_Green/button_moss_green39.png
  artifactKey: Guid(1efb64c2699228342b2a7829893936a9) Importer(815301076,1909f56bfc062723c751e8b465ee728b)
Start importing Assets/StoneUI/Buttons_512x512/Moss_Green/button_moss_green39.png using Guid(1efb64c2699228342b2a7829893936a9) Importer(815301076,1909f56bfc062723c751e8b465ee728b)  -> (artifact id: 'db7d345b45f2da5c0800aaf8b649e28e') in 0.020701 seconds
Number of updated asset objects reloaded before import = 0
Number of asset objects unloaded after import = 3
========================================================================
Received Import Request.
  Time since last request: 0.108774 seconds.
  path: Assets/StoneUI/Buttons_512x512/Moss_Green/button_moss_green43.png
  artifactKey: Guid(6ba9d7fe72e153e499ba0405223fa295) Importer(815301076,1909f56bfc062723c751e8b465ee728b)
Start importing Assets/StoneUI/Buttons_512x512/Moss_Green/button_moss_green43.png using Guid(6ba9d7fe72e153e499ba0405223fa295) Importer(815301076,1909f56bfc062723c751e8b465ee728b)  -> (artifact id: '48ff4fe7917b3c0c61413520014e9f0f') in 0.020060 seconds
Number of updated asset objects reloaded before import = 0
Number of asset objects unloaded after import = 3
========================================================================
Received Import Request.
  Time since last request: 0.001360 seconds.
  path: Assets/StoneUI/Buttons_512x512/Moss_Green/button_moss_green44.png
  artifactKey: Guid(ce17b711007022947a03143ddd053157) Importer(815301076,1909f56bfc062723c751e8b465ee728b)
Start importing Assets/StoneUI/Buttons_512x512/Moss_Green/button_moss_green44.png using Guid(ce17b711007022947a03143ddd053157) Importer(815301076,1909f56bfc062723c751e8b465ee728b)  -> (artifact id: '7ad581be4ce2f2b8c976b25d1061a9a6') in 0.022044 seconds
Number of updated asset objects reloaded before import = 0
Number of asset objects unloaded after import = 3
========================================================================
Received Import Request.
  Time since last request: 0.422553 seconds.
  path: Assets/StoneUI/Buttons_512x512/Moss_Green/button_moss_green48.png
  artifactKey: Guid(0fc497df52237f14eb9e7f64f4c32733) Importer(815301076,1909f56bfc062723c751e8b465ee728b)
Start importing Assets/StoneUI/Buttons_512x512/Moss_Green/button_moss_green48.png using Guid(0fc497df52237f14eb9e7f64f4c32733) Importer(815301076,1909f56bfc062723c751e8b465ee728b)  -> (artifact id: 'b9ae5c4c2eb0648fe020de87798d5006') in 0.015192 seconds
Number of updated asset objects reloaded before import = 0
Number of asset objects unloaded after import = 3
========================================================================
Received Import Request.
  Time since last request: 0.000474 seconds.
  path: Assets/StoneUI/Buttons_512x512/Moss_Green/button_moss_green49.png
  artifactKey: Guid(82548db7cb86e1e4dacde21ddf64b671) Importer(815301076,1909f56bfc062723c751e8b465ee728b)
Start importing Assets/StoneUI/Buttons_512x512/Moss_Green/button_moss_green49.png using Guid(82548db7cb86e1e4dacde21ddf64b671) Importer(815301076,1909f56bfc062723c751e8b465ee728b)  -> (artifact id: '27ce22525f0fcfe1fe0c843fe0c9909f') in 0.013460 seconds
Number of updated asset objects reloaded before import = 0
Number of asset objects unloaded after import = 3
Editor requested this worker to shutdown with reason: Scaling down because of idle timeout
TcpMessagingSession - receive error: operation aborted. errorcode: 89, details: Operation aborted.
AssetImportWorker is now disconnected from the server
Process exiting
