Using pre-set license
Built from '2022.3/staging' branch; Version is '2022.3.16f1 (d2c21f0ef2f1) revision 13812255'; Using compiler version '192829333'; Build Type 'Release'
OS: 'Windows 11  (10.0.22621) 64bit Core' Language: 'en' Physical Memory: 32435 MB
BatchMode: 1, IsHumanControllingUs: 0, StartBugReporterOnCrash: 0, Is64bit: 1, IsPro: 1

COMMAND LINE ARGUMENTS:
C:\Program Files\Unity\Hub\Editor\2022.3.16f1\Editor\Unity.exe
-adb2
-batchMode
-noUpm
-name
AssetImportWorker8
-projectPath
D:/cs3540/vege'fight/Vegetival
-logFile
Logs/AssetImportWorker8.log
-srvPort
63719
Successfully changed project path to: D:/cs3540/vege'fight/Vegetival
D:/cs3540/vege'fight/Vegetival
[UnityMemory] Configuration Parameters - Can be set up in boot.config
    "memorysetup-bucket-allocator-granularity=16"
    "memorysetup-bucket-allocator-bucket-count=8"
    "memorysetup-bucket-allocator-block-size=33554432"
    "memorysetup-bucket-allocator-block-count=8"
    "memorysetup-main-allocator-block-size=16777216"
    "memorysetup-thread-allocator-block-size=16777216"
    "memorysetup-gfx-main-allocator-block-size=16777216"
    "memorysetup-gfx-thread-allocator-block-size=16777216"
    "memorysetup-cache-allocator-block-size=4194304"
    "memorysetup-typetree-allocator-block-size=2097152"
    "memorysetup-profiler-bucket-allocator-granularity=16"
    "memorysetup-profiler-bucket-allocator-bucket-count=8"
    "memorysetup-profiler-bucket-allocator-block-size=33554432"
    "memorysetup-profiler-bucket-allocator-block-count=8"
    "memorysetup-profiler-allocator-block-size=16777216"
    "memorysetup-profiler-editor-allocator-block-size=1048576"
    "memorysetup-temp-allocator-size-main=16777216"
    "memorysetup-job-temp-allocator-block-size=2097152"
    "memorysetup-job-temp-allocator-block-size-background=1048576"
    "memorysetup-job-temp-allocator-reduction-small-platforms=262144"
    "memorysetup-allocator-temp-initial-block-size-main=262144"
    "memorysetup-allocator-temp-initial-block-size-worker=262144"
    "memorysetup-temp-allocator-size-background-worker=32768"
    "memorysetup-temp-allocator-size-job-worker=262144"
    "memorysetup-temp-allocator-size-preload-manager=33554432"
    "memorysetup-temp-allocator-size-nav-mesh-worker=65536"
    "memorysetup-temp-allocator-size-audio-worker=65536"
    "memorysetup-temp-allocator-size-cloud-worker=32768"
    "memorysetup-temp-allocator-size-gi-baking-worker=262144"
    "memorysetup-temp-allocator-size-gfx=262144"
Player connection [50900] Host "[IP] 192.168.56.1 [Port] 0 [Flags] 2 [Guid] 4137811583 [EditorId] 4137811583 [Version] 1048832 [Id] WindowsEditor(7,collin-new) [Debug] 1 [PackageName] WindowsEditor [ProjectName] Editor" joined multi-casting on [225.0.0.222:54997]...

Player connection [50900] Host "[IP] 192.168.56.1 [Port] 0 [Flags] 2 [Guid] 4137811583 [EditorId] 4137811583 [Version] 1048832 [Id] WindowsEditor(7,collin-new) [Debug] 1 [PackageName] WindowsEditor [ProjectName] Editor" joined alternative multi-casting on [225.0.0.222:34997]...

[Physics::Module] Initialized MultithreadedJobDispatcher with 19 workers.
Refreshing native plugins compatible for Editor in 0.78 ms, found 0 plugins.
Preloading 0 native plugins for Editor in 0.00 ms.
Initialize engine version: 2022.3.16f1 (d2c21f0ef2f1)
[Subsystems] Discovering subsystems at path C:/Program Files/Unity/Hub/Editor/2022.3.16f1/Editor/Data/Resources/UnitySubsystems
[Subsystems] Discovering subsystems at path D:/cs3540/vege'fight/Vegetival/Assets
GfxDevice: creating device client; threaded=0; jobified=0
Direct3D:
    Version:  Direct3D 11.0 [level 11.1]
    Renderer: NVIDIA GeForce RTX 3070 Ti Laptop GPU (ID=0x24e0)
    Vendor:   NVIDIA
    VRAM:     8018 MB
    Driver:   31.0.15.5212
Initialize mono
Mono path[0] = 'C:/Program Files/Unity/Hub/Editor/2022.3.16f1/Editor/Data/Managed'
Mono path[1] = 'C:/Program Files/Unity/Hub/Editor/2022.3.16f1/Editor/Data/MonoBleedingEdge/lib/mono/unityjit-win32'
Mono config path = 'C:/Program Files/Unity/Hub/Editor/2022.3.16f1/Editor/Data/MonoBleedingEdge/etc'
Using monoOptions --debugger-agent=transport=dt_socket,embedding=1,server=y,suspend=n,address=127.0.0.1:56748
Begin MonoManager ReloadAssembly
Registering precompiled unity dll's ...
Register platform support module: C:/Program Files/Unity/Hub/Editor/2022.3.16f1/Editor/Data/PlaybackEngines/WebGLSupport/UnityEditor.WebGL.Extensions.dll
Register platform support module: C:/Program Files/Unity/Hub/Editor/2022.3.16f1/Editor/Data/PlaybackEngines/WindowsStandaloneSupport/UnityEditor.WindowsStandalone.Extensions.dll
Registered in 0.004129 seconds.
- Loaded All Assemblies, in  0.266 seconds
Native extension for WindowsStandalone target not found
Native extension for WebGL target not found
Mono: successfully reloaded assembly
- Finished resetting the current domain, in  0.203 seconds
Domain Reload Profiling: 468ms
	BeginReloadAssembly (88ms)
		ExecutionOrderSort (0ms)
		DisableScriptedObjects (0ms)
		BackupInstance (0ms)
		ReleaseScriptingObjects (0ms)
		CreateAndSetChildDomain (1ms)
	RebuildCommonClasses (27ms)
	RebuildNativeTypeToScriptingClass (7ms)
	initialDomainReloadingComplete (38ms)
	LoadAllAssembliesAndSetupDomain (104ms)
		LoadAssemblies (87ms)
		RebuildTransferFunctionScriptingTraits (0ms)
		AnalyzeDomain (103ms)
			TypeCache.Refresh (102ms)
				TypeCache.ScanAssembly (92ms)
			ScanForSourceGeneratedMonoScriptInfo (0ms)
			ResolveRequiredComponents (0ms)
	FinalizeReload (203ms)
		ReleaseScriptCaches (0ms)
		RebuildScriptCaches (0ms)
		SetupLoadedEditorAssemblies (157ms)
			LogAssemblyErrors (0ms)
			InitializePlatformSupportModulesInManaged (8ms)
			SetLoadedEditorAssemblies (4ms)
			RefreshPlugins (0ms)
			BeforeProcessingInitializeOnLoad (2ms)
			ProcessInitializeOnLoadAttributes (108ms)
			ProcessInitializeOnLoadMethodAttributes (35ms)
			AfterProcessingInitializeOnLoad (0ms)
			EditorAssembliesLoaded (0ms)
		ExecutionOrderSort2 (0ms)
		AwakeInstancesAfterBackupRestoration (0ms)
========================================================================
Worker process is ready to serve import requests
Begin MonoManager ReloadAssembly
- Loaded All Assemblies, in  0.273 seconds
Refreshing native plugins compatible for Editor in 0.26 ms, found 0 plugins.
Native extension for WindowsStandalone target not found
Native extension for WebGL target not found
Mono: successfully reloaded assembly
- Finished resetting the current domain, in  0.299 seconds
Domain Reload Profiling: 572ms
	BeginReloadAssembly (104ms)
		ExecutionOrderSort (0ms)
		DisableScriptedObjects (4ms)
		BackupInstance (0ms)
		ReleaseScriptingObjects (0ms)
		CreateAndSetChildDomain (16ms)
	RebuildCommonClasses (24ms)
	RebuildNativeTypeToScriptingClass (9ms)
	initialDomainReloadingComplete (29ms)
	LoadAllAssembliesAndSetupDomain (107ms)
		LoadAssemblies (142ms)
		RebuildTransferFunctionScriptingTraits (0ms)
		AnalyzeDomain (24ms)
			TypeCache.Refresh (17ms)
				TypeCache.ScanAssembly (11ms)
			ScanForSourceGeneratedMonoScriptInfo (4ms)
			ResolveRequiredComponents (2ms)
	FinalizeReload (300ms)
		ReleaseScriptCaches (0ms)
		RebuildScriptCaches (0ms)
		SetupLoadedEditorAssemblies (199ms)
			LogAssemblyErrors (0ms)
			InitializePlatformSupportModulesInManaged (5ms)
			SetLoadedEditorAssemblies (3ms)
			RefreshPlugins (0ms)
			BeforeProcessingInitializeOnLoad (38ms)
			ProcessInitializeOnLoadAttributes (135ms)
			ProcessInitializeOnLoadMethodAttributes (15ms)
			AfterProcessingInitializeOnLoad (4ms)
			EditorAssembliesLoaded (0ms)
		ExecutionOrderSort2 (0ms)
		AwakeInstancesAfterBackupRestoration (5ms)
Launched and connected shader compiler UnityShaderCompiler.exe after 0.05 seconds
Refreshing native plugins compatible for Editor in 0.30 ms, found 0 plugins.
Preloading 0 native plugins for Editor in 0.00 ms.
Unloading 839 Unused Serialized files (Serialized files now loaded: 0)
Unloading 10 unused Assets / (50.3 KB). Loaded Objects now: 1322.
Memory consumption went from 151.7 MB to 151.7 MB.
Total: 1.974000 ms (FindLiveObjects: 0.069000 ms CreateObjectMapping: 0.022400 ms MarkObjects: 1.810300 ms  DeleteObjects: 0.071300 ms)

AssetImportParameters requested are different than current active one (requested -> active):
  custom:video-encoder-webm-vp8: eb34c28f22e8b96e1ab97ce403110664 -> 
  custom:video-decoder-webm-vp8: 9c59270c3fd7afecdb556c50c9e8de78 -> 
  custom:audio-decoder-ogg-vorbis: bf7c407c2cedff20999df2af8eb42d56 -> 
  custom:SearchIndexIgnoredProperties: e643bd26f0fe6173181afceb89e7c659 -> 
  custom:container-demuxer-ogg: 62fdf1f143b41e24485cea50d1cbac27 -> 
  custom:AudioImporter_EditorPlatform: d09bf68614088b80899f8185d706f6e7 -> 
  custom:CustomObjectIndexerAttribute: 43b350a4d6e6d1791af0b5038c4bea17 -> 
  custom:container-demuxer-webm: 4f35f7cbe854078d1ac9338744f61a02 -> 
  custom:video-codec-MediaFoundation-h265: 746d11721c4dcdbdad8f713fa42b33f4 -> 
  custom:video-decoder-ogg-theora: a1e56fd34408186e4bbccfd4996cb3dc -> 
  custom:audio-encoder-webm-vorbis: bf7c407c2cedff20999df2af8eb42d56 -> 
  custom:framework-win-MediaFoundation: 216162199b28c13a410421893ffa2e32 -> 
  custom:container-muxer-webm: aa71ff27fc2769a1b78a27578f13a17b -> 
========================================================================
Received Import Request.
  Time since last request: 437669.163475 seconds.
  path: Assets/Low Poly Fruits/Materials/Fruits_Texture.png
  artifactKey: Guid(45df95f9f966e52418e878fe07503b07) Importer(815301076,1909f56bfc062723c751e8b465ee728b)
Start importing Assets/Low Poly Fruits/Materials/Fruits_Texture.png using Guid(45df95f9f966e52418e878fe07503b07) Importer(815301076,1909f56bfc062723c751e8b465ee728b)  -> (artifact id: '9344d2056effd13959ac3ee3c006541d') in 0.071197 seconds
Number of updated asset objects reloaded before import = 0
Number of asset objects unloaded after import = 2
========================================================================
Received Import Request.
  Time since last request: 0.000024 seconds.
  path: Assets/Scene Teleportation Kit/Art/Textures/male_casualsuit06_diffuse.png
  artifactKey: Guid(573a0fdccc05b604ab35df3fb727b8a8) Importer(815301076,1909f56bfc062723c751e8b465ee728b)
Start importing Assets/Scene Teleportation Kit/Art/Textures/male_casualsuit06_diffuse.png using Guid(573a0fdccc05b604ab35df3fb727b8a8) Importer(815301076,1909f56bfc062723c751e8b465ee728b)  -> (artifact id: '96126f6cd0ba0900762e29a97f65e6cf') in 0.078699 seconds
Number of updated asset objects reloaded before import = 0
Number of asset objects unloaded after import = 2
========================================================================
Received Import Request.
  Time since last request: 4.407278 seconds.
  path: Assets/StoneUI/OtherUI_2-1K/2.png
  artifactKey: Guid(92aed355811f74647a8a12fc00cbe8c5) Importer(815301076,1909f56bfc062723c751e8b465ee728b)
Start importing Assets/StoneUI/OtherUI_2-1K/2.png using Guid(92aed355811f74647a8a12fc00cbe8c5) Importer(815301076,1909f56bfc062723c751e8b465ee728b)  -> (artifact id: 'd3e8c82fbe160ac99aa84973f8e91e1b') in 0.210641 seconds
Number of updated asset objects reloaded before import = 0
Number of asset objects unloaded after import = 13
========================================================================
Received Import Request.
  Time since last request: 0.000015 seconds.
  path: Assets/StoneUI/OtherUI_2-1K/button_rock_Play5.png
  artifactKey: Guid(f11b547750a4b1a4794915bbcbdfe633) Importer(815301076,1909f56bfc062723c751e8b465ee728b)
Start importing Assets/StoneUI/OtherUI_2-1K/button_rock_Play5.png using Guid(f11b547750a4b1a4794915bbcbdfe633) Importer(815301076,1909f56bfc062723c751e8b465ee728b)  -> (artifact id: 'd67e45d28eacc8a1435fe52e403d4f68') in 0.131363 seconds
Number of updated asset objects reloaded before import = 0
Number of asset objects unloaded after import = 28
========================================================================
Received Import Request.
  Time since last request: 6.929489 seconds.
  path: Assets/StoneUI/Buttons_128x128/button_moss_green.png
  artifactKey: Guid(f760e8c2f86be0a46a16e0a7a5bfe8ed) Importer(815301076,1909f56bfc062723c751e8b465ee728b)
Start importing Assets/StoneUI/Buttons_128x128/button_moss_green.png using Guid(f760e8c2f86be0a46a16e0a7a5bfe8ed) Importer(815301076,1909f56bfc062723c751e8b465ee728b)  -> (artifact id: 'a4e5e95a3092c0195af4a1b8a99c2cc1') in 0.160287 seconds
Number of updated asset objects reloaded before import = 0
Number of asset objects unloaded after import = 52
========================================================================
Received Import Request.
  Time since last request: 0.000015 seconds.
  path: Assets/StoneUI/Buttons_128x128/button_white.png
  artifactKey: Guid(0eaf9fe6c11160f438c2d72544ae3270) Importer(815301076,1909f56bfc062723c751e8b465ee728b)
Start importing Assets/StoneUI/Buttons_128x128/button_white.png using Guid(0eaf9fe6c11160f438c2d72544ae3270) Importer(815301076,1909f56bfc062723c751e8b465ee728b)  -> (artifact id: 'ae5bed85fbf45d0eb9b080f057c688f3') in 0.135450 seconds
Number of updated asset objects reloaded before import = 0
Number of asset objects unloaded after import = 52
========================================================================
Received Import Request.
  Time since last request: 0.000019 seconds.
  path: Assets/StoneUI/Buttons_128x128/button_rock_blue.png
  artifactKey: Guid(fbef8127a0a451441b915929eb18ff11) Importer(815301076,1909f56bfc062723c751e8b465ee728b)
Start importing Assets/StoneUI/Buttons_128x128/button_rock_blue.png using Guid(fbef8127a0a451441b915929eb18ff11) Importer(815301076,1909f56bfc062723c751e8b465ee728b)  -> (artifact id: 'e1288898d1e1f8551bee25640dfb42f0') in 0.118993 seconds
Number of updated asset objects reloaded before import = 0
Number of asset objects unloaded after import = 52
========================================================================
Received Import Request.
  Time since last request: 2.975069 seconds.
  path: Assets/StoneUI/Buttons_256x256/button_moss_green.png
  artifactKey: Guid(096ec2c5d118e4e44a6a2e3abc02d7c2) Importer(815301076,1909f56bfc062723c751e8b465ee728b)
Start importing Assets/StoneUI/Buttons_256x256/button_moss_green.png using Guid(096ec2c5d118e4e44a6a2e3abc02d7c2) Importer(815301076,1909f56bfc062723c751e8b465ee728b)  -> (artifact id: '84e2c8eb1dd8fa9230176211647e6324') in 0.195222 seconds
Number of updated asset objects reloaded before import = 0
Number of asset objects unloaded after import = 52
========================================================================
Received Import Request.
  Time since last request: 0.000015 seconds.
  path: Assets/StoneUI/Buttons_256x256/button_rock_black.png
  artifactKey: Guid(8bae6abdcebc3284bbef31c1d7f32a9d) Importer(815301076,1909f56bfc062723c751e8b465ee728b)
Start importing Assets/StoneUI/Buttons_256x256/button_rock_black.png using Guid(8bae6abdcebc3284bbef31c1d7f32a9d) Importer(815301076,1909f56bfc062723c751e8b465ee728b)  -> (artifact id: 'ec3b2e48add66d5c6f02d4295d41c6d8') in 0.158966 seconds
Number of updated asset objects reloaded before import = 0
Number of asset objects unloaded after import = 52
========================================================================
Received Import Request.
  Time since last request: 5.063757 seconds.
  path: Assets/StoneUI/OtherUI_4k+/button38.png
  artifactKey: Guid(476e143a9b3657345940bbc73c1a671e) Importer(815301076,1909f56bfc062723c751e8b465ee728b)
Start importing Assets/StoneUI/OtherUI_4k+/button38.png using Guid(476e143a9b3657345940bbc73c1a671e) Importer(815301076,1909f56bfc062723c751e8b465ee728b)  -> (artifact id: '3994e1bda0f687208c0bd4a10b58cba8') in 0.029243 seconds
Number of updated asset objects reloaded before import = 0
Number of asset objects unloaded after import = 3
========================================================================
Received Import Request.
  Time since last request: 1.866082 seconds.
  path: Assets/StoneUI/OtherUI_4k+/button50.png
  artifactKey: Guid(6eaf20c1280d2704ca2298a22970fbc9) Importer(815301076,1909f56bfc062723c751e8b465ee728b)
Start importing Assets/StoneUI/OtherUI_4k+/button50.png using Guid(6eaf20c1280d2704ca2298a22970fbc9) Importer(815301076,1909f56bfc062723c751e8b465ee728b)  -> (artifact id: 'c889c314d65417def54a8f6a60bf6480') in 0.038384 seconds
Number of updated asset objects reloaded before import = 0
Number of asset objects unloaded after import = 3
========================================================================
Received Import Request.
  Time since last request: 0.454094 seconds.
  path: Assets/StoneUI/OtherUI_4k+/button54.png
  artifactKey: Guid(68f524515f5d5d749b94a6d6460c61a3) Importer(815301076,1909f56bfc062723c751e8b465ee728b)
Start importing Assets/StoneUI/OtherUI_4k+/button54.png using Guid(68f524515f5d5d749b94a6d6460c61a3) Importer(815301076,1909f56bfc062723c751e8b465ee728b)  -> (artifact id: '39eacde46b33e7b4861e1f7d11b907d0') in 0.025956 seconds
Number of updated asset objects reloaded before import = 0
Number of asset objects unloaded after import = 3
========================================================================
Received Import Request.
  Time since last request: 0.369161 seconds.
  path: Assets/StoneUI/OtherUI_4k+/button56.png
  artifactKey: Guid(12f88edb1a122d042b4b8e1e96dd285c) Importer(815301076,1909f56bfc062723c751e8b465ee728b)
Start importing Assets/StoneUI/OtherUI_4k+/button56.png using Guid(12f88edb1a122d042b4b8e1e96dd285c) Importer(815301076,1909f56bfc062723c751e8b465ee728b)  -> (artifact id: '44ce31e54b26fb266a447faee072bac2') in 0.022229 seconds
Number of updated asset objects reloaded before import = 0
Number of asset objects unloaded after import = 3
========================================================================
Received Import Request.
  Time since last request: 1.021884 seconds.
  path: Assets/StoneUI/OtherUI_4k+/button58.png
  artifactKey: Guid(ba0fc84c937a69341b9b85c0f958bb1c) Importer(815301076,1909f56bfc062723c751e8b465ee728b)
Start importing Assets/StoneUI/OtherUI_4k+/button58.png using Guid(ba0fc84c937a69341b9b85c0f958bb1c) Importer(815301076,1909f56bfc062723c751e8b465ee728b)  -> (artifact id: '10dd0a71448e7dfb2d27840776307042') in 0.024363 seconds
Number of updated asset objects reloaded before import = 0
Number of asset objects unloaded after import = 3
========================================================================
Received Import Request.
  Time since last request: 0.018446 seconds.
  path: Assets/StoneUI/OtherUI_4k+/button60.png
  artifactKey: Guid(627c13a8eac29624880b49f1e0824a61) Importer(815301076,1909f56bfc062723c751e8b465ee728b)
Start importing Assets/StoneUI/OtherUI_4k+/button60.png using Guid(627c13a8eac29624880b49f1e0824a61) Importer(815301076,1909f56bfc062723c751e8b465ee728b)  -> (artifact id: '6d0808c15725b7943bb7c2009a7b188d') in 0.024481 seconds
Number of updated asset objects reloaded before import = 0
Number of asset objects unloaded after import = 3
========================================================================
Received Import Request.
  Time since last request: 0.387923 seconds.
  path: Assets/StoneUI/OtherUI_4k+/button62.png
  artifactKey: Guid(771dc04c66edd8f4dadc614059a2407a) Importer(815301076,1909f56bfc062723c751e8b465ee728b)
Start importing Assets/StoneUI/OtherUI_4k+/button62.png using Guid(771dc04c66edd8f4dadc614059a2407a) Importer(815301076,1909f56bfc062723c751e8b465ee728b)  -> (artifact id: '32b0e24bb274f9994f371c8657c5810d') in 0.028159 seconds
Number of updated asset objects reloaded before import = 0
Number of asset objects unloaded after import = 3
========================================================================
Received Prepare
Begin MonoManager ReloadAssembly
- Loaded All Assemblies, in  0.272 seconds
Refreshing native plugins compatible for Editor in 0.32 ms, found 0 plugins.
Native extension for WindowsStandalone target not found
Native extension for WebGL target not found
Mono: successfully reloaded assembly
- Finished resetting the current domain, in  0.353 seconds
Domain Reload Profiling: 624ms
	BeginReloadAssembly (116ms)
		ExecutionOrderSort (0ms)
		DisableScriptedObjects (4ms)
		BackupInstance (0ms)
		ReleaseScriptingObjects (0ms)
		CreateAndSetChildDomain (18ms)
	RebuildCommonClasses (31ms)
	RebuildNativeTypeToScriptingClass (8ms)
	initialDomainReloadingComplete (21ms)
	LoadAllAssembliesAndSetupDomain (95ms)
		LoadAssemblies (158ms)
		RebuildTransferFunctionScriptingTraits (0ms)
		AnalyzeDomain (8ms)
			TypeCache.Refresh (3ms)
				TypeCache.ScanAssembly (0ms)
			ScanForSourceGeneratedMonoScriptInfo (0ms)
			ResolveRequiredComponents (4ms)
	FinalizeReload (354ms)
		ReleaseScriptCaches (0ms)
		RebuildScriptCaches (0ms)
		SetupLoadedEditorAssemblies (206ms)
			LogAssemblyErrors (0ms)
			InitializePlatformSupportModulesInManaged (6ms)
			SetLoadedEditorAssemblies (3ms)
			RefreshPlugins (0ms)
			BeforeProcessingInitializeOnLoad (37ms)
			ProcessInitializeOnLoadAttributes (137ms)
			ProcessInitializeOnLoadMethodAttributes (18ms)
			AfterProcessingInitializeOnLoad (4ms)
			EditorAssembliesLoaded (0ms)
		ExecutionOrderSort2 (0ms)
		AwakeInstancesAfterBackupRestoration (6ms)
Refreshing native plugins compatible for Editor in 0.56 ms, found 0 plugins.
Preloading 0 native plugins for Editor in 0.00 ms.
Unloading 818 Unused Serialized files (Serialized files now loaded: 0)
Unloading 6 unused Assets / (24.4 KB). Loaded Objects now: 1364.
Memory consumption went from 153.0 MB to 153.0 MB.
Total: 2.996400 ms (FindLiveObjects: 0.090100 ms CreateObjectMapping: 0.053000 ms MarkObjects: 2.809500 ms  DeleteObjects: 0.042500 ms)

Prepare: number of updated asset objects reloaded= 0
AssetImportParameters requested are different than current active one (requested -> active):
  custom:video-encoder-webm-vp8: eb34c28f22e8b96e1ab97ce403110664 -> 
  custom:video-decoder-webm-vp8: 9c59270c3fd7afecdb556c50c9e8de78 -> 
  custom:audio-decoder-ogg-vorbis: bf7c407c2cedff20999df2af8eb42d56 -> 
  custom:SearchIndexIgnoredProperties: e643bd26f0fe6173181afceb89e7c659 -> 
  custom:container-demuxer-ogg: 62fdf1f143b41e24485cea50d1cbac27 -> 
  custom:AudioImporter_EditorPlatform: d09bf68614088b80899f8185d706f6e7 -> 
  custom:CustomObjectIndexerAttribute: 43b350a4d6e6d1791af0b5038c4bea17 -> 
  custom:container-demuxer-webm: 4f35f7cbe854078d1ac9338744f61a02 -> 
  custom:video-codec-MediaFoundation-h265: 746d11721c4dcdbdad8f713fa42b33f4 -> 
  custom:video-decoder-ogg-theora: a1e56fd34408186e4bbccfd4996cb3dc -> 
  custom:audio-encoder-webm-vorbis: bf7c407c2cedff20999df2af8eb42d56 -> 
  custom:framework-win-MediaFoundation: 216162199b28c13a410421893ffa2e32 -> 
  custom:container-muxer-webm: aa71ff27fc2769a1b78a27578f13a17b -> 
========================================================================
Received Import Request.
  Time since last request: 263.260878 seconds.
  path: Assets/StoneUI/Buttons_512x512/Moss_Blue/button_moss_blue1.png
  artifactKey: Guid(236328a9dcc1cea4ea7fdc8f85dc90a6) Importer(815301076,1909f56bfc062723c751e8b465ee728b)
Start importing Assets/StoneUI/Buttons_512x512/Moss_Blue/button_moss_blue1.png using Guid(236328a9dcc1cea4ea7fdc8f85dc90a6) Importer(815301076,1909f56bfc062723c751e8b465ee728b)  -> (artifact id: 'c884a4ed2c8b01d40776481c523c6cf8') in 0.081210 seconds
Number of updated asset objects reloaded before import = 0
Number of asset objects unloaded after import = 3
========================================================================
Received Import Request.
  Time since last request: 0.000017 seconds.
  path: Assets/StoneUI/Buttons_512x512/Moss_Blue/button_moss_blue12.png
  artifactKey: Guid(99e70e1e96d90c844af6c7a9cbb3d244) Importer(815301076,1909f56bfc062723c751e8b465ee728b)
Start importing Assets/StoneUI/Buttons_512x512/Moss_Blue/button_moss_blue12.png using Guid(99e70e1e96d90c844af6c7a9cbb3d244) Importer(815301076,1909f56bfc062723c751e8b465ee728b)  -> (artifact id: '5a561669904412713121fe397d9bc871') in 0.022398 seconds
Number of updated asset objects reloaded before import = 0
Number of asset objects unloaded after import = 3
========================================================================
Received Import Request.
  Time since last request: 0.000027 seconds.
  path: Assets/StoneUI/Buttons_512x512/Moss_Blue/button_moss_blue13.png
  artifactKey: Guid(569a923c2528f534094780108913bc3e) Importer(815301076,1909f56bfc062723c751e8b465ee728b)
Start importing Assets/StoneUI/Buttons_512x512/Moss_Blue/button_moss_blue13.png using Guid(569a923c2528f534094780108913bc3e) Importer(815301076,1909f56bfc062723c751e8b465ee728b)  -> (artifact id: '95a2cf8f306e4e1cf53898efba36b44a') in 0.019015 seconds
Number of updated asset objects reloaded before import = 0
Number of asset objects unloaded after import = 3
========================================================================
Received Import Request.
  Time since last request: 0.000015 seconds.
  path: Assets/StoneUI/Buttons_512x512/Moss_Blue/button_moss_blue18.png
  artifactKey: Guid(29c6b1666b7fae64eb2804d2d548724b) Importer(815301076,1909f56bfc062723c751e8b465ee728b)
Start importing Assets/StoneUI/Buttons_512x512/Moss_Blue/button_moss_blue18.png using Guid(29c6b1666b7fae64eb2804d2d548724b) Importer(815301076,1909f56bfc062723c751e8b465ee728b)  -> (artifact id: 'd7a4ba3a113cdbf1f84776c25fcfd315') in 0.018840 seconds
Number of updated asset objects reloaded before import = 0
Number of asset objects unloaded after import = 3
========================================================================
Received Import Request.
  Time since last request: 0.000020 seconds.
  path: Assets/StoneUI/Buttons_512x512/Moss_Blue/button_moss_blue3.png
  artifactKey: Guid(22ae15c266f50c641921d633c9f0c331) Importer(815301076,1909f56bfc062723c751e8b465ee728b)
Start importing Assets/StoneUI/Buttons_512x512/Moss_Blue/button_moss_blue3.png using Guid(22ae15c266f50c641921d633c9f0c331) Importer(815301076,1909f56bfc062723c751e8b465ee728b)  -> (artifact id: '904ddd1e772750bd572331d8c9810e5c') in 0.019261 seconds
Number of updated asset objects reloaded before import = 0
Number of asset objects unloaded after import = 3
========================================================================
Received Import Request.
  Time since last request: 0.000019 seconds.
  path: Assets/StoneUI/Buttons_512x512/Moss_Blue/button_moss_blue4.png
  artifactKey: Guid(2c5fb807cda761949b470bf01c4b5cc0) Importer(815301076,1909f56bfc062723c751e8b465ee728b)
Start importing Assets/StoneUI/Buttons_512x512/Moss_Blue/button_moss_blue4.png using Guid(2c5fb807cda761949b470bf01c4b5cc0) Importer(815301076,1909f56bfc062723c751e8b465ee728b)  -> (artifact id: '24e18f3288ae61bd70c8a35e16865cbe') in 0.022376 seconds
Number of updated asset objects reloaded before import = 0
Number of asset objects unloaded after import = 3
========================================================================
Received Import Request.
  Time since last request: 0.000017 seconds.
  path: Assets/StoneUI/Buttons_512x512/Moss_Blue/button_moss_blue6.png
  artifactKey: Guid(9d55314dec947664c97873df94733489) Importer(815301076,1909f56bfc062723c751e8b465ee728b)
Start importing Assets/StoneUI/Buttons_512x512/Moss_Blue/button_moss_blue6.png using Guid(9d55314dec947664c97873df94733489) Importer(815301076,1909f56bfc062723c751e8b465ee728b)  -> (artifact id: 'c14a718eeb18a8100c652c926c034737') in 0.021499 seconds
Number of updated asset objects reloaded before import = 0
Number of asset objects unloaded after import = 3
========================================================================
Received Import Request.
  Time since last request: 0.000104 seconds.
  path: Assets/StoneUI/Buttons_512x512/Moss_Blue/button_moss_blue8.png
  artifactKey: Guid(6fec25f570b523c4ba467d02ef53ca57) Importer(815301076,1909f56bfc062723c751e8b465ee728b)
Start importing Assets/StoneUI/Buttons_512x512/Moss_Blue/button_moss_blue8.png using Guid(6fec25f570b523c4ba467d02ef53ca57) Importer(815301076,1909f56bfc062723c751e8b465ee728b)  -> (artifact id: '726e49c5fe6a172f34c8da63fd3795af') in 0.020696 seconds
Number of updated asset objects reloaded before import = 0
Number of asset objects unloaded after import = 3
========================================================================
Received Import Request.
  Time since last request: 0.000065 seconds.
  path: Assets/StoneUI/Buttons_512x512/Moss_Blue/button_moss_blue10.png
  artifactKey: Guid(66aa200b8da6572489e5c907616dec2e) Importer(815301076,1909f56bfc062723c751e8b465ee728b)
Start importing Assets/StoneUI/Buttons_512x512/Moss_Blue/button_moss_blue10.png using Guid(66aa200b8da6572489e5c907616dec2e) Importer(815301076,1909f56bfc062723c751e8b465ee728b)  -> (artifact id: '00de1c6b3e838464689ba6858741e75d') in 0.018854 seconds
Number of updated asset objects reloaded before import = 0
Number of asset objects unloaded after import = 3
Editor requested this worker to shutdown with reason: Scaling down because of idle timeout
TcpMessagingSession - receive error: operation aborted. errorcode: 995, details: The I/O operation has been aborted because of either a thread exit or an application request.
AssetImportWorker is now disconnected from the server
Process exiting
Exiting without the bug reporter. Application will terminate with return code 0