Unity Editor version:    2022.3.16f1 (d2c21f0ef2f1)
Branch:                  2022.3/staging
Build type:              Release
Batch mode:              YES
macOS version:           Version 14.2.1 (Build 23C71)
Darwin version:          23.2.0
Architecture:            arm64
Running under Rosetta:   NO
Available memory:        16384 MB
Using pre-set license
Pro License: YES

COMMAND LINE ARGUMENTS:
/Applications/Unity/Hub/Editor/2022.3.16f1/Unity.app/Contents/MacOS/Unity
-adb2
-batchMode
-noUpm
-name
AssetImportWorker10
-projectPath
/Users/weijia/Game/Vege’tival
-logFile
Logs/AssetImportWorker10.log
-srvPort
63037
Successfully changed project path to: /Users/weijia/Game/Vege’tival
/Users/weijia/Game/Vege’tival
[UnityMemory] Configuration Parameters - Can be set up in boot.config
    "memorysetup-bucket-allocator-granularity=16"
    "memorysetup-bucket-allocator-bucket-count=8"
    "memorysetup-bucket-allocator-block-size=33554432"
    "memorysetup-bucket-allocator-block-count=8"
    "memorysetup-main-allocator-block-size=16777216"
    "memorysetup-thread-allocator-block-size=16777216"
    "memorysetup-gfx-main-allocator-block-size=16777216"
    "memorysetup-gfx-thread-allocator-block-size=16777216"
    "memorysetup-cache-allocator-block-size=4194304"
    "memorysetup-typetree-allocator-block-size=2097152"
    "memorysetup-profiler-bucket-allocator-granularity=16"
    "memorysetup-profiler-bucket-allocator-bucket-count=8"
    "memorysetup-profiler-bucket-allocator-block-size=33554432"
    "memorysetup-profiler-bucket-allocator-block-count=8"
    "memorysetup-profiler-allocator-block-size=16777216"
    "memorysetup-profiler-editor-allocator-block-size=1048576"
    "memorysetup-temp-allocator-size-main=16777216"
    "memorysetup-job-temp-allocator-block-size=2097152"
    "memorysetup-job-temp-allocator-block-size-background=1048576"
    "memorysetup-job-temp-allocator-reduction-small-platforms=262144"
    "memorysetup-allocator-temp-initial-block-size-main=262144"
    "memorysetup-allocator-temp-initial-block-size-worker=262144"
    "memorysetup-temp-allocator-size-background-worker=32768"
    "memorysetup-temp-allocator-size-job-worker=262144"
    "memorysetup-temp-allocator-size-preload-manager=33554432"
    "memorysetup-temp-allocator-size-nav-mesh-worker=65536"
    "memorysetup-temp-allocator-size-audio-worker=65536"
    "memorysetup-temp-allocator-size-cloud-worker=32768"
    "memorysetup-temp-allocator-size-gi-baking-worker=262144"
    "memorysetup-temp-allocator-size-gfx=262144"
Player connection [7914541056] Host "[IP] 192.168.1.101 [Port] 0 [Flags] 2 [Guid] 2871760088 [EditorId] 2871760088 [Version] 1048832 [Id] OSXEditor(0,Weijias-MacBook-Air.local) [Debug] 1 [PackageName] OSXEditor [ProjectName] Editor" joined multi-casting on [225.0.0.222:54997]...

Player connection [7914541056] Host "[IP] 192.168.1.101 [Port] 0 [Flags] 2 [Guid] 2871760088 [EditorId] 2871760088 [Version] 1048832 [Id] OSXEditor(0,Weijias-MacBook-Air.local) [Debug] 1 [PackageName] OSXEditor [ProjectName] Editor" joined alternative multi-casting on [225.0.0.222:34997]...

[Physics::Module] Initialized MultithreadedJobDispatcher with 7 workers.
Refreshing native plugins compatible for Editor in 3.62 ms, found 1 plugins.
Preloading 0 native plugins for Editor in 0.00 ms.
Initialize engine version: 2022.3.16f1 (d2c21f0ef2f1)
[Subsystems] Discovering subsystems at path /Applications/Unity/Hub/Editor/2022.3.16f1/Unity.app/Contents/Resources/UnitySubsystems
[Subsystems] Discovering subsystems at path /Users/weijia/Game/Vege’tival/Assets
GfxDevice: creating device client; threaded=0; jobified=0
 preferred device: Apple M1 (high power)
Metal devices available: 1
0: Apple M1 (high power)
Using device Apple M1 (high power)
Initializing Metal device caps: Apple M1
Initialize mono
Mono path[0] = '/Applications/Unity/Hub/Editor/2022.3.16f1/Unity.app/Contents/Managed'
Mono path[1] = '/Applications/Unity/Hub/Editor/2022.3.16f1/Unity.app/Contents/MonoBleedingEdge/lib/mono/unityjit-macos'
Mono config path = '/Applications/Unity/Hub/Editor/2022.3.16f1/Unity.app/Contents/MonoBleedingEdge/etc'
Using monoOptions --debugger-agent=transport=dt_socket,embedding=1,server=y,suspend=n,address=127.0.0.1:56399
Begin MonoManager ReloadAssembly
Registering precompiled unity dll's ...
Register platform support module: /Applications/Unity/Hub/Editor/2022.3.16f1/Unity.app/Contents/PlaybackEngines/MacStandaloneSupport/UnityEditor.OSXStandalone.Extensions.dll
Registered in 0.002447 seconds.
- Loaded All Assemblies, in  0.821 seconds
Native extension for OSXStandalone target not found
Mono: successfully reloaded assembly
- Finished resetting the current domain, in  0.539 seconds
Domain Reload Profiling: 1361ms
	BeginReloadAssembly (227ms)
		ExecutionOrderSort (0ms)
		DisableScriptedObjects (0ms)
		BackupInstance (0ms)
		ReleaseScriptingObjects (0ms)
		CreateAndSetChildDomain (1ms)
	RebuildCommonClasses (101ms)
	RebuildNativeTypeToScriptingClass (35ms)
	initialDomainReloadingComplete (98ms)
	LoadAllAssembliesAndSetupDomain (360ms)
		LoadAssemblies (226ms)
		RebuildTransferFunctionScriptingTraits (0ms)
		AnalyzeDomain (357ms)
			TypeCache.Refresh (355ms)
				TypeCache.ScanAssembly (326ms)
			ScanForSourceGeneratedMonoScriptInfo (1ms)
			ResolveRequiredComponents (1ms)
	FinalizeReload (540ms)
		ReleaseScriptCaches (0ms)
		RebuildScriptCaches (0ms)
		SetupLoadedEditorAssemblies (409ms)
			LogAssemblyErrors (0ms)
			InitializePlatformSupportModulesInManaged (14ms)
			SetLoadedEditorAssemblies (18ms)
			RefreshPlugins (0ms)
			BeforeProcessingInitializeOnLoad (3ms)
			ProcessInitializeOnLoadAttributes (294ms)
			ProcessInitializeOnLoadMethodAttributes (80ms)
			AfterProcessingInitializeOnLoad (0ms)
			EditorAssembliesLoaded (0ms)
		ExecutionOrderSort2 (0ms)
		AwakeInstancesAfterBackupRestoration (0ms)
========================================================================
Worker process is ready to serve import requests
Begin MonoManager ReloadAssembly
- Loaded All Assemblies, in  0.684 seconds
Refreshing native plugins compatible for Editor in 0.32 ms, found 1 plugins.
Native extension for OSXStandalone target not found
Mono: successfully reloaded assembly
- Finished resetting the current domain, in  0.667 seconds
Domain Reload Profiling: 1351ms
	BeginReloadAssembly (216ms)
		ExecutionOrderSort (0ms)
		DisableScriptedObjects (9ms)
		BackupInstance (0ms)
		ReleaseScriptingObjects (0ms)
		CreateAndSetChildDomain (47ms)
	RebuildCommonClasses (99ms)
	RebuildNativeTypeToScriptingClass (36ms)
	initialDomainReloadingComplete (83ms)
	LoadAllAssembliesAndSetupDomain (249ms)
		LoadAssemblies (280ms)
		RebuildTransferFunctionScriptingTraits (0ms)
		AnalyzeDomain (75ms)
			TypeCache.Refresh (54ms)
				TypeCache.ScanAssembly (37ms)
			ScanForSourceGeneratedMonoScriptInfo (9ms)
			ResolveRequiredComponents (10ms)
	FinalizeReload (668ms)
		ReleaseScriptCaches (0ms)
		RebuildScriptCaches (0ms)
		SetupLoadedEditorAssemblies (398ms)
			LogAssemblyErrors (0ms)
			InitializePlatformSupportModulesInManaged (7ms)
			SetLoadedEditorAssemblies (9ms)
			RefreshPlugins (0ms)
			BeforeProcessingInitializeOnLoad (71ms)
			ProcessInitializeOnLoadAttributes (272ms)
			ProcessInitializeOnLoadMethodAttributes (38ms)
			AfterProcessingInitializeOnLoad (1ms)
			EditorAssembliesLoaded (0ms)
		ExecutionOrderSort2 (0ms)
		AwakeInstancesAfterBackupRestoration (7ms)
Launching external process: /Applications/Unity/Hub/Editor/2022.3.16f1/Unity.app/Contents/Tools/UnityShaderCompiler
Launched and connected shader compiler UnityShaderCompiler after 0.14 seconds
Refreshing native plugins compatible for Editor in 0.22 ms, found 1 plugins.
Preloading 0 native plugins for Editor in 0.00 ms.
Unloading 841 Unused Serialized files (Serialized files now loaded: 0)
Unloading 10 unused Assets / (44.4 KB). Loaded Objects now: 1324.
Memory consumption went from 155.0 MB to 155.0 MB.
Total: 4.390208 ms (FindLiveObjects: 0.148709 ms CreateObjectMapping: 0.038625 ms MarkObjects: 4.074500 ms  DeleteObjects: 0.127417 ms)

AssetImportParameters requested are different than current active one (requested -> active):
  custom:video-encoder-webm-vp8: eb34c28f22e8b96e1ab97ce403110664 -> 
  custom:video-decoder-webm-vp8: 9c59270c3fd7afecdb556c50c9e8de78 -> 
  custom:audio-decoder-ogg-vorbis: bf7c407c2cedff20999df2af8eb42d56 -> 
  custom:SearchIndexIgnoredProperties: e643bd26f0fe6173181afceb89e7c659 -> 
  custom:container-demuxer-ogg: 62fdf1f143b41e24485cea50d1cbac27 -> 
  custom:AudioImporter_EditorPlatform: 3918e3fc78b5a79bad01e8451be0beb8 -> 
  custom:CustomObjectIndexerAttribute: 43b350a4d6e6d1791af0b5038c4bea17 -> 
  custom:container-demuxer-webm: 4f35f7cbe854078d1ac9338744f61a02 -> 
  custom:video-decoder-ogg-theora: a1e56fd34408186e4bbccfd4996cb3dc -> 
  custom:audio-encoder-webm-vorbis: bf7c407c2cedff20999df2af8eb42d56 -> 
  custom:framework-osx-AVFoundation: e770b220cccbd017edd2c1fefb359320 -> 
  custom:container-muxer-webm: aa71ff27fc2769a1b78a27578f13a17b -> 
========================================================================
Received Import Request.
  Time since last request: 1638048.864258 seconds.
  path: Assets/StoneUI/Buttons_512x512/Moss_Yellow/button_moss_yellow40.png
  artifactKey: Guid(ddb46d70661c6d8449ba48f9874f0217) Importer(815301076,1909f56bfc062723c751e8b465ee728b)
Start importing Assets/StoneUI/Buttons_512x512/Moss_Yellow/button_moss_yellow40.png using Guid(ddb46d70661c6d8449ba48f9874f0217) Importer(815301076,1909f56bfc062723c751e8b465ee728b)  -> (artifact id: '2c425d0951f37208a2929af1dc41ec9a') in 0.232418 seconds
Number of updated asset objects reloaded before import = 0
Number of asset objects unloaded after import = 3
========================================================================
Received Import Request.
  Time since last request: 0.393302 seconds.
  path: Assets/StoneUI/Buttons_512x512/Moss_Yellow/button_moss_yellow47.png
  artifactKey: Guid(6ab44fec9f3d54b45b948e292de159cd) Importer(815301076,1909f56bfc062723c751e8b465ee728b)
Start importing Assets/StoneUI/Buttons_512x512/Moss_Yellow/button_moss_yellow47.png using Guid(6ab44fec9f3d54b45b948e292de159cd) Importer(815301076,1909f56bfc062723c751e8b465ee728b)  -> (artifact id: 'afa9ed4c20edbec884f223e0a75f19b4') in 0.012666 seconds
Number of updated asset objects reloaded before import = 0
Number of asset objects unloaded after import = 3
========================================================================
Received Import Request.
  Time since last request: 27.748078 seconds.
  path: Assets/StoneUI/Buttons_512x512/Rock_Violet/button_rock_violet4.png
  artifactKey: Guid(275fda9144d6d874d9fc6f1151733f0a) Importer(815301076,1909f56bfc062723c751e8b465ee728b)
Start importing Assets/StoneUI/Buttons_512x512/Rock_Violet/button_rock_violet4.png using Guid(275fda9144d6d874d9fc6f1151733f0a) Importer(815301076,1909f56bfc062723c751e8b465ee728b)  -> (artifact id: '350b71dc4797db1a16b4a2c5e6e59016') in 0.056098 seconds
Number of updated asset objects reloaded before import = 0
Number of asset objects unloaded after import = 3
========================================================================
Received Import Request.
  Time since last request: 0.000535 seconds.
  path: Assets/StoneUI/Buttons_512x512/Rock_Violet/button_rock_violet6.png
  artifactKey: Guid(37215e0a0844b0b43a5e73dff7a389fb) Importer(815301076,1909f56bfc062723c751e8b465ee728b)
Start importing Assets/StoneUI/Buttons_512x512/Rock_Violet/button_rock_violet6.png using Guid(37215e0a0844b0b43a5e73dff7a389fb) Importer(815301076,1909f56bfc062723c751e8b465ee728b)  -> (artifact id: 'c3836b83d10d4070b6bc533425b1cfa5') in 0.011481 seconds
Number of updated asset objects reloaded before import = 0
Number of asset objects unloaded after import = 3
========================================================================
Received Import Request.
  Time since last request: 0.000878 seconds.
  path: Assets/StoneUI/Buttons_512x512/Rock_Violet/button_rock_violet15.png
  artifactKey: Guid(de4aef2c39ae6f74294b393fa2d25838) Importer(815301076,1909f56bfc062723c751e8b465ee728b)
Start importing Assets/StoneUI/Buttons_512x512/Rock_Violet/button_rock_violet15.png using Guid(de4aef2c39ae6f74294b393fa2d25838) Importer(815301076,1909f56bfc062723c751e8b465ee728b)  -> (artifact id: 'c5093fbc543f71772dc7fa6da4e51280') in 0.014594 seconds
Number of updated asset objects reloaded before import = 0
Number of asset objects unloaded after import = 3
========================================================================
Received Import Request.
  Time since last request: 0.000214 seconds.
  path: Assets/StoneUI/Buttons_512x512/Rock_Violet/button_rock_violet33.png
  artifactKey: Guid(d8c36c0bff4dfaf4db8c0bcbb9813b4c) Importer(815301076,1909f56bfc062723c751e8b465ee728b)
Start importing Assets/StoneUI/Buttons_512x512/Rock_Violet/button_rock_violet33.png using Guid(d8c36c0bff4dfaf4db8c0bcbb9813b4c) Importer(815301076,1909f56bfc062723c751e8b465ee728b)  -> (artifact id: '5de8fd8030c74043f5af47db9e912b00') in 0.016592 seconds
Number of updated asset objects reloaded before import = 0
Number of asset objects unloaded after import = 3
========================================================================
Received Import Request.
  Time since last request: 0.000385 seconds.
  path: Assets/StoneUI/Buttons_512x512/Rock_Violet/button_rock_violet31.png
  artifactKey: Guid(a04785e0587a4b64d9c80453ab487f3f) Importer(815301076,1909f56bfc062723c751e8b465ee728b)
Start importing Assets/StoneUI/Buttons_512x512/Rock_Violet/button_rock_violet31.png using Guid(a04785e0587a4b64d9c80453ab487f3f) Importer(815301076,1909f56bfc062723c751e8b465ee728b)  -> (artifact id: 'dbe15eeac8051e404ff90d1b6a225fe5') in 0.014798 seconds
Number of updated asset objects reloaded before import = 0
Number of asset objects unloaded after import = 3
========================================================================
Received Import Request.
  Time since last request: 0.000633 seconds.
  path: Assets/StoneUI/Buttons_512x512/Rock_Violet/button_rock_violet23.png
  artifactKey: Guid(39a4359091df0014cbcf1dca95cf5797) Importer(815301076,1909f56bfc062723c751e8b465ee728b)
Start importing Assets/StoneUI/Buttons_512x512/Rock_Violet/button_rock_violet23.png using Guid(39a4359091df0014cbcf1dca95cf5797) Importer(815301076,1909f56bfc062723c751e8b465ee728b)  -> (artifact id: 'ca5679359eb9a1b50e591c4cff333f83') in 0.015632 seconds
Number of updated asset objects reloaded before import = 0
Number of asset objects unloaded after import = 3
========================================================================
Received Import Request.
  Time since last request: 0.000364 seconds.
  path: Assets/StoneUI/Buttons_512x512/Rock_Violet/button_rock_violet24.png
  artifactKey: Guid(c0d73eaaecf713f43963a771292c8677) Importer(815301076,1909f56bfc062723c751e8b465ee728b)
Start importing Assets/StoneUI/Buttons_512x512/Rock_Violet/button_rock_violet24.png using Guid(c0d73eaaecf713f43963a771292c8677) Importer(815301076,1909f56bfc062723c751e8b465ee728b)  -> (artifact id: '909d5a3bddfab3f1f4e1081a0e721e1e') in 0.015634 seconds
Number of updated asset objects reloaded before import = 0
Number of asset objects unloaded after import = 3
========================================================================
Received Import Request.
  Time since last request: 0.000556 seconds.
  path: Assets/StoneUI/Buttons_512x512/Rock_Violet/button_rock_violet27.png
  artifactKey: Guid(c3a8f58490720b6459b7175718094a9d) Importer(815301076,1909f56bfc062723c751e8b465ee728b)
Start importing Assets/StoneUI/Buttons_512x512/Rock_Violet/button_rock_violet27.png using Guid(c3a8f58490720b6459b7175718094a9d) Importer(815301076,1909f56bfc062723c751e8b465ee728b)  -> (artifact id: '59e17d86cb43fa04cca3042abcf5db8c') in 0.012020 seconds
Number of updated asset objects reloaded before import = 0
Number of asset objects unloaded after import = 3
========================================================================
Received Import Request.
  Time since last request: 1.877651 seconds.
  path: Assets/StoneUI/Buttons_512x512/Rock_Red/button_rock_red4.png
  artifactKey: Guid(933b4711fa8b07d4ba7e09726966addd) Importer(815301076,1909f56bfc062723c751e8b465ee728b)
Start importing Assets/StoneUI/Buttons_512x512/Rock_Red/button_rock_red4.png using Guid(933b4711fa8b07d4ba7e09726966addd) Importer(815301076,1909f56bfc062723c751e8b465ee728b)  -> (artifact id: 'd4deeced6b82f5e57791c49e35765a17') in 0.010685 seconds
Number of updated asset objects reloaded before import = 0
Number of asset objects unloaded after import = 3
========================================================================
Received Import Request.
  Time since last request: 0.000344 seconds.
  path: Assets/StoneUI/Buttons_512x512/Rock_Red/button_rock_red9.png
  artifactKey: Guid(8d814b825448d344e8fae711363e6624) Importer(815301076,1909f56bfc062723c751e8b465ee728b)
Start importing Assets/StoneUI/Buttons_512x512/Rock_Red/button_rock_red9.png using Guid(8d814b825448d344e8fae711363e6624) Importer(815301076,1909f56bfc062723c751e8b465ee728b)  -> (artifact id: '53866c168a2627d4281d651196b8e4f2') in 0.008681 seconds
Number of updated asset objects reloaded before import = 0
Number of asset objects unloaded after import = 3
========================================================================
Received Import Request.
  Time since last request: 0.000150 seconds.
  path: Assets/StoneUI/Buttons_512x512/Rock_Red/button_rock_red19.png
  artifactKey: Guid(3d44d5ab204f2a143a62e3df8e07a562) Importer(815301076,1909f56bfc062723c751e8b465ee728b)
Start importing Assets/StoneUI/Buttons_512x512/Rock_Red/button_rock_red19.png using Guid(3d44d5ab204f2a143a62e3df8e07a562) Importer(815301076,1909f56bfc062723c751e8b465ee728b)  -> (artifact id: '2942b6a2f00d10c0b736570cc6d1a490') in 0.013795 seconds
Number of updated asset objects reloaded before import = 0
Number of asset objects unloaded after import = 3
========================================================================
Received Import Request.
  Time since last request: 0.000160 seconds.
  path: Assets/StoneUI/Buttons_512x512/Rock_Red/button_rock_red29.png
  artifactKey: Guid(f35eba6beb75ec54ea61188166a4ae5c) Importer(815301076,1909f56bfc062723c751e8b465ee728b)
Start importing Assets/StoneUI/Buttons_512x512/Rock_Red/button_rock_red29.png using Guid(f35eba6beb75ec54ea61188166a4ae5c) Importer(815301076,1909f56bfc062723c751e8b465ee728b)  -> (artifact id: '4faba4901ecf9ca7c6fd81e59245edf6') in 0.009274 seconds
Number of updated asset objects reloaded before import = 0
Number of asset objects unloaded after import = 3
========================================================================
Received Import Request.
  Time since last request: 0.000118 seconds.
  path: Assets/StoneUI/Buttons_512x512/Rock_Red/button_rock_red35.png
  artifactKey: Guid(fc51eb813fa6cd44081830067fb6c3ee) Importer(815301076,1909f56bfc062723c751e8b465ee728b)
Start importing Assets/StoneUI/Buttons_512x512/Rock_Red/button_rock_red35.png using Guid(fc51eb813fa6cd44081830067fb6c3ee) Importer(815301076,1909f56bfc062723c751e8b465ee728b)  -> (artifact id: 'a096f90d6b8e9229b84cbbfc847a004b') in 0.012246 seconds
Number of updated asset objects reloaded before import = 0
Number of asset objects unloaded after import = 3
========================================================================
Received Import Request.
  Time since last request: 0.000243 seconds.
  path: Assets/StoneUI/Buttons_512x512/Rock_Red/button_rock_red17.png
  artifactKey: Guid(117cc69c2922c3c4493b5f54fa93f489) Importer(815301076,1909f56bfc062723c751e8b465ee728b)
Start importing Assets/StoneUI/Buttons_512x512/Rock_Red/button_rock_red17.png using Guid(117cc69c2922c3c4493b5f54fa93f489) Importer(815301076,1909f56bfc062723c751e8b465ee728b)  -> (artifact id: '201faf3686e69b3e1e0046b2b488205e') in 0.010134 seconds
Number of updated asset objects reloaded before import = 0
Number of asset objects unloaded after import = 3
========================================================================
Received Import Request.
  Time since last request: 0.000147 seconds.
  path: Assets/StoneUI/Buttons_512x512/Rock_Red/button_rock_red30.png
  artifactKey: Guid(d22d85e26eb359342b65eb52734bd221) Importer(815301076,1909f56bfc062723c751e8b465ee728b)
Start importing Assets/StoneUI/Buttons_512x512/Rock_Red/button_rock_red30.png using Guid(d22d85e26eb359342b65eb52734bd221) Importer(815301076,1909f56bfc062723c751e8b465ee728b)  -> (artifact id: 'f319780b8a6f8a1aac0e4b39c1b9148d') in 0.011624 seconds
Number of updated asset objects reloaded before import = 0
Number of asset objects unloaded after import = 3
========================================================================
Received Import Request.
  Time since last request: 2.364555 seconds.
  path: Assets/StoneUI/Buttons_512x512/Rock_Gray/button_rock_grey4.png
  artifactKey: Guid(cfb96a5b641367449869fbea473c7ae2) Importer(815301076,1909f56bfc062723c751e8b465ee728b)
Start importing Assets/StoneUI/Buttons_512x512/Rock_Gray/button_rock_grey4.png using Guid(cfb96a5b641367449869fbea473c7ae2) Importer(815301076,1909f56bfc062723c751e8b465ee728b)  -> (artifact id: '184e0b4743c562b260fa77021ca80fad') in 0.013163 seconds
Number of updated asset objects reloaded before import = 0
Number of asset objects unloaded after import = 3
========================================================================
Received Import Request.
  Time since last request: 0.000589 seconds.
  path: Assets/StoneUI/Buttons_512x512/Rock_Gray/button_rock_grey15.png
  artifactKey: Guid(48f1409573c76d6438a3c2117675220d) Importer(815301076,1909f56bfc062723c751e8b465ee728b)
Start importing Assets/StoneUI/Buttons_512x512/Rock_Gray/button_rock_grey15.png using Guid(48f1409573c76d6438a3c2117675220d) Importer(815301076,1909f56bfc062723c751e8b465ee728b)  -> (artifact id: '73e315aa7b8f6e9bbd1e5953a276a9ee') in 0.009220 seconds
Number of updated asset objects reloaded before import = 0
Number of asset objects unloaded after import = 3
========================================================================
Received Import Request.
  Time since last request: 0.000307 seconds.
  path: Assets/StoneUI/Buttons_512x512/Rock_Gray/button_rock_grey26.png
  artifactKey: Guid(c4002dc0b6dad454d95d6aee927c9988) Importer(815301076,1909f56bfc062723c751e8b465ee728b)
Start importing Assets/StoneUI/Buttons_512x512/Rock_Gray/button_rock_grey26.png using Guid(c4002dc0b6dad454d95d6aee927c9988) Importer(815301076,1909f56bfc062723c751e8b465ee728b)  -> (artifact id: '40a366fc6ed7f5c445c9ef21f1f3f551') in 0.009173 seconds
Number of updated asset objects reloaded before import = 0
Number of asset objects unloaded after import = 3
========================================================================
Received Import Request.
  Time since last request: 0.000185 seconds.
  path: Assets/StoneUI/Buttons_512x512/Rock_Gray/button_rock_grey7.png
  artifactKey: Guid(69dcb8b0e24374b40a596cfc54b9a7c0) Importer(815301076,1909f56bfc062723c751e8b465ee728b)
Start importing Assets/StoneUI/Buttons_512x512/Rock_Gray/button_rock_grey7.png using Guid(69dcb8b0e24374b40a596cfc54b9a7c0) Importer(815301076,1909f56bfc062723c751e8b465ee728b)  -> (artifact id: 'e478c83046511e1aacafa0844db41461') in 0.011581 seconds
Number of updated asset objects reloaded before import = 0
Number of asset objects unloaded after import = 3
========================================================================
Received Import Request.
  Time since last request: 0.000136 seconds.
  path: Assets/StoneUI/Buttons_512x512/Rock_Gray/button_rock_grey35.png
  artifactKey: Guid(7b467f9f9d2e1784ea99cf7126b296c5) Importer(815301076,1909f56bfc062723c751e8b465ee728b)
Start importing Assets/StoneUI/Buttons_512x512/Rock_Gray/button_rock_grey35.png using Guid(7b467f9f9d2e1784ea99cf7126b296c5) Importer(815301076,1909f56bfc062723c751e8b465ee728b)  -> (artifact id: 'b67ad57c7a64b66009ca59fbd28515a1') in 0.011637 seconds
Number of updated asset objects reloaded before import = 0
Number of asset objects unloaded after import = 3
========================================================================
Received Import Request.
  Time since last request: 0.000234 seconds.
  path: Assets/StoneUI/Buttons_512x512/Rock_Gray/button_rock_grey29.png
  artifactKey: Guid(888269a7606cb474581ab890eaca3c8f) Importer(815301076,1909f56bfc062723c751e8b465ee728b)
Start importing Assets/StoneUI/Buttons_512x512/Rock_Gray/button_rock_grey29.png using Guid(888269a7606cb474581ab890eaca3c8f) Importer(815301076,1909f56bfc062723c751e8b465ee728b)  -> (artifact id: '23b3999eeb2e3fc6c8b31422450b8f49') in 0.021628 seconds
Number of updated asset objects reloaded before import = 0
Number of asset objects unloaded after import = 3
========================================================================
Received Import Request.
  Time since last request: 0.000291 seconds.
  path: Assets/StoneUI/Buttons_512x512/Rock_Gray/button_rock_grey17.png
  artifactKey: Guid(9540fe1de62aad6479ebeab7e5f79664) Importer(815301076,1909f56bfc062723c751e8b465ee728b)
Start importing Assets/StoneUI/Buttons_512x512/Rock_Gray/button_rock_grey17.png using Guid(9540fe1de62aad6479ebeab7e5f79664) Importer(815301076,1909f56bfc062723c751e8b465ee728b)  -> (artifact id: '7d4cda923a8bab78448f953d23805c6c') in 0.011185 seconds
Number of updated asset objects reloaded before import = 0
Number of asset objects unloaded after import = 3
========================================================================
Received Import Request.
  Time since last request: 8.161639 seconds.
  path: Assets/StoneUI/Buttons_512x512/Rock_Blue/button_rock_blue40.png
  artifactKey: Guid(45899ca76f3feb14b81e3efb062f4ee2) Importer(815301076,1909f56bfc062723c751e8b465ee728b)
Start importing Assets/StoneUI/Buttons_512x512/Rock_Blue/button_rock_blue40.png using Guid(45899ca76f3feb14b81e3efb062f4ee2) Importer(815301076,1909f56bfc062723c751e8b465ee728b)  -> (artifact id: 'd15e6392cb5ca31d6c787b4832848e95') in 0.017220 seconds
Number of updated asset objects reloaded before import = 0
Number of asset objects unloaded after import = 3
========================================================================
Received Import Request.
  Time since last request: 0.017442 seconds.
  path: Assets/StoneUI/Buttons_512x512/Rock_Blue/button_rock_blue47.png
  artifactKey: Guid(c35a75f81d898ed40ae50db319e5b388) Importer(815301076,1909f56bfc062723c751e8b465ee728b)
Start importing Assets/StoneUI/Buttons_512x512/Rock_Blue/button_rock_blue47.png using Guid(c35a75f81d898ed40ae50db319e5b388) Importer(815301076,1909f56bfc062723c751e8b465ee728b)  -> (artifact id: '2797b704cd5728c5b1eb5c77c44a7805') in 0.013135 seconds
Number of updated asset objects reloaded before import = 0
Number of asset objects unloaded after import = 3
========================================================================
Received Import Request.
  Time since last request: 3.580718 seconds.
  path: Assets/StoneUI/Buttons_512x512/Rock_Gray/button_rock_grey40.png
  artifactKey: Guid(3953e31a69557834899ec5e973593cf4) Importer(815301076,1909f56bfc062723c751e8b465ee728b)
Start importing Assets/StoneUI/Buttons_512x512/Rock_Gray/button_rock_grey40.png using Guid(3953e31a69557834899ec5e973593cf4) Importer(815301076,1909f56bfc062723c751e8b465ee728b)  -> (artifact id: '601e0be0c5628b15c33dedf57a063760') in 0.015668 seconds
Number of updated asset objects reloaded before import = 0
Number of asset objects unloaded after import = 3
========================================================================
Received Import Request.
  Time since last request: 0.011474 seconds.
  path: Assets/StoneUI/Buttons_512x512/Rock_Gray/button_rock_grey47.png
  artifactKey: Guid(7a383868c03567f43b04822d73d0035a) Importer(815301076,1909f56bfc062723c751e8b465ee728b)
Start importing Assets/StoneUI/Buttons_512x512/Rock_Gray/button_rock_grey47.png using Guid(7a383868c03567f43b04822d73d0035a) Importer(815301076,1909f56bfc062723c751e8b465ee728b)  -> (artifact id: '4fd2a1a4d5718b1f5cd8d4dc4aa2933e') in 0.012705 seconds
Number of updated asset objects reloaded before import = 0
Number of asset objects unloaded after import = 3
========================================================================
Received Import Request.
  Time since last request: 5.845245 seconds.
  path: Assets/StoneUI/Buttons_512x512/Rock_Red/button_rock_red40.png
  artifactKey: Guid(5f4c0a3d562c54a4aaf4e12098a71cd6) Importer(815301076,1909f56bfc062723c751e8b465ee728b)
Start importing Assets/StoneUI/Buttons_512x512/Rock_Red/button_rock_red40.png using Guid(5f4c0a3d562c54a4aaf4e12098a71cd6) Importer(815301076,1909f56bfc062723c751e8b465ee728b)  -> (artifact id: '7edb1363d22df7d90ec634f208ac6925') in 0.015899 seconds
Number of updated asset objects reloaded before import = 0
Number of asset objects unloaded after import = 3
========================================================================
Received Import Request.
  Time since last request: 0.000559 seconds.
  path: Assets/StoneUI/Buttons_512x512/Rock_Red/button_rock_red43.png
  artifactKey: Guid(a3fd1ebc89178f4489503c48d6ed17c8) Importer(815301076,1909f56bfc062723c751e8b465ee728b)
Start importing Assets/StoneUI/Buttons_512x512/Rock_Red/button_rock_red43.png using Guid(a3fd1ebc89178f4489503c48d6ed17c8) Importer(815301076,1909f56bfc062723c751e8b465ee728b)  -> (artifact id: '93518fb4be4242a16c9a6ffc06f31dbe') in 0.009578 seconds
Number of updated asset objects reloaded before import = 0
Number of asset objects unloaded after import = 3
========================================================================
Received Import Request.
  Time since last request: 0.000226 seconds.
  path: Assets/StoneUI/Buttons_512x512/Rock_Red/button_rock_red49.png
  artifactKey: Guid(a87d11d4aea78a14fb3bc9a3beb11e6f) Importer(815301076,1909f56bfc062723c751e8b465ee728b)
Start importing Assets/StoneUI/Buttons_512x512/Rock_Red/button_rock_red49.png using Guid(a87d11d4aea78a14fb3bc9a3beb11e6f) Importer(815301076,1909f56bfc062723c751e8b465ee728b)  -> (artifact id: 'f87e950a735442f499dec079ef7ae887') in 0.011596 seconds
Number of updated asset objects reloaded before import = 0
Number of asset objects unloaded after import = 3
========================================================================
Received Import Request.
  Time since last request: 3.103722 seconds.
  path: Assets/StoneUI/Buttons_512x512/Rock_Violet/button_rock_violet40.png
  artifactKey: Guid(20fbf63bba92d0743a3ce8104bfcc7fe) Importer(815301076,1909f56bfc062723c751e8b465ee728b)
Start importing Assets/StoneUI/Buttons_512x512/Rock_Violet/button_rock_violet40.png using Guid(20fbf63bba92d0743a3ce8104bfcc7fe) Importer(815301076,1909f56bfc062723c751e8b465ee728b)  -> (artifact id: 'd0b5c78fa5687844898f28e9e56b6ad3') in 0.013368 seconds
Number of updated asset objects reloaded before import = 0
Number of asset objects unloaded after import = 3
========================================================================
Received Import Request.
  Time since last request: 0.017790 seconds.
  path: Assets/StoneUI/Buttons_512x512/Rock_Violet/button_rock_violet46.png
  artifactKey: Guid(82768665d96cee349941f0272a44a6f4) Importer(815301076,1909f56bfc062723c751e8b465ee728b)
Start importing Assets/StoneUI/Buttons_512x512/Rock_Violet/button_rock_violet46.png using Guid(82768665d96cee349941f0272a44a6f4) Importer(815301076,1909f56bfc062723c751e8b465ee728b)  -> (artifact id: '1e77283537bfe44a17410a06635281ad') in 0.018663 seconds
Number of updated asset objects reloaded before import = 0
Number of asset objects unloaded after import = 3
========================================================================
Received Import Request.
  Time since last request: 1.803577 seconds.
  path: Assets/StoneUI/Buttons_512x512/Rock_white/button_white4.png
  artifactKey: Guid(112b57f8a5d596e4cb90c2428861cf3d) Importer(815301076,1909f56bfc062723c751e8b465ee728b)
Start importing Assets/StoneUI/Buttons_512x512/Rock_white/button_white4.png using Guid(112b57f8a5d596e4cb90c2428861cf3d) Importer(815301076,1909f56bfc062723c751e8b465ee728b)  -> (artifact id: '86c653118064eabe9e0a013d3766e854') in 0.009222 seconds
Number of updated asset objects reloaded before import = 0
Number of asset objects unloaded after import = 3
========================================================================
Received Import Request.
  Time since last request: 0.000170 seconds.
  path: Assets/StoneUI/Buttons_512x512/Rock_white/button_white15.png
  artifactKey: Guid(04adb3651caa26e45b4b153868c704b5) Importer(815301076,1909f56bfc062723c751e8b465ee728b)
Start importing Assets/StoneUI/Buttons_512x512/Rock_white/button_white15.png using Guid(04adb3651caa26e45b4b153868c704b5) Importer(815301076,1909f56bfc062723c751e8b465ee728b)  -> (artifact id: '9b4577c8e548fec892f0c287f649c1c9') in 0.015324 seconds
Number of updated asset objects reloaded before import = 0
Number of asset objects unloaded after import = 3
========================================================================
Received Import Request.
  Time since last request: 0.000327 seconds.
  path: Assets/StoneUI/Buttons_512x512/Rock_white/button_white21.png
  artifactKey: Guid(b872fda6cc292934284590ec33a17191) Importer(815301076,1909f56bfc062723c751e8b465ee728b)
Start importing Assets/StoneUI/Buttons_512x512/Rock_white/button_white21.png using Guid(b872fda6cc292934284590ec33a17191) Importer(815301076,1909f56bfc062723c751e8b465ee728b)  -> (artifact id: '8a0edb00a098fc3ccd530021bdb691c1') in 0.016630 seconds
Number of updated asset objects reloaded before import = 0
Number of asset objects unloaded after import = 3
========================================================================
Received Import Request.
  Time since last request: 0.000305 seconds.
  path: Assets/StoneUI/Buttons_512x512/Rock_white/button_white28.png
  artifactKey: Guid(f2ac1706577ae454cbc742b6802b7ec5) Importer(815301076,1909f56bfc062723c751e8b465ee728b)
Start importing Assets/StoneUI/Buttons_512x512/Rock_white/button_white28.png using Guid(f2ac1706577ae454cbc742b6802b7ec5) Importer(815301076,1909f56bfc062723c751e8b465ee728b)  -> (artifact id: '265ca04e5cb1044879d79b12c6622ad5') in 0.008462 seconds
Number of updated asset objects reloaded before import = 0
Number of asset objects unloaded after import = 3
========================================================================
Received Import Request.
  Time since last request: 0.000239 seconds.
  path: Assets/StoneUI/Buttons_512x512/Rock_white/button_white29.png
  artifactKey: Guid(ef926f2ac3fc4c249a0dbfe059209841) Importer(815301076,1909f56bfc062723c751e8b465ee728b)
Start importing Assets/StoneUI/Buttons_512x512/Rock_white/button_white29.png using Guid(ef926f2ac3fc4c249a0dbfe059209841) Importer(815301076,1909f56bfc062723c751e8b465ee728b)  -> (artifact id: 'b0a737d62a08e7652ee9ae281a23556d') in 0.008546 seconds
Number of updated asset objects reloaded before import = 0
Number of asset objects unloaded after import = 3
========================================================================
Received Import Request.
  Time since last request: 0.000865 seconds.
  path: Assets/StoneUI/Buttons_512x512/Rock_white/button_white30.png
  artifactKey: Guid(6cce7063ac899174a8fc5833e363a128) Importer(815301076,1909f56bfc062723c751e8b465ee728b)
Start importing Assets/StoneUI/Buttons_512x512/Rock_white/button_white30.png using Guid(6cce7063ac899174a8fc5833e363a128) Importer(815301076,1909f56bfc062723c751e8b465ee728b)  -> (artifact id: '4dfeabac2d3aa86f9de2f377f4714b94') in 0.009177 seconds
Number of updated asset objects reloaded before import = 0
Number of asset objects unloaded after import = 3
========================================================================
Received Import Request.
  Time since last request: 0.001263 seconds.
  path: Assets/StoneUI/Buttons_512x512/Rock_white/button_white22.png
  artifactKey: Guid(7451780b7a79af545957c607737f5f2f) Importer(815301076,1909f56bfc062723c751e8b465ee728b)
Start importing Assets/StoneUI/Buttons_512x512/Rock_white/button_white22.png using Guid(7451780b7a79af545957c607737f5f2f) Importer(815301076,1909f56bfc062723c751e8b465ee728b)  -> (artifact id: '8feec46a985332d6fc5d39edc1b623d0') in 0.008637 seconds
Number of updated asset objects reloaded before import = 0
Number of asset objects unloaded after import = 3
========================================================================
Received Import Request.
  Time since last request: 0.736726 seconds.
  path: Assets/StoneUI/Buttons_512x512/Rock_white/button_white40.png
  artifactKey: Guid(89c95cc7b47883f438d991e46e5f7a8d) Importer(815301076,1909f56bfc062723c751e8b465ee728b)
Start importing Assets/StoneUI/Buttons_512x512/Rock_white/button_white40.png using Guid(89c95cc7b47883f438d991e46e5f7a8d) Importer(815301076,1909f56bfc062723c751e8b465ee728b)  -> (artifact id: 'a736f4d410715a8529de3503010464f6') in 0.014608 seconds
Number of updated asset objects reloaded before import = 0
Number of asset objects unloaded after import = 3
========================================================================
Received Import Request.
  Time since last request: 0.018089 seconds.
  path: Assets/StoneUI/Buttons_512x512/Rock_white/button_white47.png
  artifactKey: Guid(8e9de01445fe5be4fb06726ad2b77748) Importer(815301076,1909f56bfc062723c751e8b465ee728b)
Start importing Assets/StoneUI/Buttons_512x512/Rock_white/button_white47.png using Guid(8e9de01445fe5be4fb06726ad2b77748) Importer(815301076,1909f56bfc062723c751e8b465ee728b)  -> (artifact id: 'f204d158a40607238b4ee3b601bb9ad6') in 0.010448 seconds
Number of updated asset objects reloaded before import = 0
Number of asset objects unloaded after import = 3
========================================================================
Received Import Request.
  Time since last request: 0.000361 seconds.
  path: Assets/StoneUI/Buttons_512x512/Rock_white/button_white49.png
  artifactKey: Guid(f301d9a9c264bd148970862af82cae6d) Importer(815301076,1909f56bfc062723c751e8b465ee728b)
Start importing Assets/StoneUI/Buttons_512x512/Rock_white/button_white49.png using Guid(f301d9a9c264bd148970862af82cae6d) Importer(815301076,1909f56bfc062723c751e8b465ee728b)  -> (artifact id: '5e899572fccd8d3607663129ef325b57') in 0.010116 seconds
Number of updated asset objects reloaded before import = 0
Number of asset objects unloaded after import = 3
========================================================================
Received Import Request.
  Time since last request: 2.653699 seconds.
  path: Assets/StoneUI/Buttons_512x512/Rock_Yellow/button_rock_yellow4.png
  artifactKey: Guid(e5c94235de667ea4dba2b4afb8282279) Importer(815301076,1909f56bfc062723c751e8b465ee728b)
Start importing Assets/StoneUI/Buttons_512x512/Rock_Yellow/button_rock_yellow4.png using Guid(e5c94235de667ea4dba2b4afb8282279) Importer(815301076,1909f56bfc062723c751e8b465ee728b)  -> (artifact id: '3a8e2336e0a98fd5034413cb246587b4') in 0.011043 seconds
Number of updated asset objects reloaded before import = 0
Number of asset objects unloaded after import = 3
========================================================================
Received Import Request.
  Time since last request: 0.000227 seconds.
  path: Assets/StoneUI/Buttons_512x512/Rock_Yellow/button_rock_yellow14.png
  artifactKey: Guid(b35913d9386529f40adb4cc7a82b4a63) Importer(815301076,1909f56bfc062723c751e8b465ee728b)
Start importing Assets/StoneUI/Buttons_512x512/Rock_Yellow/button_rock_yellow14.png using Guid(b35913d9386529f40adb4cc7a82b4a63) Importer(815301076,1909f56bfc062723c751e8b465ee728b)  -> (artifact id: 'ef4d8d5e51c1d234ff307f396a27e0bd') in 0.010081 seconds
Number of updated asset objects reloaded before import = 0
Number of asset objects unloaded after import = 3
========================================================================
Received Import Request.
  Time since last request: 0.000195 seconds.
  path: Assets/StoneUI/Buttons_512x512/Rock_Yellow/button_rock_yellow7.png
  artifactKey: Guid(e95c56f0f386ae043b71e873bf6792cc) Importer(815301076,1909f56bfc062723c751e8b465ee728b)
Start importing Assets/StoneUI/Buttons_512x512/Rock_Yellow/button_rock_yellow7.png using Guid(e95c56f0f386ae043b71e873bf6792cc) Importer(815301076,1909f56bfc062723c751e8b465ee728b)  -> (artifact id: 'd789ce45b9a8ec967d82f88296f702cd') in 0.011639 seconds
Number of updated asset objects reloaded before import = 0
Number of asset objects unloaded after import = 3
========================================================================
Received Import Request.
  Time since last request: 0.000173 seconds.
  path: Assets/StoneUI/Buttons_512x512/Rock_Yellow/button_rock_yellow9.png
  artifactKey: Guid(78bea32c05efcac42be46519e4416926) Importer(815301076,1909f56bfc062723c751e8b465ee728b)
Start importing Assets/StoneUI/Buttons_512x512/Rock_Yellow/button_rock_yellow9.png using Guid(78bea32c05efcac42be46519e4416926) Importer(815301076,1909f56bfc062723c751e8b465ee728b)  -> (artifact id: 'cae0577c3f1464ce7322942290eeeecb') in 0.009443 seconds
Number of updated asset objects reloaded before import = 0
Number of asset objects unloaded after import = 3
========================================================================
Received Import Request.
  Time since last request: 0.000165 seconds.
  path: Assets/StoneUI/Buttons_512x512/Rock_Yellow/button_rock_yellow17.png
  artifactKey: Guid(466cda644c9860440a27411df01510fe) Importer(815301076,1909f56bfc062723c751e8b465ee728b)
Start importing Assets/StoneUI/Buttons_512x512/Rock_Yellow/button_rock_yellow17.png using Guid(466cda644c9860440a27411df01510fe) Importer(815301076,1909f56bfc062723c751e8b465ee728b)  -> (artifact id: '95892ab9824588cf12469a588ccbf6fe') in 0.010866 seconds
Number of updated asset objects reloaded before import = 0
Number of asset objects unloaded after import = 3
========================================================================
Received Import Request.
  Time since last request: 0.005884 seconds.
  path: Assets/StoneUI/Buttons_512x512/Rock_Yellow/button_rock_yellow34.png
  artifactKey: Guid(ce2b7728951cce04d90e3bdca45e0264) Importer(815301076,1909f56bfc062723c751e8b465ee728b)
Start importing Assets/StoneUI/Buttons_512x512/Rock_Yellow/button_rock_yellow34.png using Guid(ce2b7728951cce04d90e3bdca45e0264) Importer(815301076,1909f56bfc062723c751e8b465ee728b)  -> (artifact id: '2df8d5da32b1a1d04848673f98d31e9a') in 0.013168 seconds
Number of updated asset objects reloaded before import = 0
Number of asset objects unloaded after import = 3
========================================================================
Received Import Request.
  Time since last request: 0.000751 seconds.
  path: Assets/StoneUI/Buttons_512x512/Rock_Yellow/button_rock_yellow36.png
  artifactKey: Guid(fcea55572cc27404db9665849ca29a7c) Importer(815301076,1909f56bfc062723c751e8b465ee728b)
Start importing Assets/StoneUI/Buttons_512x512/Rock_Yellow/button_rock_yellow36.png using Guid(fcea55572cc27404db9665849ca29a7c) Importer(815301076,1909f56bfc062723c751e8b465ee728b)  -> (artifact id: 'aed953cd5fad1e661fee6afb78429eb5') in 0.010557 seconds
Number of updated asset objects reloaded before import = 0
Number of asset objects unloaded after import = 3
========================================================================
Received Import Request.
  Time since last request: 0.979089 seconds.
  path: Assets/StoneUI/Buttons_512x512/Rock_Yellow/button_rock_yellow40.png
  artifactKey: Guid(f9884ce668b06e74aabd06b2fc05f9fd) Importer(815301076,1909f56bfc062723c751e8b465ee728b)
Start importing Assets/StoneUI/Buttons_512x512/Rock_Yellow/button_rock_yellow40.png using Guid(f9884ce668b06e74aabd06b2fc05f9fd) Importer(815301076,1909f56bfc062723c751e8b465ee728b)  -> (artifact id: '674fecda0b83c47391c26e08e7382fdb') in 0.012596 seconds
Number of updated asset objects reloaded before import = 0
Number of asset objects unloaded after import = 3
========================================================================
Received Import Request.
  Time since last request: 0.014284 seconds.
  path: Assets/StoneUI/Buttons_512x512/Rock_Yellow/button_rock_yellow47.png
  artifactKey: Guid(04e3625d3b14f8d43ae173882fc61541) Importer(815301076,1909f56bfc062723c751e8b465ee728b)
Start importing Assets/StoneUI/Buttons_512x512/Rock_Yellow/button_rock_yellow47.png using Guid(04e3625d3b14f8d43ae173882fc61541) Importer(815301076,1909f56bfc062723c751e8b465ee728b)  -> (artifact id: 'a626781d384b374415e228ecef66b925') in 0.015021 seconds
Number of updated asset objects reloaded before import = 0
Number of asset objects unloaded after import = 3
Editor requested this worker to shutdown with reason: Scaling down because of idle timeout
TcpMessagingSession - receive error: operation aborted. errorcode: 89, details: Operation aborted.
AssetImportWorker is now disconnected from the server
Process exiting
