Unity Editor version:    2022.3.16f1 (d2c21f0ef2f1)
Branch:                  2022.3/staging
Build type:              Release
Batch mode:              YES
macOS version:           Version 14.2.1 (Build 23C71)
Darwin version:          23.2.0
Architecture:            arm64
Running under Rosetta:   NO
Available memory:        16384 MB
Using pre-set license
Pro License: YES

COMMAND LINE ARGUMENTS:
/Applications/Unity/Hub/Editor/2022.3.16f1/Unity.app/Contents/MacOS/Unity
-adb2
-batchMode
-noUpm
-name
AssetImportWorker13
-projectPath
/Users/weijia/Game/Vege’tival
-logFile
Logs/AssetImportWorker13.log
-srvPort
53087
Successfully changed project path to: /Users/weijia/Game/Vege’tival
/Users/weijia/Game/Vege’tival
[UnityMemory] Configuration Parameters - Can be set up in boot.config
    "memorysetup-bucket-allocator-granularity=16"
    "memorysetup-bucket-allocator-bucket-count=8"
    "memorysetup-bucket-allocator-block-size=33554432"
    "memorysetup-bucket-allocator-block-count=8"
    "memorysetup-main-allocator-block-size=16777216"
    "memorysetup-thread-allocator-block-size=16777216"
    "memorysetup-gfx-main-allocator-block-size=16777216"
    "memorysetup-gfx-thread-allocator-block-size=16777216"
    "memorysetup-cache-allocator-block-size=4194304"
    "memorysetup-typetree-allocator-block-size=2097152"
    "memorysetup-profiler-bucket-allocator-granularity=16"
    "memorysetup-profiler-bucket-allocator-bucket-count=8"
    "memorysetup-profiler-bucket-allocator-block-size=33554432"
    "memorysetup-profiler-bucket-allocator-block-count=8"
    "memorysetup-profiler-allocator-block-size=16777216"
    "memorysetup-profiler-editor-allocator-block-size=1048576"
    "memorysetup-temp-allocator-size-main=16777216"
    "memorysetup-job-temp-allocator-block-size=2097152"
    "memorysetup-job-temp-allocator-block-size-background=1048576"
    "memorysetup-job-temp-allocator-reduction-small-platforms=262144"
    "memorysetup-allocator-temp-initial-block-size-main=262144"
    "memorysetup-allocator-temp-initial-block-size-worker=262144"
    "memorysetup-temp-allocator-size-background-worker=32768"
    "memorysetup-temp-allocator-size-job-worker=262144"
    "memorysetup-temp-allocator-size-preload-manager=33554432"
    "memorysetup-temp-allocator-size-nav-mesh-worker=65536"
    "memorysetup-temp-allocator-size-audio-worker=65536"
    "memorysetup-temp-allocator-size-cloud-worker=32768"
    "memorysetup-temp-allocator-size-gi-baking-worker=262144"
    "memorysetup-temp-allocator-size-gfx=262144"
Player connection [7914541056] Host "[IP] 192.168.1.101 [Port] 0 [Flags] 2 [Guid] 2771751265 [EditorId] 2771751265 [Version] 1048832 [Id] OSXEditor(0,Weijias-MacBook-Air.local) [Debug] 1 [PackageName] OSXEditor [ProjectName] Editor" joined multi-casting on [225.0.0.222:54997]...

Player connection [7914541056] Host "[IP] 192.168.1.101 [Port] 0 [Flags] 2 [Guid] 2771751265 [EditorId] 2771751265 [Version] 1048832 [Id] OSXEditor(0,Weijias-MacBook-Air.local) [Debug] 1 [PackageName] OSXEditor [ProjectName] Editor" joined alternative multi-casting on [225.0.0.222:34997]...

[Physics::Module] Initialized MultithreadedJobDispatcher with 7 workers.
Refreshing native plugins compatible for Editor in 3.69 ms, found 1 plugins.
Preloading 0 native plugins for Editor in 0.00 ms.
Initialize engine version: 2022.3.16f1 (d2c21f0ef2f1)
[Subsystems] Discovering subsystems at path /Applications/Unity/Hub/Editor/2022.3.16f1/Unity.app/Contents/Resources/UnitySubsystems
[Subsystems] Discovering subsystems at path /Users/weijia/Game/Vege’tival/Assets
GfxDevice: creating device client; threaded=0; jobified=0
 preferred device: Apple M1 (high power)
Metal devices available: 1
0: Apple M1 (high power)
Using device Apple M1 (high power)
Initializing Metal device caps: Apple M1
Initialize mono
Mono path[0] = '/Applications/Unity/Hub/Editor/2022.3.16f1/Unity.app/Contents/Managed'
Mono path[1] = '/Applications/Unity/Hub/Editor/2022.3.16f1/Unity.app/Contents/MonoBleedingEdge/lib/mono/unityjit-macos'
Mono config path = '/Applications/Unity/Hub/Editor/2022.3.16f1/Unity.app/Contents/MonoBleedingEdge/etc'
Using monoOptions --debugger-agent=transport=dt_socket,embedding=1,server=y,suspend=n,address=127.0.0.1:56175
Begin MonoManager ReloadAssembly
Registering precompiled unity dll's ...
Register platform support module: /Applications/Unity/Hub/Editor/2022.3.16f1/Unity.app/Contents/PlaybackEngines/MacStandaloneSupport/UnityEditor.OSXStandalone.Extensions.dll
Registered in 0.003044 seconds.
- Loaded All Assemblies, in  0.730 seconds
Native extension for OSXStandalone target not found
Mono: successfully reloaded assembly
- Finished resetting the current domain, in  0.532 seconds
Domain Reload Profiling: 1262ms
	BeginReloadAssembly (232ms)
		ExecutionOrderSort (0ms)
		DisableScriptedObjects (0ms)
		BackupInstance (0ms)
		ReleaseScriptingObjects (0ms)
		CreateAndSetChildDomain (1ms)
	RebuildCommonClasses (74ms)
	RebuildNativeTypeToScriptingClass (26ms)
	initialDomainReloadingComplete (100ms)
	LoadAllAssembliesAndSetupDomain (297ms)
		LoadAssemblies (232ms)
		RebuildTransferFunctionScriptingTraits (0ms)
		AnalyzeDomain (293ms)
			TypeCache.Refresh (291ms)
				TypeCache.ScanAssembly (259ms)
			ScanForSourceGeneratedMonoScriptInfo (1ms)
			ResolveRequiredComponents (1ms)
	FinalizeReload (532ms)
		ReleaseScriptCaches (0ms)
		RebuildScriptCaches (0ms)
		SetupLoadedEditorAssemblies (419ms)
			LogAssemblyErrors (0ms)
			InitializePlatformSupportModulesInManaged (13ms)
			SetLoadedEditorAssemblies (14ms)
			RefreshPlugins (0ms)
			BeforeProcessingInitializeOnLoad (4ms)
			ProcessInitializeOnLoadAttributes (305ms)
			ProcessInitializeOnLoadMethodAttributes (84ms)
			AfterProcessingInitializeOnLoad (0ms)
			EditorAssembliesLoaded (0ms)
		ExecutionOrderSort2 (0ms)
		AwakeInstancesAfterBackupRestoration (0ms)
========================================================================
Worker process is ready to serve import requests
Begin MonoManager ReloadAssembly
- Loaded All Assemblies, in  0.766 seconds
Refreshing native plugins compatible for Editor in 0.55 ms, found 1 plugins.
Native extension for OSXStandalone target not found
Mono: successfully reloaded assembly
- Finished resetting the current domain, in  0.656 seconds
Domain Reload Profiling: 1423ms
	BeginReloadAssembly (338ms)
		ExecutionOrderSort (0ms)
		DisableScriptedObjects (10ms)
		BackupInstance (0ms)
		ReleaseScriptingObjects (0ms)
		CreateAndSetChildDomain (149ms)
	RebuildCommonClasses (68ms)
	RebuildNativeTypeToScriptingClass (24ms)
	initialDomainReloadingComplete (62ms)
	LoadAllAssembliesAndSetupDomain (273ms)
		LoadAssemblies (316ms)
		RebuildTransferFunctionScriptingTraits (0ms)
		AnalyzeDomain (74ms)
			TypeCache.Refresh (58ms)
				TypeCache.ScanAssembly (39ms)
			ScanForSourceGeneratedMonoScriptInfo (9ms)
			ResolveRequiredComponents (5ms)
	FinalizeReload (657ms)
		ReleaseScriptCaches (0ms)
		RebuildScriptCaches (0ms)
		SetupLoadedEditorAssemblies (363ms)
			LogAssemblyErrors (0ms)
			InitializePlatformSupportModulesInManaged (6ms)
			SetLoadedEditorAssemblies (5ms)
			RefreshPlugins (0ms)
			BeforeProcessingInitializeOnLoad (59ms)
			ProcessInitializeOnLoadAttributes (255ms)
			ProcessInitializeOnLoadMethodAttributes (36ms)
			AfterProcessingInitializeOnLoad (2ms)
			EditorAssembliesLoaded (0ms)
		ExecutionOrderSort2 (0ms)
		AwakeInstancesAfterBackupRestoration (20ms)
Launching external process: /Applications/Unity/Hub/Editor/2022.3.16f1/Unity.app/Contents/Tools/UnityShaderCompiler
Launched and connected shader compiler UnityShaderCompiler after 0.16 seconds
Refreshing native plugins compatible for Editor in 0.79 ms, found 1 plugins.
Preloading 0 native plugins for Editor in 0.00 ms.
Unloading 791 Unused Serialized files (Serialized files now loaded: 0)
Unloading 10 unused Assets / (41.0 KB). Loaded Objects now: 1273.
Memory consumption went from 153.8 MB to 153.8 MB.
Total: 6.646416 ms (FindLiveObjects: 0.133417 ms CreateObjectMapping: 0.040333 ms MarkObjects: 6.312541 ms  DeleteObjects: 0.158917 ms)

AssetImportParameters requested are different than current active one (requested -> active):
  custom:video-encoder-webm-vp8: eb34c28f22e8b96e1ab97ce403110664 -> 
  custom:video-decoder-webm-vp8: 9c59270c3fd7afecdb556c50c9e8de78 -> 
  custom:audio-decoder-ogg-vorbis: bf7c407c2cedff20999df2af8eb42d56 -> 
  custom:video-decoder-ogg-theora: a1e56fd34408186e4bbccfd4996cb3dc -> 
  custom:audio-encoder-webm-vorbis: bf7c407c2cedff20999df2af8eb42d56 -> 
  custom:SearchIndexIgnoredProperties: e643bd26f0fe6173181afceb89e7c659 -> 
  custom:container-demuxer-ogg: 62fdf1f143b41e24485cea50d1cbac27 -> 
  custom:AudioImporter_EditorPlatform: 3918e3fc78b5a79bad01e8451be0beb8 -> 
  custom:CustomObjectIndexerAttribute: 43b350a4d6e6d1791af0b5038c4bea17 -> 
  custom:framework-osx-AVFoundation: e770b220cccbd017edd2c1fefb359320 -> 
  custom:container-demuxer-webm: 4f35f7cbe854078d1ac9338744f61a02 -> 
  custom:scripting/monoscript/fileName/PauseMenuBehavior.cs: 8c30afb95ee69b17ccecb4ab00dd935c -> 3f2bd3700887adafe505f75a1dd51332
  custom:container-muxer-webm: aa71ff27fc2769a1b78a27578f13a17b -> 
========================================================================
Received Import Request.
  Time since last request: 1414495.545148 seconds.
  path: Assets/Free UI Click Sound Effects Pack/AUDIO/Plastic/SFX_UI_Click_Organic_Plastic_Thin_Single_Generic_1.wav
  artifactKey: Guid(d9c9101e75fd29e46b2eaaa92e7605ee) Importer(815301076,1909f56bfc062723c751e8b465ee728b)
Start importing Assets/Free UI Click Sound Effects Pack/AUDIO/Plastic/SFX_UI_Click_Organic_Plastic_Thin_Single_Generic_1.wav using Guid(d9c9101e75fd29e46b2eaaa92e7605ee) Importer(815301076,1909f56bfc062723c751e8b465ee728b)  -> (artifact id: '17d8ff6e14eb97fa057a602727d4b8be') in 0.234427 seconds
Number of updated asset objects reloaded before import = 0
Number of asset objects unloaded after import = 2
========================================================================
Received Import Request.
  Time since last request: 33.675558 seconds.
  path: Assets/Free UI Click Sound Effects Pack/AUDIO/Metallic/SFX_UI_Click_Organic_Metallic_Plastic_Generic_1.wav
  artifactKey: Guid(951b96d96188f9640b12fa2d7fade185) Importer(815301076,1909f56bfc062723c751e8b465ee728b)
Start importing Assets/Free UI Click Sound Effects Pack/AUDIO/Metallic/SFX_UI_Click_Organic_Metallic_Plastic_Generic_1.wav using Guid(951b96d96188f9640b12fa2d7fade185) Importer(815301076,1909f56bfc062723c751e8b465ee728b)  -> (artifact id: 'dd97bcd7a5d20544eea377d6c74fbb9c') in 0.122484 seconds
Number of updated asset objects reloaded before import = 0
Number of asset objects unloaded after import = 2
========================================================================
Received Import Request.
  Time since last request: 11.413008 seconds.
  path: Assets/Free UI Click Sound Effects Pack/AUDIO/Button/SFX_UI_Button_Keyboard_Space_Thick_1.wav
  artifactKey: Guid(89dc6bbba2ae6c54a9e835dbe6fbf288) Importer(815301076,1909f56bfc062723c751e8b465ee728b)
Start importing Assets/Free UI Click Sound Effects Pack/AUDIO/Button/SFX_UI_Button_Keyboard_Space_Thick_1.wav using Guid(89dc6bbba2ae6c54a9e835dbe6fbf288) Importer(815301076,1909f56bfc062723c751e8b465ee728b)  -> (artifact id: '573bca11bc2a7e6ad740f4d49674e0ad') in 0.032407 seconds
Number of updated asset objects reloaded before import = 0
Number of asset objects unloaded after import = 2
========================================================================
Received Import Request.
  Time since last request: 0.000669 seconds.
  path: Assets/Free UI Click Sound Effects Pack/AUDIO/Button/SFX_UI_Button_Organic_Plastic_Thin_Generic_1.wav
  artifactKey: Guid(818ceeca65489e14ab6864f21ac80fd5) Importer(815301076,1909f56bfc062723c751e8b465ee728b)
Start importing Assets/Free UI Click Sound Effects Pack/AUDIO/Button/SFX_UI_Button_Organic_Plastic_Thin_Generic_1.wav using Guid(818ceeca65489e14ab6864f21ac80fd5) Importer(815301076,1909f56bfc062723c751e8b465ee728b)  -> (artifact id: '794ed97598fc2c36744409699235491f') in 0.010337 seconds
Number of updated asset objects reloaded before import = 0
Number of asset objects unloaded after import = 2
========================================================================
Received Import Request.
  Time since last request: 0.000366 seconds.
  path: Assets/Free UI Click Sound Effects Pack/AUDIO/Button/SFX_UI_Button_Organic_Plastic_Thin_Negative_1.wav
  artifactKey: Guid(3d1fc54a2f6df7840a89b832c0c32427) Importer(815301076,1909f56bfc062723c751e8b465ee728b)
Start importing Assets/Free UI Click Sound Effects Pack/AUDIO/Button/SFX_UI_Button_Organic_Plastic_Thin_Negative_1.wav using Guid(3d1fc54a2f6df7840a89b832c0c32427) Importer(815301076,1909f56bfc062723c751e8b465ee728b)  -> (artifact id: 'a6ebe757a5e28164d1f221473e8f9164') in 0.011189 seconds
Number of updated asset objects reloaded before import = 0
Number of asset objects unloaded after import = 2
========================================================================
Received Import Request.
  Time since last request: 0.000675 seconds.
  path: Assets/Free UI Click Sound Effects Pack/AUDIO/Button/SFX_UI_Button_Organic_Plastic_Generic_2.wav
  artifactKey: Guid(aebae0e89d575dc43ae340319487ef87) Importer(815301076,1909f56bfc062723c751e8b465ee728b)
Start importing Assets/Free UI Click Sound Effects Pack/AUDIO/Button/SFX_UI_Button_Organic_Plastic_Generic_2.wav using Guid(aebae0e89d575dc43ae340319487ef87) Importer(815301076,1909f56bfc062723c751e8b465ee728b)  -> (artifact id: '3abe277cacfefd355e79ac04909d7562') in 0.010421 seconds
Number of updated asset objects reloaded before import = 0
Number of asset objects unloaded after import = 2
Editor requested this worker to shutdown with reason: Scaling down because of idle timeout
TcpMessagingSession - receive error: operation aborted. errorcode: 89, details: Operation aborted.
AssetImportWorker is now disconnected from the server
Process exiting
