Unity Editor version:    2022.3.16f1 (d2c21f0ef2f1)
Branch:                  2022.3/staging
Build type:              Release
Batch mode:              YES
macOS version:           Version 14.2.1 (Build 23C71)
Darwin version:          23.2.0
Architecture:            arm64
Running under Rosetta:   NO
Available memory:        16384 MB
Using pre-set license
Pro License: YES

COMMAND LINE ARGUMENTS:
/Applications/Unity/Hub/Editor/2022.3.16f1/Unity.app/Contents/MacOS/Unity
-adb2
-batchMode
-noUpm
-name
AssetImportWorker9
-projectPath
/Users/weijia/Game/Vege’tival
-logFile
Logs/AssetImportWorker9.log
-srvPort
64711
Successfully changed project path to: /Users/weijia/Game/Vege’tival
/Users/weijia/Game/Vege’tival
[UnityMemory] Configuration Parameters - Can be set up in boot.config
    "memorysetup-bucket-allocator-granularity=16"
    "memorysetup-bucket-allocator-bucket-count=8"
    "memorysetup-bucket-allocator-block-size=33554432"
    "memorysetup-bucket-allocator-block-count=8"
    "memorysetup-main-allocator-block-size=16777216"
    "memorysetup-thread-allocator-block-size=16777216"
    "memorysetup-gfx-main-allocator-block-size=16777216"
    "memorysetup-gfx-thread-allocator-block-size=16777216"
    "memorysetup-cache-allocator-block-size=4194304"
    "memorysetup-typetree-allocator-block-size=2097152"
    "memorysetup-profiler-bucket-allocator-granularity=16"
    "memorysetup-profiler-bucket-allocator-bucket-count=8"
    "memorysetup-profiler-bucket-allocator-block-size=33554432"
    "memorysetup-profiler-bucket-allocator-block-count=8"
    "memorysetup-profiler-allocator-block-size=16777216"
    "memorysetup-profiler-editor-allocator-block-size=1048576"
    "memorysetup-temp-allocator-size-main=16777216"
    "memorysetup-job-temp-allocator-block-size=2097152"
    "memorysetup-job-temp-allocator-block-size-background=1048576"
    "memorysetup-job-temp-allocator-reduction-small-platforms=262144"
    "memorysetup-allocator-temp-initial-block-size-main=262144"
    "memorysetup-allocator-temp-initial-block-size-worker=262144"
    "memorysetup-temp-allocator-size-background-worker=32768"
    "memorysetup-temp-allocator-size-job-worker=262144"
    "memorysetup-temp-allocator-size-preload-manager=33554432"
    "memorysetup-temp-allocator-size-nav-mesh-worker=65536"
    "memorysetup-temp-allocator-size-audio-worker=65536"
    "memorysetup-temp-allocator-size-cloud-worker=32768"
    "memorysetup-temp-allocator-size-gi-baking-worker=262144"
    "memorysetup-temp-allocator-size-gfx=262144"
Player connection [7914541056] Host "[IP] 192.168.1.101 [Port] 0 [Flags] 2 [Guid] 2449691425 [EditorId] 2449691425 [Version] 1048832 [Id] OSXEditor(0,Weijias-MacBook-Air.local) [Debug] 1 [PackageName] OSXEditor [ProjectName] Editor" joined multi-casting on [225.0.0.222:54997]...

Player connection [7914541056] Host "[IP] 192.168.1.101 [Port] 0 [Flags] 2 [Guid] 2449691425 [EditorId] 2449691425 [Version] 1048832 [Id] OSXEditor(0,Weijias-MacBook-Air.local) [Debug] 1 [PackageName] OSXEditor [ProjectName] Editor" joined alternative multi-casting on [225.0.0.222:34997]...

[Physics::Module] Initialized MultithreadedJobDispatcher with 7 workers.
Refreshing native plugins compatible for Editor in 1.91 ms, found 1 plugins.
Preloading 0 native plugins for Editor in 0.00 ms.
Initialize engine version: 2022.3.16f1 (d2c21f0ef2f1)
[Subsystems] Discovering subsystems at path /Applications/Unity/Hub/Editor/2022.3.16f1/Unity.app/Contents/Resources/UnitySubsystems
[Subsystems] Discovering subsystems at path /Users/weijia/Game/Vege’tival/Assets
GfxDevice: creating device client; threaded=0; jobified=0
 preferred device: Apple M1 (high power)
Metal devices available: 1
0: Apple M1 (high power)
Using device Apple M1 (high power)
Initializing Metal device caps: Apple M1
Initialize mono
Mono path[0] = '/Applications/Unity/Hub/Editor/2022.3.16f1/Unity.app/Contents/Managed'
Mono path[1] = '/Applications/Unity/Hub/Editor/2022.3.16f1/Unity.app/Contents/MonoBleedingEdge/lib/mono/unityjit-macos'
Mono config path = '/Applications/Unity/Hub/Editor/2022.3.16f1/Unity.app/Contents/MonoBleedingEdge/etc'
Using monoOptions --debugger-agent=transport=dt_socket,embedding=1,server=y,suspend=n,address=127.0.0.1:56318
Begin MonoManager ReloadAssembly
Registering precompiled unity dll's ...
Register platform support module: /Applications/Unity/Hub/Editor/2022.3.16f1/Unity.app/Contents/PlaybackEngines/MacStandaloneSupport/UnityEditor.OSXStandalone.Extensions.dll
Registered in 0.002533 seconds.
- Loaded All Assemblies, in  0.708 seconds
Native extension for OSXStandalone target not found
Mono: successfully reloaded assembly
- Finished resetting the current domain, in  0.342 seconds
Domain Reload Profiling: 1052ms
	BeginReloadAssembly (227ms)
		ExecutionOrderSort (0ms)
		DisableScriptedObjects (0ms)
		BackupInstance (0ms)
		ReleaseScriptingObjects (0ms)
		CreateAndSetChildDomain (1ms)
	RebuildCommonClasses (91ms)
	RebuildNativeTypeToScriptingClass (27ms)
	initialDomainReloadingComplete (113ms)
	LoadAllAssembliesAndSetupDomain (251ms)
		LoadAssemblies (227ms)
		RebuildTransferFunctionScriptingTraits (0ms)
		AnalyzeDomain (247ms)
			TypeCache.Refresh (246ms)
				TypeCache.ScanAssembly (223ms)
			ScanForSourceGeneratedMonoScriptInfo (0ms)
			ResolveRequiredComponents (1ms)
	FinalizeReload (343ms)
		ReleaseScriptCaches (0ms)
		RebuildScriptCaches (0ms)
		SetupLoadedEditorAssemblies (264ms)
			LogAssemblyErrors (0ms)
			InitializePlatformSupportModulesInManaged (8ms)
			SetLoadedEditorAssemblies (9ms)
			RefreshPlugins (0ms)
			BeforeProcessingInitializeOnLoad (3ms)
			ProcessInitializeOnLoadAttributes (189ms)
			ProcessInitializeOnLoadMethodAttributes (56ms)
			AfterProcessingInitializeOnLoad (0ms)
			EditorAssembliesLoaded (0ms)
		ExecutionOrderSort2 (0ms)
		AwakeInstancesAfterBackupRestoration (0ms)
========================================================================
Worker process is ready to serve import requests
Begin MonoManager ReloadAssembly
- Loaded All Assemblies, in  0.370 seconds
Refreshing native plugins compatible for Editor in 0.20 ms, found 1 plugins.
Native extension for OSXStandalone target not found
Mono: successfully reloaded assembly
- Finished resetting the current domain, in  0.343 seconds
Domain Reload Profiling: 713ms
	BeginReloadAssembly (123ms)
		ExecutionOrderSort (0ms)
		DisableScriptedObjects (4ms)
		BackupInstance (0ms)
		ReleaseScriptingObjects (0ms)
		CreateAndSetChildDomain (22ms)
	RebuildCommonClasses (36ms)
	RebuildNativeTypeToScriptingClass (12ms)
	initialDomainReloadingComplete (34ms)
	LoadAllAssembliesAndSetupDomain (164ms)
		LoadAssemblies (194ms)
		RebuildTransferFunctionScriptingTraits (0ms)
		AnalyzeDomain (35ms)
			TypeCache.Refresh (26ms)
				TypeCache.ScanAssembly (16ms)
			ScanForSourceGeneratedMonoScriptInfo (5ms)
			ResolveRequiredComponents (3ms)
	FinalizeReload (343ms)
		ReleaseScriptCaches (0ms)
		RebuildScriptCaches (0ms)
		SetupLoadedEditorAssemblies (202ms)
			LogAssemblyErrors (0ms)
			InitializePlatformSupportModulesInManaged (4ms)
			SetLoadedEditorAssemblies (3ms)
			RefreshPlugins (0ms)
			BeforeProcessingInitializeOnLoad (33ms)
			ProcessInitializeOnLoadAttributes (140ms)
			ProcessInitializeOnLoadMethodAttributes (21ms)
			AfterProcessingInitializeOnLoad (1ms)
			EditorAssembliesLoaded (0ms)
		ExecutionOrderSort2 (0ms)
		AwakeInstancesAfterBackupRestoration (4ms)
Launching external process: /Applications/Unity/Hub/Editor/2022.3.16f1/Unity.app/Contents/Tools/UnityShaderCompiler
Launched and connected shader compiler UnityShaderCompiler after 0.25 seconds
Refreshing native plugins compatible for Editor in 0.25 ms, found 1 plugins.
Preloading 0 native plugins for Editor in 0.00 ms.
Unloading 775 Unused Serialized files (Serialized files now loaded: 0)
Unloading 10 unused Assets / (44.3 KB). Loaded Objects now: 1257.
Memory consumption went from 147.9 MB to 147.9 MB.
Total: 2.678542 ms (FindLiveObjects: 0.047625 ms CreateObjectMapping: 0.018916 ms MarkObjects: 2.532792 ms  DeleteObjects: 0.078625 ms)

AssetImportParameters requested are different than current active one (requested -> active):
  custom:video-encoder-webm-vp8: eb34c28f22e8b96e1ab97ce403110664 -> 
  custom:video-decoder-webm-vp8: 9c59270c3fd7afecdb556c50c9e8de78 -> 
  custom:audio-decoder-ogg-vorbis: bf7c407c2cedff20999df2af8eb42d56 -> 
  custom:video-decoder-ogg-theora: a1e56fd34408186e4bbccfd4996cb3dc -> 
  custom:audio-encoder-webm-vorbis: bf7c407c2cedff20999df2af8eb42d56 -> 
  custom:SearchIndexIgnoredProperties: e643bd26f0fe6173181afceb89e7c659 -> 
  custom:container-demuxer-ogg: 62fdf1f143b41e24485cea50d1cbac27 -> 
  custom:AudioImporter_EditorPlatform: 3918e3fc78b5a79bad01e8451be0beb8 -> 
  custom:CustomObjectIndexerAttribute: 43b350a4d6e6d1791af0b5038c4bea17 -> 
  custom:framework-osx-AVFoundation: e770b220cccbd017edd2c1fefb359320 -> 
  custom:container-demuxer-webm: 4f35f7cbe854078d1ac9338744f61a02 -> 
  custom:container-muxer-webm: aa71ff27fc2769a1b78a27578f13a17b -> 
========================================================================
Received Prepare
Begin MonoManager ReloadAssembly
Thread 0x16df93000 may have been prematurely finalized
- Loaded All Assemblies, in  0.353 seconds
Refreshing native plugins compatible for Editor in 0.30 ms, found 1 plugins.
Native extension for OSXStandalone target not found
Mono: successfully reloaded assembly
- Finished resetting the current domain, in  0.511 seconds
Domain Reload Profiling: 864ms
	BeginReloadAssembly (175ms)
		ExecutionOrderSort (0ms)
		DisableScriptedObjects (14ms)
		BackupInstance (0ms)
		ReleaseScriptingObjects (0ms)
		CreateAndSetChildDomain (36ms)
	RebuildCommonClasses (40ms)
	RebuildNativeTypeToScriptingClass (14ms)
	initialDomainReloadingComplete (22ms)
	LoadAllAssembliesAndSetupDomain (101ms)
		LoadAssemblies (183ms)
		RebuildTransferFunctionScriptingTraits (0ms)
		AnalyzeDomain (10ms)
			TypeCache.Refresh (6ms)
				TypeCache.ScanAssembly (0ms)
			ScanForSourceGeneratedMonoScriptInfo (0ms)
			ResolveRequiredComponents (3ms)
	FinalizeReload (511ms)
		ReleaseScriptCaches (0ms)
		RebuildScriptCaches (0ms)
		SetupLoadedEditorAssemblies (283ms)
			LogAssemblyErrors (0ms)
			InitializePlatformSupportModulesInManaged (4ms)
			SetLoadedEditorAssemblies (4ms)
			RefreshPlugins (0ms)
			BeforeProcessingInitializeOnLoad (42ms)
			ProcessInitializeOnLoadAttributes (196ms)
			ProcessInitializeOnLoadMethodAttributes (36ms)
			AfterProcessingInitializeOnLoad (1ms)
			EditorAssembliesLoaded (0ms)
		ExecutionOrderSort2 (0ms)
		AwakeInstancesAfterBackupRestoration (6ms)
Refreshing native plugins compatible for Editor in 0.28 ms, found 1 plugins.
Preloading 0 native plugins for Editor in 0.00 ms.
Unloading 769 Unused Serialized files (Serialized files now loaded: 0)
Unloading 6 unused Assets / (24.4 KB). Loaded Objects now: 1260.
Memory consumption went from 151.7 MB to 151.7 MB.
Total: 3.471041 ms (FindLiveObjects: 0.061208 ms CreateObjectMapping: 0.024542 ms MarkObjects: 3.350834 ms  DeleteObjects: 0.033625 ms)

Prepare: number of updated asset objects reloaded= 0
AssetImportParameters requested are different than current active one (requested -> active):
  custom:video-encoder-webm-vp8: eb34c28f22e8b96e1ab97ce403110664 -> 
  custom:video-decoder-webm-vp8: 9c59270c3fd7afecdb556c50c9e8de78 -> 
  custom:audio-decoder-ogg-vorbis: bf7c407c2cedff20999df2af8eb42d56 -> 
  custom:video-decoder-ogg-theora: a1e56fd34408186e4bbccfd4996cb3dc -> 
  custom:audio-encoder-webm-vorbis: bf7c407c2cedff20999df2af8eb42d56 -> 
  custom:SearchIndexIgnoredProperties: e643bd26f0fe6173181afceb89e7c659 -> 
  custom:container-demuxer-ogg: 62fdf1f143b41e24485cea50d1cbac27 -> 
  custom:AudioImporter_EditorPlatform: 3918e3fc78b5a79bad01e8451be0beb8 -> 
  custom:CustomObjectIndexerAttribute: 43b350a4d6e6d1791af0b5038c4bea17 -> 
  custom:framework-osx-AVFoundation: e770b220cccbd017edd2c1fefb359320 -> 
  custom:container-demuxer-webm: 4f35f7cbe854078d1ac9338744f61a02 -> 
  custom:container-muxer-webm: aa71ff27fc2769a1b78a27578f13a17b -> 
========================================================================
Received Prepare
Begin MonoManager ReloadAssembly
Thread 0x16df93000 may have been prematurely finalized
- Loaded All Assemblies, in  0.363 seconds
Refreshing native plugins compatible for Editor in 0.29 ms, found 1 plugins.
Native extension for OSXStandalone target not found
Mono: successfully reloaded assembly
- Finished resetting the current domain, in  0.394 seconds
Domain Reload Profiling: 758ms
	BeginReloadAssembly (142ms)
		ExecutionOrderSort (0ms)
		DisableScriptedObjects (12ms)
		BackupInstance (0ms)
		ReleaseScriptingObjects (0ms)
		CreateAndSetChildDomain (30ms)
	RebuildCommonClasses (52ms)
	RebuildNativeTypeToScriptingClass (18ms)
	initialDomainReloadingComplete (27ms)
	LoadAllAssembliesAndSetupDomain (125ms)
		LoadAssemblies (181ms)
		RebuildTransferFunctionScriptingTraits (0ms)
		AnalyzeDomain (10ms)
			TypeCache.Refresh (6ms)
				TypeCache.ScanAssembly (0ms)
			ScanForSourceGeneratedMonoScriptInfo (0ms)
			ResolveRequiredComponents (3ms)
	FinalizeReload (395ms)
		ReleaseScriptCaches (0ms)
		RebuildScriptCaches (0ms)
		SetupLoadedEditorAssemblies (183ms)
			LogAssemblyErrors (0ms)
			InitializePlatformSupportModulesInManaged (4ms)
			SetLoadedEditorAssemblies (4ms)
			RefreshPlugins (0ms)
			BeforeProcessingInitializeOnLoad (31ms)
			ProcessInitializeOnLoadAttributes (123ms)
			ProcessInitializeOnLoadMethodAttributes (21ms)
			AfterProcessingInitializeOnLoad (1ms)
			EditorAssembliesLoaded (0ms)
		ExecutionOrderSort2 (0ms)
		AwakeInstancesAfterBackupRestoration (4ms)
Refreshing native plugins compatible for Editor in 0.22 ms, found 1 plugins.
Preloading 0 native plugins for Editor in 0.00 ms.
Unloading 769 Unused Serialized files (Serialized files now loaded: 0)
Unloading 6 unused Assets / (24.4 KB). Loaded Objects now: 1263.
Memory consumption went from 156.8 MB to 156.8 MB.
Total: 2.670125 ms (FindLiveObjects: 0.052833 ms CreateObjectMapping: 0.019000 ms MarkObjects: 2.565875 ms  DeleteObjects: 0.031750 ms)

Prepare: number of updated asset objects reloaded= 0
AssetImportParameters requested are different than current active one (requested -> active):
  custom:video-encoder-webm-vp8: eb34c28f22e8b96e1ab97ce403110664 -> 
  custom:video-decoder-webm-vp8: 9c59270c3fd7afecdb556c50c9e8de78 -> 
  custom:audio-decoder-ogg-vorbis: bf7c407c2cedff20999df2af8eb42d56 -> 
  custom:video-decoder-ogg-theora: a1e56fd34408186e4bbccfd4996cb3dc -> 
  custom:audio-encoder-webm-vorbis: bf7c407c2cedff20999df2af8eb42d56 -> 
  custom:SearchIndexIgnoredProperties: e643bd26f0fe6173181afceb89e7c659 -> 
  custom:container-demuxer-ogg: 62fdf1f143b41e24485cea50d1cbac27 -> 
  custom:AudioImporter_EditorPlatform: 3918e3fc78b5a79bad01e8451be0beb8 -> 
  custom:CustomObjectIndexerAttribute: 43b350a4d6e6d1791af0b5038c4bea17 -> 
  custom:framework-osx-AVFoundation: e770b220cccbd017edd2c1fefb359320 -> 
  custom:container-demuxer-webm: 4f35f7cbe854078d1ac9338744f61a02 -> 
  custom:container-muxer-webm: aa71ff27fc2769a1b78a27578f13a17b -> 
========================================================================
Received Prepare
Begin MonoManager ReloadAssembly
Thread 0x16df93000 may have been prematurely finalized
- Loaded All Assemblies, in  0.412 seconds
Refreshing native plugins compatible for Editor in 0.24 ms, found 1 plugins.
Native extension for OSXStandalone target not found
Mono: successfully reloaded assembly
- Finished resetting the current domain, in  0.464 seconds
Domain Reload Profiling: 877ms
	BeginReloadAssembly (159ms)
		ExecutionOrderSort (0ms)
		DisableScriptedObjects (5ms)
		BackupInstance (0ms)
		ReleaseScriptingObjects (0ms)
		CreateAndSetChildDomain (34ms)
	RebuildCommonClasses (51ms)
	RebuildNativeTypeToScriptingClass (20ms)
	initialDomainReloadingComplete (37ms)
	LoadAllAssembliesAndSetupDomain (145ms)
		LoadAssemblies (223ms)
		RebuildTransferFunctionScriptingTraits (0ms)
		AnalyzeDomain (11ms)
			TypeCache.Refresh (6ms)
				TypeCache.ScanAssembly (0ms)
			ScanForSourceGeneratedMonoScriptInfo (0ms)
			ResolveRequiredComponents (4ms)
	FinalizeReload (464ms)
		ReleaseScriptCaches (0ms)
		RebuildScriptCaches (0ms)
		SetupLoadedEditorAssemblies (228ms)
			LogAssemblyErrors (0ms)
			InitializePlatformSupportModulesInManaged (4ms)
			SetLoadedEditorAssemblies (4ms)
			RefreshPlugins (0ms)
			BeforeProcessingInitializeOnLoad (35ms)
			ProcessInitializeOnLoadAttributes (163ms)
			ProcessInitializeOnLoadMethodAttributes (21ms)
			AfterProcessingInitializeOnLoad (1ms)
			EditorAssembliesLoaded (0ms)
		ExecutionOrderSort2 (0ms)
		AwakeInstancesAfterBackupRestoration (5ms)
Refreshing native plugins compatible for Editor in 0.25 ms, found 1 plugins.
Preloading 0 native plugins for Editor in 0.00 ms.
Unloading 769 Unused Serialized files (Serialized files now loaded: 0)
Unloading 6 unused Assets / (24.4 KB). Loaded Objects now: 1266.
Memory consumption went from 161.9 MB to 161.9 MB.
Total: 2.893708 ms (FindLiveObjects: 0.056792 ms CreateObjectMapping: 0.021667 ms MarkObjects: 2.780791 ms  DeleteObjects: 0.033833 ms)

Prepare: number of updated asset objects reloaded= 0
AssetImportParameters requested are different than current active one (requested -> active):
  custom:video-encoder-webm-vp8: eb34c28f22e8b96e1ab97ce403110664 -> 
  custom:video-decoder-webm-vp8: 9c59270c3fd7afecdb556c50c9e8de78 -> 
  custom:audio-decoder-ogg-vorbis: bf7c407c2cedff20999df2af8eb42d56 -> 
  custom:video-decoder-ogg-theora: a1e56fd34408186e4bbccfd4996cb3dc -> 
  custom:audio-encoder-webm-vorbis: bf7c407c2cedff20999df2af8eb42d56 -> 
  custom:SearchIndexIgnoredProperties: e643bd26f0fe6173181afceb89e7c659 -> 
  custom:container-demuxer-ogg: 62fdf1f143b41e24485cea50d1cbac27 -> 
  custom:AudioImporter_EditorPlatform: 3918e3fc78b5a79bad01e8451be0beb8 -> 
  custom:CustomObjectIndexerAttribute: 43b350a4d6e6d1791af0b5038c4bea17 -> 
  custom:framework-osx-AVFoundation: e770b220cccbd017edd2c1fefb359320 -> 
  custom:container-demuxer-webm: 4f35f7cbe854078d1ac9338744f61a02 -> 
  custom:container-muxer-webm: aa71ff27fc2769a1b78a27578f13a17b -> 
========================================================================
Received Import Request.
  Time since last request: 1268779.048616 seconds.
  path: Assets/StoneUI/Buttons_512x512/Rock_Violet/button_rock_violet2.png
  artifactKey: Guid(1ca8977e55b89b240ae7cd5ee8add810) Importer(815301076,1909f56bfc062723c751e8b465ee728b)
Start importing Assets/StoneUI/Buttons_512x512/Rock_Violet/button_rock_violet2.png using Guid(1ca8977e55b89b240ae7cd5ee8add810) Importer(815301076,1909f56bfc062723c751e8b465ee728b)  -> (artifact id: 'dd065241aa3cc3ac95713ffbac419c3e') in 0.217225 seconds
Number of updated asset objects reloaded before import = 0
Number of asset objects unloaded after import = 3
========================================================================
Received Import Request.
  Time since last request: 0.000090 seconds.
  path: Assets/StoneUI/Buttons_512x512/Rock_Violet/button_rock_violet6.png
  artifactKey: Guid(37215e0a0844b0b43a5e73dff7a389fb) Importer(815301076,1909f56bfc062723c751e8b465ee728b)
Start importing Assets/StoneUI/Buttons_512x512/Rock_Violet/button_rock_violet6.png using Guid(37215e0a0844b0b43a5e73dff7a389fb) Importer(815301076,1909f56bfc062723c751e8b465ee728b)  -> (artifact id: 'c3836b83d10d4070b6bc533425b1cfa5') in 0.047377 seconds
Number of updated asset objects reloaded before import = 0
Number of asset objects unloaded after import = 3
========================================================================
Received Import Request.
  Time since last request: 0.004985 seconds.
  path: Assets/StoneUI/Buttons_512x512/Rock_Violet/button_rock_violet9.png
  artifactKey: Guid(482ce919f5df3884e8c154daeb67ccbd) Importer(815301076,1909f56bfc062723c751e8b465ee728b)
Start importing Assets/StoneUI/Buttons_512x512/Rock_Violet/button_rock_violet9.png using Guid(482ce919f5df3884e8c154daeb67ccbd) Importer(815301076,1909f56bfc062723c751e8b465ee728b)  -> (artifact id: 'e3d6808d17dacd942432303e13486473') in 0.020143 seconds
Number of updated asset objects reloaded before import = 0
Number of asset objects unloaded after import = 3
========================================================================
Received Import Request.
  Time since last request: 0.002140 seconds.
  path: Assets/StoneUI/Buttons_512x512/Rock_Violet/button_rock_violet10.png
  artifactKey: Guid(2f180cf37918c3442ba311260275fece) Importer(815301076,1909f56bfc062723c751e8b465ee728b)
Start importing Assets/StoneUI/Buttons_512x512/Rock_Violet/button_rock_violet10.png using Guid(2f180cf37918c3442ba311260275fece) Importer(815301076,1909f56bfc062723c751e8b465ee728b)  -> (artifact id: '5d28ffc5f981bcab3faa5c7f04f46534') in 0.017375 seconds
Number of updated asset objects reloaded before import = 0
Number of asset objects unloaded after import = 3
========================================================================
Received Import Request.
  Time since last request: 0.051076 seconds.
  path: Assets/StoneUI/Buttons_512x512/Rock_Violet/button_rock_violet7.png
  artifactKey: Guid(bb170a4159f038d4d92cb8195db2a097) Importer(815301076,1909f56bfc062723c751e8b465ee728b)
Start importing Assets/StoneUI/Buttons_512x512/Rock_Violet/button_rock_violet7.png using Guid(bb170a4159f038d4d92cb8195db2a097) Importer(815301076,1909f56bfc062723c751e8b465ee728b)  -> (artifact id: '8d43d58a0b05eea0ea2ff93766d8606c') in 0.018912 seconds
Number of updated asset objects reloaded before import = 0
Number of asset objects unloaded after import = 3
========================================================================
Received Import Request.
  Time since last request: 0.003126 seconds.
  path: Assets/StoneUI/Buttons_512x512/Rock_Violet/button_rock_violet14.png
  artifactKey: Guid(5cd3dce98d33b1444941ce4b35c7e39f) Importer(815301076,1909f56bfc062723c751e8b465ee728b)
Start importing Assets/StoneUI/Buttons_512x512/Rock_Violet/button_rock_violet14.png using Guid(5cd3dce98d33b1444941ce4b35c7e39f) Importer(815301076,1909f56bfc062723c751e8b465ee728b)  -> (artifact id: '423a10c894fa84b5b85fdbb12b7484ed') in 0.022891 seconds
Number of updated asset objects reloaded before import = 0
Number of asset objects unloaded after import = 3
========================================================================
Received Import Request.
  Time since last request: 0.001350 seconds.
  path: Assets/StoneUI/Buttons_512x512/Rock_Violet/button_rock_violet8.png
  artifactKey: Guid(c8dd966c2ef12634e821ea6eadcc1f5e) Importer(815301076,1909f56bfc062723c751e8b465ee728b)
Start importing Assets/StoneUI/Buttons_512x512/Rock_Violet/button_rock_violet8.png using Guid(c8dd966c2ef12634e821ea6eadcc1f5e) Importer(815301076,1909f56bfc062723c751e8b465ee728b)  -> (artifact id: '4ab91a8214c44219516bf388924c2119') in 0.018712 seconds
Number of updated asset objects reloaded before import = 0
Number of asset objects unloaded after import = 3
========================================================================
Received Import Request.
  Time since last request: 0.002257 seconds.
  path: Assets/StoneUI/Buttons_512x512/Rock_Violet/button_rock_violet11.png
  artifactKey: Guid(413f7365abfdd6a408fb1ea8140e970e) Importer(815301076,1909f56bfc062723c751e8b465ee728b)
Start importing Assets/StoneUI/Buttons_512x512/Rock_Violet/button_rock_violet11.png using Guid(413f7365abfdd6a408fb1ea8140e970e) Importer(815301076,1909f56bfc062723c751e8b465ee728b)  -> (artifact id: 'c29d75634c879eb10a27c524c47a1dc8') in 0.021830 seconds
Number of updated asset objects reloaded before import = 0
Number of asset objects unloaded after import = 3
========================================================================
Received Import Request.
  Time since last request: 0.002439 seconds.
  path: Assets/StoneUI/Buttons_512x512/Rock_Violet/button_rock_violet20.png
  artifactKey: Guid(c8f0d92da6e55594988f9457d79e66d8) Importer(815301076,1909f56bfc062723c751e8b465ee728b)
Start importing Assets/StoneUI/Buttons_512x512/Rock_Violet/button_rock_violet20.png using Guid(c8f0d92da6e55594988f9457d79e66d8) Importer(815301076,1909f56bfc062723c751e8b465ee728b)  -> (artifact id: '8efe76fef07ad3e087108bbe430dadd7') in 0.020344 seconds
Number of updated asset objects reloaded before import = 0
Number of asset objects unloaded after import = 3
========================================================================
Received Import Request.
  Time since last request: 0.000270 seconds.
  path: Assets/StoneUI/Buttons_512x512/Rock_Violet/button_rock_violet18.png
  artifactKey: Guid(0c23954909f2f0248ab3765b1c997851) Importer(815301076,1909f56bfc062723c751e8b465ee728b)
Start importing Assets/StoneUI/Buttons_512x512/Rock_Violet/button_rock_violet18.png using Guid(0c23954909f2f0248ab3765b1c997851) Importer(815301076,1909f56bfc062723c751e8b465ee728b)  -> (artifact id: '120e8a3838bb7d5aeb78bfec9e552fd5') in 0.016187 seconds
Number of updated asset objects reloaded before import = 0
Number of asset objects unloaded after import = 3
========================================================================
Received Import Request.
  Time since last request: 5.885792 seconds.
  path: Assets/StoneUI/Buttons_512x512/Moss_Grey/button_moss_grey5.png
  artifactKey: Guid(eb564301695c9904b9afd65f146d416c) Importer(815301076,1909f56bfc062723c751e8b465ee728b)
Start importing Assets/StoneUI/Buttons_512x512/Moss_Grey/button_moss_grey5.png using Guid(eb564301695c9904b9afd65f146d416c) Importer(815301076,1909f56bfc062723c751e8b465ee728b)  -> (artifact id: '4cbc646ac5d30f5feda9e3b049e8ce2a') in 0.011248 seconds
Number of updated asset objects reloaded before import = 0
Number of asset objects unloaded after import = 3
========================================================================
Received Import Request.
  Time since last request: 0.000176 seconds.
  path: Assets/StoneUI/Buttons_512x512/Moss_Grey/button_moss_grey20.png
  artifactKey: Guid(025d447e391a2864685bdeeea2ce7279) Importer(815301076,1909f56bfc062723c751e8b465ee728b)
Start importing Assets/StoneUI/Buttons_512x512/Moss_Grey/button_moss_grey20.png using Guid(025d447e391a2864685bdeeea2ce7279) Importer(815301076,1909f56bfc062723c751e8b465ee728b)  -> (artifact id: '69ec6056abc6da8a3896d4c8a12261db') in 0.011253 seconds
Number of updated asset objects reloaded before import = 0
Number of asset objects unloaded after import = 3
========================================================================
Received Import Request.
  Time since last request: 0.001649 seconds.
  path: Assets/StoneUI/Buttons_512x512/Moss_Grey/button_moss_grey16.png
  artifactKey: Guid(c359fae7ec9821e458caebd86fc48565) Importer(815301076,1909f56bfc062723c751e8b465ee728b)
Start importing Assets/StoneUI/Buttons_512x512/Moss_Grey/button_moss_grey16.png using Guid(c359fae7ec9821e458caebd86fc48565) Importer(815301076,1909f56bfc062723c751e8b465ee728b)  -> (artifact id: '5035f0faa3a39d32713479da4d79d959') in 0.026892 seconds
Number of updated asset objects reloaded before import = 0
Number of asset objects unloaded after import = 3
========================================================================
Received Import Request.
  Time since last request: 0.008678 seconds.
  path: Assets/StoneUI/Buttons_512x512/Moss_Grey/button_moss_grey15.png
  artifactKey: Guid(4341f42bf4d3ba54c85b6015f17faa3f) Importer(815301076,1909f56bfc062723c751e8b465ee728b)
Start importing Assets/StoneUI/Buttons_512x512/Moss_Grey/button_moss_grey15.png using Guid(4341f42bf4d3ba54c85b6015f17faa3f) Importer(815301076,1909f56bfc062723c751e8b465ee728b)  -> (artifact id: 'cc55575356718bf59df52f27b4a183e5') in 0.016674 seconds
Number of updated asset objects reloaded before import = 0
Number of asset objects unloaded after import = 3
========================================================================
Received Import Request.
  Time since last request: 0.000260 seconds.
  path: Assets/StoneUI/Buttons_512x512/Moss_Grey/button_moss_grey11.png
  artifactKey: Guid(763040013418f5a488fe6e33dd037f03) Importer(815301076,1909f56bfc062723c751e8b465ee728b)
Start importing Assets/StoneUI/Buttons_512x512/Moss_Grey/button_moss_grey11.png using Guid(763040013418f5a488fe6e33dd037f03) Importer(815301076,1909f56bfc062723c751e8b465ee728b)  -> (artifact id: '04718eedc223644422b506ad2b41ce5b') in 0.013495 seconds
Number of updated asset objects reloaded before import = 0
Number of asset objects unloaded after import = 3
========================================================================
Received Import Request.
  Time since last request: 0.000176 seconds.
  path: Assets/StoneUI/Buttons_512x512/Moss_Grey/button_moss_grey12.png
  artifactKey: Guid(2619ff364a5245340accd9735363aafe) Importer(815301076,1909f56bfc062723c751e8b465ee728b)
Start importing Assets/StoneUI/Buttons_512x512/Moss_Grey/button_moss_grey12.png using Guid(2619ff364a5245340accd9735363aafe) Importer(815301076,1909f56bfc062723c751e8b465ee728b)  -> (artifact id: '2641f163a97b356ba91310eb8d51ef00') in 0.012493 seconds
Number of updated asset objects reloaded before import = 0
Number of asset objects unloaded after import = 3
========================================================================
Received Import Request.
  Time since last request: 0.003411 seconds.
  path: Assets/StoneUI/Buttons_512x512/Moss_Grey/button_moss_grey8.png
  artifactKey: Guid(23bf45fbc7bdcbb48b22f220a98b594a) Importer(815301076,1909f56bfc062723c751e8b465ee728b)
Start importing Assets/StoneUI/Buttons_512x512/Moss_Grey/button_moss_grey8.png using Guid(23bf45fbc7bdcbb48b22f220a98b594a) Importer(815301076,1909f56bfc062723c751e8b465ee728b)  -> (artifact id: '70ef3d5a26390f657c4496f1803b1d0e') in 0.013050 seconds
Number of updated asset objects reloaded before import = 0
Number of asset objects unloaded after import = 3
========================================================================
Received Import Request.
  Time since last request: 0.000372 seconds.
  path: Assets/StoneUI/Buttons_512x512/Moss_Grey/button_moss_grey18.png
  artifactKey: Guid(d43195c9f7fbd4a4cbb1a0cd52fe29bc) Importer(815301076,1909f56bfc062723c751e8b465ee728b)
Start importing Assets/StoneUI/Buttons_512x512/Moss_Grey/button_moss_grey18.png using Guid(d43195c9f7fbd4a4cbb1a0cd52fe29bc) Importer(815301076,1909f56bfc062723c751e8b465ee728b)  -> (artifact id: 'b1db0293ae4854d5402fbcf78bc23d42') in 0.011567 seconds
Number of updated asset objects reloaded before import = 0
Number of asset objects unloaded after import = 3
========================================================================
Received Import Request.
  Time since last request: 0.000287 seconds.
  path: Assets/StoneUI/Buttons_512x512/Moss_Grey/button_moss_grey19.png
  artifactKey: Guid(237c90381627c7e41a00baf66e33936d) Importer(815301076,1909f56bfc062723c751e8b465ee728b)
Start importing Assets/StoneUI/Buttons_512x512/Moss_Grey/button_moss_grey19.png using Guid(237c90381627c7e41a00baf66e33936d) Importer(815301076,1909f56bfc062723c751e8b465ee728b)  -> (artifact id: '199277f9eb875011c4a8b5f405a81362') in 0.010198 seconds
Number of updated asset objects reloaded before import = 0
Number of asset objects unloaded after import = 3
========================================================================
Received Import Request.
  Time since last request: 3.080458 seconds.
  path: Assets/StoneUI/Buttons_512x512/Moss_Yellow/button_moss_yellow5.png
  artifactKey: Guid(5a549c7c13ec4bd42a402c590d2e5b5c) Importer(815301076,1909f56bfc062723c751e8b465ee728b)
Start importing Assets/StoneUI/Buttons_512x512/Moss_Yellow/button_moss_yellow5.png using Guid(5a549c7c13ec4bd42a402c590d2e5b5c) Importer(815301076,1909f56bfc062723c751e8b465ee728b)  -> (artifact id: 'ce69074232e516f7423fc6dc384dd27d') in 0.014032 seconds
Number of updated asset objects reloaded before import = 0
Number of asset objects unloaded after import = 3
========================================================================
Received Import Request.
  Time since last request: 0.000821 seconds.
  path: Assets/StoneUI/Buttons_512x512/Moss_Yellow/button_moss_yellow15.png
  artifactKey: Guid(bfe10f0ab2655284984d0b4d771087c5) Importer(815301076,1909f56bfc062723c751e8b465ee728b)
Start importing Assets/StoneUI/Buttons_512x512/Moss_Yellow/button_moss_yellow15.png using Guid(bfe10f0ab2655284984d0b4d771087c5) Importer(815301076,1909f56bfc062723c751e8b465ee728b)  -> (artifact id: 'c9f1b7120a0235694a936dfaf93fc9f1') in 0.010897 seconds
Number of updated asset objects reloaded before import = 0
Number of asset objects unloaded after import = 3
========================================================================
Received Import Request.
  Time since last request: 0.000765 seconds.
  path: Assets/StoneUI/Buttons_512x512/Moss_Yellow/button_moss_yellow10.png
  artifactKey: Guid(5710dbbfb1fd0da46b5af50decae47d1) Importer(815301076,1909f56bfc062723c751e8b465ee728b)
Start importing Assets/StoneUI/Buttons_512x512/Moss_Yellow/button_moss_yellow10.png using Guid(5710dbbfb1fd0da46b5af50decae47d1) Importer(815301076,1909f56bfc062723c751e8b465ee728b)  -> (artifact id: '20c3f004e18829ad55bc630d3d75ace0') in 0.010575 seconds
Number of updated asset objects reloaded before import = 0
Number of asset objects unloaded after import = 3
========================================================================
Received Import Request.
  Time since last request: 0.001336 seconds.
  path: Assets/StoneUI/Buttons_512x512/Moss_Yellow/button_moss_yellow14.png
  artifactKey: Guid(8f5606719d3f7664c86f068035dc201e) Importer(815301076,1909f56bfc062723c751e8b465ee728b)
Start importing Assets/StoneUI/Buttons_512x512/Moss_Yellow/button_moss_yellow14.png using Guid(8f5606719d3f7664c86f068035dc201e) Importer(815301076,1909f56bfc062723c751e8b465ee728b)  -> (artifact id: '9eadc6b19401c0ec73b6a508a66e2678') in 0.011832 seconds
Number of updated asset objects reloaded before import = 0
Number of asset objects unloaded after import = 3
========================================================================
Received Import Request.
  Time since last request: 0.001624 seconds.
  path: Assets/StoneUI/Buttons_512x512/Moss_Yellow/button_moss_yellow18.png
  artifactKey: Guid(c27a421c6bf441f468139ace940905d0) Importer(815301076,1909f56bfc062723c751e8b465ee728b)
Start importing Assets/StoneUI/Buttons_512x512/Moss_Yellow/button_moss_yellow18.png using Guid(c27a421c6bf441f468139ace940905d0) Importer(815301076,1909f56bfc062723c751e8b465ee728b)  -> (artifact id: '343205c45f4b808a0eedc0ebbd7385be') in 0.011388 seconds
Number of updated asset objects reloaded before import = 0
Number of asset objects unloaded after import = 3
========================================================================
Received Import Request.
  Time since last request: 1.854715 seconds.
  path: Assets/StoneUI/Buttons_512x512/Moss_Yellow/button_moss_yellow26.png
  artifactKey: Guid(cc4c65880eca6114d9671390fe4ec74b) Importer(815301076,1909f56bfc062723c751e8b465ee728b)
Start importing Assets/StoneUI/Buttons_512x512/Moss_Yellow/button_moss_yellow26.png using Guid(cc4c65880eca6114d9671390fe4ec74b) Importer(815301076,1909f56bfc062723c751e8b465ee728b)  -> (artifact id: '844674e87ae1b41b9766c90efde95b3f') in 0.020258 seconds
Number of updated asset objects reloaded before import = 0
Number of asset objects unloaded after import = 3
========================================================================
Received Import Request.
  Time since last request: 0.549028 seconds.
  path: Assets/StoneUI/Buttons_512x512/Moss_Yellow/button_moss_yellow31.png
  artifactKey: Guid(2654d4fc5d570b64787dff29648102c3) Importer(815301076,1909f56bfc062723c751e8b465ee728b)
Start importing Assets/StoneUI/Buttons_512x512/Moss_Yellow/button_moss_yellow31.png using Guid(2654d4fc5d570b64787dff29648102c3) Importer(815301076,1909f56bfc062723c751e8b465ee728b)  -> (artifact id: 'b063626d2939f4f772350e7819f59190') in 0.015647 seconds
Number of updated asset objects reloaded before import = 0
Number of asset objects unloaded after import = 3
========================================================================
Received Import Request.
  Time since last request: 0.762307 seconds.
  path: Assets/StoneUI/Buttons_512x512/Moss_Yellow/button_moss_yellow36.png
  artifactKey: Guid(45b2466741b598b47885fe7933455c41) Importer(815301076,1909f56bfc062723c751e8b465ee728b)
Start importing Assets/StoneUI/Buttons_512x512/Moss_Yellow/button_moss_yellow36.png using Guid(45b2466741b598b47885fe7933455c41) Importer(815301076,1909f56bfc062723c751e8b465ee728b)  -> (artifact id: 'ecd7bbf4fecd1f03c8e5332ded396fc6') in 0.013482 seconds
Number of updated asset objects reloaded before import = 0
Number of asset objects unloaded after import = 3
========================================================================
Received Import Request.
  Time since last request: 0.523542 seconds.
  path: Assets/StoneUI/Buttons_512x512/Moss_Yellow/button_moss_yellow41.png
  artifactKey: Guid(359db3d2c6a8da247b8812c91751a9c2) Importer(815301076,1909f56bfc062723c751e8b465ee728b)
Start importing Assets/StoneUI/Buttons_512x512/Moss_Yellow/button_moss_yellow41.png using Guid(359db3d2c6a8da247b8812c91751a9c2) Importer(815301076,1909f56bfc062723c751e8b465ee728b)  -> (artifact id: 'a0c2ad0f5909d89f994110559073f89e') in 0.013222 seconds
Number of updated asset objects reloaded before import = 0
Number of asset objects unloaded after import = 3
========================================================================
Received Import Request.
  Time since last request: 0.077907 seconds.
  path: Assets/StoneUI/Buttons_512x512/Moss_Yellow/button_moss_yellow46.png
  artifactKey: Guid(58dc776e3a5ae2d4fbc890a2cf77cbc1) Importer(815301076,1909f56bfc062723c751e8b465ee728b)
Start importing Assets/StoneUI/Buttons_512x512/Moss_Yellow/button_moss_yellow46.png using Guid(58dc776e3a5ae2d4fbc890a2cf77cbc1) Importer(815301076,1909f56bfc062723c751e8b465ee728b)  -> (artifact id: '532422159121a00c96e0b85f404a7f52') in 0.010218 seconds
Number of updated asset objects reloaded before import = 0
Number of asset objects unloaded after import = 3
Editor requested this worker to shutdown with reason: Scaling down because of idle timeout
TcpMessagingSession - receive error: operation aborted. errorcode: 89, details: Operation aborted.
AssetImportWorker is now disconnected from the server
Process exiting
